

 SAP2000 v24.1.0 Ultimate 64-bit (Analysis Build 9917/64)
 File: H:\Doctora\Thesis\model...namic-elastic\wall-1element-dynamic-elastic.LOG




 B E G I N   A N A L Y S I S                                2023/09/28  07:09:31


 RUNNING ANALYSIS WITHIN THE GUI PROCESS
 USING THE ADVANCED SOLVER (PROVIDES LIMITED INSTABILITY INFORMATION)

 NUMBER OF JOINTS                          =           4
    WITH RESTRAINTS                        =           2
 NUMBER OF PLANE ELEMENTS                  =           1
 NUMBER OF LOAD PATTERNS                   =           2
 NUMBER OF ACCELERATION LOADS              =           9
 NUMBER OF LOAD CASES                      =           3
 NUMBER OF MASS SOURCES                    =           1

 UNITS (FORCE, LENGTH, TEMPERATURE, TIME)  = N, m, °C, sec
 GRAVITATIONAL ACCELERATION                =    9.806650

 ADDRESSABLE PHYSICAL MEMORY (RAM)         =       3.888 GB

 PARALLELIZATION OF ANALYSIS OPERATIONS:
  (Env. variable SAPFIRE_NUM_THREADS not set)
 NUMBER OF THREADS: STATE (AUTOMATIC)      =           2
 NUMBER OF THREADS: STIFFNESS (AUTOMATIC)  =           2
 NUMBER OF THREADS: EVENT (AUTOMATIC)      =           2
 NUMBER OF THREADS: MOVE (AUTOMATIC)       =           2
 NUMBER OF THREADS: RESPONSE (AUTOMATIC)   =           2
 NUMBER OF THREADS: SOLVE (AUTOMATIC)      =           2
 NUMBER OF THREADS: FORM (AUTOMATIC)       =           2


 E L E M E N T   F O R M A T I O N                                      07:09:31



 L I N E A R   E Q U A T I O N   S O L U T I O N                        07:09:32

 FORMING STIFFNESS AT ZERO (UNSTRESSED) INITIAL CONDITIONS

 TOTAL NUMBER OF EQUILIBRIUM EQUATIONS     =           4
 NUMBER OF NON-ZERO STIFFNESS TERMS        =          10

 ---------------------------------
 BASIC STABILITY CHECK FOR LINEAR LOAD CASES:
    NUMBER OF NEGATIVE STIFFNESS EIGENVALUES SHOULD BE ZERO FOR STABILITY.
    (NOTE: FURTHER CHECKS SHOULD BE CONSIDERED AS DEEMED NECESSARY,
     SUCH AS REVIEWING EIGEN MODES FOR MECHANISMS AND RIGID-BODY MOTION)

    NUMBER OF NEGATIVE EIGENVALUES         =           0,  OK.
 ---------------------------------


 L I N E A R   S T A T I C   C A S E S                                  07:09:32

 USING STIFFNESS AT ZERO (UNSTRESSED) INITIAL CONDITIONS

 TOTAL NUMBER OF CASES TO SOLVE            =           1
 NUMBER OF CASES TO SOLVE PER BLOCK        =           1

 LINEAR STATIC CASES TO BE SOLVED:

 CASE: POINT


 E I G E N   M O D A L   A N A L Y S I S                                07:09:32

 CASE: MODAL

 USING STIFFNESS AT ZERO (UNSTRESSED) INITIAL CONDITIONS

 NUMBER OF STIFFNESS DEGREES OF FREEDOM    =           4
 NUMBER OF MASS DEGREES OF FREEDOM         =           4
 MAXIMUM NUMBER OF EIGEN MODES SOUGHT      =          12
 MINIMUM NUMBER OF EIGEN MODES SOUGHT      =           1
 NUMBER OF RESIDUAL-MASS MODES SOUGHT      =           0
 NUMBER OF SUBSPACE VECTORS USED           =           4
 RELATIVE CONVERGENCE TOLERANCE            =    1.00E-09

 FREQUENCY SHIFT  (CENTER) (CYC/TIME)      =     .000000
 FREQUENCY CUTOFF (RADIUS) (CYC/TIME)      =  -INFINITY-
 ALLOW AUTOMATIC FREQUENCY SHIFTING        =         YES

 * * * I N F O * * *
 NUMBER OF MODES SOUGHT REDUCED TO THE NUMBER OF MASS DEGREES OF FREEDOM



 Original stiffness at shift : EV= 0.0000000E+00, f=     .000000, T=  -INFINITY-
 Number of eigenvalues below shift =      0

 Iteration    Approximations to next 4 eigenvalues, from shift EV= 0.0000000E+00
       1   4.2432849E+09 1.5833619E+10 3.2941563E+10 6.4960032E+10

 Found mode      1 of      4:  EV= 4.2432849E+09, f=   10367.433, T=    9.65E-05
 Found mode      2 of      4:  EV= 1.5833619E+10, f=   20026.738, T=    4.99E-05
 Found mode      3 of      4:  EV= 3.2941563E+10, f=   28886.321, T=    3.46E-05
 Found mode      4 of      4:  EV= 6.4960032E+10, f=   40564.231, T=    2.47E-05

 NUMBER OF EIGEN MODES FOUND               =           4
 NUMBER OF ITERATIONS PERFORMED            =           1
 NUMBER OF STIFFNESS SHIFTS                =           0


 L I N E A R   M O D A L   H I S T O R Y   A N A L Y S I S              07:09:32

 CASE: ELASTIC-0.02
 ANALYSIS TYPE                             =      LINEAR
 USING MODES FROM CASE: MODAL
 NUMBER OF DYNAMIC MODES TO BE USED        =           4
 NUMBER OF STATIC-LOAD MODES TO BE USED    =           1
 MODES ARE TREATED AS STATIC BELOW PERIOD  =    1.0E-101

 TOTAL HISTORY LENGTH (TIME)               =    1.000000
 LENGTH OF TIME-STEPS (TIME)               =    0.020000
 NUMBER OF TIME-STEPS TO BE INTEGRATED     =          50


 EFFECTIVE MODAL DAMPING RATIOS (CROSS-COUPLING TERMS ARE NEGLECTED)
       1    9.65E-05     .000000
       2    4.99E-05     .000000
       3    3.46E-05     .000000
       4    2.47E-05     .000000
   Time-step    Load-step     Sub-step    Iteration   Sub-steps/  Iterations/
      number       number       number       number    load-step     sub-step

           1           10           10            0            1            0
           2           20           20            0            1            0
           3           30           30            0            1            0
           4           40           40            0            1            0
           5           50           50            0            1            0
           6           60           60            0            1            0
           7           70           70            0            1            0
           8           80           80            0            1            0
           9           90           90            0            1            0
          10          100          100            0            1            0
          11          110          110            0            1            0
          12          120          120            0            1            0
          13          130          130            0            1            0
          14          140          140            0            1            0
          15          150          150            0            1            0
          16          160          160            0            1            0
          17          170          170            0            1            0
          18          180          180            0            1            0
          19          190          190            0            1            0
          20          200          200            0            1            0
          21          210          210            0            1            0
          22          220          220            0            1            0
          23          230          230            0            1            0
          24          240          240            0            1            0
          25          250          250            0            1            0
          26          260          260            0            1            0
          27          270          270            0            1            0
          28          280          280            0            1            0
          29          290          290            0            1            0
          30          300          300            0            1            0
          31          310          310            0            1            0
          32          320          320            0            1            0
          33          330          330            0            1            0
          34          340          340            0            1            0
          35          350          350            0            1            0
          36          360          360            0            1            0
          37          370          370            0            1            0
          38          380          380            0            1            0
          39          390          390            0            1            0
          40          400          400            0            1            0
          41          410          410            0            1            0
          42          420          420            0            1            0
          43          430          430            0            1            0
          44          440          440            0            1            0
          45          450          450            0            1            0
          46          460          460            0            1            0
          47          470          470            0            1            0
          48          480          480            0            1            0
          49          490          490            0            1            0
          50          500          500            0            1            0

 TOTAL NUMBER OF TIME-STEPS COMPLETED      =          50
 TOTAL NUMBER OF LOAD-STEPS COMPLETED      =         500


 A N A L Y S I S   C O M P L E T E                          2023/09/28  07:09:32
