

 SAP2000 v24.1.0 Ultimate 64-bit (Analysis Build 9917/64)
 File: H:\Doctora\Thesis\model...lastic\truss-kassimali-115-static-inelastic.LOG




 B E G I N   A N A L Y S I S                                2024/04/06  10:50:10


 RUNNING ANALYSIS WITHIN THE GUI PROCESS
 USING THE ADVANCED SOLVER (PROVIDES LIMITED INSTABILITY INFORMATION)

 NUMBER OF JOINTS                          =           4
    WITH RESTRAINTS                        =           3
 NUMBER OF FRAME/CABLE/TENDON ELEMENTS     =           5
 NUMBER OF LOAD PATTERNS                   =           1
 NUMBER OF ACCELERATION LOADS              =           9
 NUMBER OF LOAD CASES                      =           1
 NUMBER OF MASS SOURCES                    =           1

 UNITS (FORCE, LENGTH, TEMPERATURE, TIME)  = N, m, °C, sec
 GRAVITATIONAL ACCELERATION                =    9.806650

 ADDRESSABLE PHYSICAL MEMORY (RAM)         =       3.888 GB

 PARALLELIZATION OF ANALYSIS OPERATIONS:
  (Env. variable SAPFIRE_NUM_THREADS not set)
 NUMBER OF THREADS: STATE (AUTOMATIC)      =           2
 NUMBER OF THREADS: STIFFNESS (AUTOMATIC)  =           2
 NUMBER OF THREADS: EVENT (AUTOMATIC)      =           2
 NUMBER OF THREADS: MOVE (AUTOMATIC)       =           2
 NUMBER OF THREADS: RESPONSE (AUTOMATIC)   =           2
 NUMBER OF THREADS: SOLVE (AUTOMATIC)      =           2
 NUMBER OF THREADS: FORM (AUTOMATIC)       =           2


 N O N L I N E A R   S T A T I C   A N A L Y S I S                      10:50:10

 CASE: INELASTIC

 STARTING FROM ZERO (UNSTRESSED) INITIAL CONDITIONS

 LOAD CONTROL TYPE                         =       FORCE
 TYPE OF GEOMETRIC NONLINEARITY            =        NONE
 USE EVENT STEPPING                        =         YES
 USE ITERATION                             =         YES
 USE LINE SEARCH                           =          NO
 EVENT LUMPING TOLERANCE                   =    0.010000
 FORCE CONVERGENCE TOLERANCE (RELATIVE)    =    0.000100


 E L E M E N T   F O R M A T I O N                                      10:50:10


 Negative iterations are Constant-Stiffness
 Positive iterations are Newton-Raphson

  Saved    Null   Total  Iteration   Relative  Curr Step   Curr Sum    Max Sum
  Steps   Steps   Steps  this Step  Unbalance       Size   of Steps   of Steps
 (    1      50     200     -10/40   1.000000   1.000000   1.000000   1.000000)

      0       0       1  Conv   -1   4.56E-13   0.918140   0.918140   0.918140
      0       0       2  Conv   -1    .000000   0.081860   1.000000   1.000000

 ----------------------------------------
 BASIC STABILITY CHECK FOR FORCE-CONTROLLED NONLINEAR STATIC LOAD CASES:
    NUMBER OF NEGATIVE STIFFNESS EIGENVALUES SHOULD BE ZERO FOR STABILITY.
    (NOTE: FURTHER CHECKS SHOULD BE CONSIDERED AS DEEMED NECESSARY)

    NUMBER FOUND AT FINAL CONVERGED STATE  =           0,  OK.
 ----------------------------------------

 NUMBER OF STIFFNESS FORMATIONS/SOLUTIONS  =           3

 TIME FOR INITIALIZING ANALYSIS            =        0.02
 TIME FOR CONTROLLING ANALYSIS             =        0.00
 TIME FOR UPDATING LOADS AND STATE         =        0.00
 TIME FOR FORMING STIFFNESS MATRIX         =        0.00
 TIME FOR SOLVING STIFFNESS MATRIX         =        0.00
 TIME FOR CALCULATING DISPLACEMENTS        =        0.00
 TIME FOR DETERMINING EVENTS               =        0.00
 TIME FOR SAVING RESULTS                   =        0.00
                                               ----------
 TOTAL TIME FOR THIS ANALYSIS              =        0.02


 A N A L Y S I S   C O M P L E T E                          2024/04/06  10:50:10
