

 SAP2000 v24.2.0 Ultimate 64-bit (Analysis Build 9931/64)
 File: D:\Documentations\Educa...s - V24\1story-dynamic\1story-1span-dynamic.LOG




 B E G I N   A N A L Y S I S                                2023/06/18  05:27:40


 RUNNING ANALYSIS WITHIN THE GUI PROCESS
 USING THE ADVANCED SOLVER (PROVIDES LIMITED INSTABILITY INFORMATION)

 NUMBER OF JOINTS                          =           5
    WITH RESTRAINTS                        =           2
 NUMBER OF FRAME/CABLE/TENDON ELEMENTS     =           4
 NUMBER OF LOAD PATTERNS                   =           2
 NUMBER OF ACCELERATION LOADS              =           9
 NUMBER OF LOAD CASES                      =           1
 NUMBER OF MASS SOURCES                    =           1

 UNITS (FORCE, LENGTH, TEMPERATURE, TIME)  = N, m, °C, sec
 GRAVITATIONAL ACCELERATION                =    9.806650

 ADDRESSABLE PHYSICAL MEMORY (RAM)         =      11.907 GB

 PARALLELIZATION OF ANALYSIS OPERATIONS:
  (Env. variable SAPFIRE_NUM_THREADS not set)
 NUMBER OF THREADS: STATE (AUTOMATIC)      =           4
 NUMBER OF THREADS: STIFFNESS (AUTOMATIC)  =           4
 NUMBER OF THREADS: EVENT (AUTOMATIC)      =           4
 NUMBER OF THREADS: MOVE (AUTOMATIC)       =           4
 NUMBER OF THREADS: RESPONSE (AUTOMATIC)   =           4
 NUMBER OF THREADS: SOLVE (AUTOMATIC)      =           4
 NUMBER OF THREADS: FORM (AUTOMATIC)       =           4


 N O N L I N   D I R E C T   H I S T O R Y   A N A L Y S I S            05:27:40

 CASE: NONLINEAR - 0.002

 STARTING FROM ZERO (UNSTRESSED) INITIAL CONDITIONS

 TIME INTEGRATION METHOD                   = HILBER-HUGHES-TAYLOR ALPHA
 STIFFNESS INTEGRATION FACTOR              =    1.500000
 DAMPING INTEGRATION FACTOR                =    1.000000
 MASS INTEGRATION FACTOR                   =    1.000000
 TYPE OF GEOMETRIC NONLINEARITY            =        NONE
 USE EVENT STEPPING                        =          NO
 USE ITERATION                             =         YES
 USE LINE SEARCH                           =         YES
 FORCE CONVERGENCE TOLERANCE (RELATIVE)    =    0.000100
 LINE-SEARCH ACCEPTANCE TOLERANCE          =    0.100000

 MASS AND STIFFNESS PROPORTIONAL DAMPING (EXCLUDES MATERIAL DAMPING)
 MASS-PROPORTIONAL COEFFICIENT             =    1.427138
 STIFFNESS-PROPORTIONAL COEFFICIENT        =    0.001162


 E L E M E N T   F O R M A T I O N                                      05:27:40


 Negative iterations are Constant-Stiffness
 Positive iterations are Newton-Raphson

          Saved     Null    Total  Iteration   Relative  Time Step    Current
          Steps    Steps    Steps  this Step  Unbalance       Size       Time
 Limit      501        0        0     -10/40   1.000000   0.002000   1.002000

 Curr         1        0        1          0 100000.000   0.002000    .000000
 Curr         1        0        1  Conv   -1   4.91E-12   0.002000   0.002000
 Curr         2        0        2          0  31256.779   0.002000   0.002000
 Curr         2        0        2  Conv   -1   1.36E-11   0.002000   0.004000
 Curr         3        0        3          0  16172.328   0.002000   0.004000
 Curr         3        0        3  Conv   -1   7.38E-12   0.002000   0.006000
 Curr         4        0        4          0   8961.876   0.002000   0.006000
 Curr         4        0        4  Conv   -1   1.32E-11   0.002000   0.008000
 Curr         5        0        5          0   5501.269   0.002000   0.008000
 Curr         5        0        5  Conv   -1   9.34E-12   0.002000   0.010000
 Curr         6        0        6          0   3671.322   0.002000   0.010000
 Curr         6        0        6  Conv   -1   9.50E-12   0.002000   0.012000
 Curr         7        0        7          0   2455.532   0.002000   0.012000
 Curr         7        0        7  Conv   -1   6.49E-12   0.002000   0.014000
 Curr         8        0        8          0   1665.965   0.002000   0.014000
 Curr         8        0        8  Conv   -1   4.71E-12   0.002000   0.016000
 Curr         9        0        9          0   1146.871   0.002000   0.016000
 Curr         9        0        9  Conv   -1   1.11E-11   0.002000   0.018000
 Curr        10        0       10          0 786.355677   0.002000   0.018000
 Curr        10        0       10  Conv   -1   8.92E-12   0.002000   0.020000
 Curr        11        0       11          0 517.920453   0.002000   0.020000
 Curr        11        0       11  Conv   -1   4.50E-12   0.002000   0.022000
 Curr        12        0       12          0 490.412428   0.002000   0.022000
 Curr        12        0       12  Conv   -1   9.78E-12   0.002000   0.024000
 Curr        13        0       13          0 535.783014   0.002000   0.024000
 Curr        13        0       13  Conv   -1   7.47E-12   0.002000   0.026000
 Curr        14        0       14          0 584.019947   0.002000   0.026000
 Curr        14        0       14  Conv   -1   8.26E-12   0.002000   0.028000
 Curr        15        0       15          0 625.679070   0.002000   0.028000
 Curr        15        0       15  Conv   -1   6.27E-12   0.002000   0.030000
 Curr        16        0       16          0 653.589249   0.002000   0.030000
 Curr        16        0       16  Conv   -1   8.82E-12   0.002000   0.032000
 Curr        17        0       17          0 666.821018   0.002000   0.032000
 Curr        17        0       17  Conv   -1   1.31E-11   0.002000   0.034000
 Curr        18        0       18          0 667.382637   0.002000   0.034000
 Curr        18        0       18  Conv   -1   2.14E-12   0.002000   0.036000
 Curr        19        0       19          0 656.674669   0.002000   0.036000
 Curr        19        0       19  Conv   -1   6.76E-12   0.002000   0.038000
 Curr        20        0       20          0 636.064715   0.002000   0.038000
 Curr        20        0       20  Conv   -1   1.48E-11   0.002000   0.040000
 Curr        21        0       21          0 397.516732   0.002000   0.040000
 Curr        21        0       21  Conv   -1   5.33E-12   0.002000   0.042000
 Curr        22        0       22          0 364.695499   0.002000   0.042000
 Curr        22        0       22  Conv   -1   2.36E-11   0.002000   0.044000
 Curr        23        0       23          0 351.152744   0.002000   0.044000
 Curr        23        0       23  Conv   -1   6.37E-12   0.002000   0.046000
 Curr        24        0       24          0 314.905960   0.002000   0.046000
 Curr        24        0       24  Conv   -1   1.45E-11   0.002000   0.048000
 Curr        25        0       25          0 284.483510   0.002000   0.048000
 Curr        25        0       25  Conv   -1   3.43E-12   0.002000   0.050000
 Curr        26        0       26          0 259.315042   0.002000   0.050000
 Curr        26        0       26  Conv   -1   1.01E-11   0.002000   0.052000
 Curr        27        0       27          0 232.046747   0.002000   0.052000
 Curr        27        0       27  Conv   -1   4.75E-12   0.002000   0.054000
 Curr        28        0       28          0 205.881234   0.002000   0.054000
 Curr        28        0       28  Conv   -1   5.47E-12   0.002000   0.056000
 Curr        29        0       29          0 180.599143   0.002000   0.056000
 Curr        29        0       29  Conv   -1   2.22E-11   0.002000   0.058000
 Curr        30        0       30          0 155.253499   0.002000   0.058000
 Curr        30        0       30  Conv   -1   1.60E-11   0.002000   0.060000
 Curr        31        0       31          0 725.352652   0.002000   0.060000
 Curr        31        0       31  Conv   -1   9.78E-12   0.002000   0.062000
 Curr        32        0       32          0 619.693307   0.002000   0.062000
 Curr        32        0       32  Conv   -1   8.43E-12   0.002000   0.064000
 Curr        33        0       33          0 581.733864   0.002000   0.064000
 Curr        33        0       33  Conv   -1   4.99E-12   0.002000   0.066000
 Curr        34        0       34          0 491.174395   0.002000   0.066000
 Curr        34        0       34  Conv   -1   5.24E-12   0.002000   0.068000
 Curr        35        0       35          0 410.636515   0.002000   0.068000
 Curr        35        0       35  Conv   -1   1.78E-11   0.002000   0.070000
 Curr        36        0       36          0 345.847174   0.002000   0.070000
 Curr        36        0       36  Conv   -1   1.91E-11   0.002000   0.072000
 Curr        37        0       37          0 272.189431   0.002000   0.072000
 Curr        37        0       37  Conv   -1   4.81E-12   0.002000   0.074000
 Curr        38        0       38          0 204.141559   0.002000   0.074000
 Curr        38        0       38  Conv   -1   8.23E-12   0.002000   0.076000
 Curr        39        0       39          0 149.944859   0.002000   0.076000
 Curr        39        0       39  Conv   -1   2.06E-11   0.002000   0.078000
 Curr        40        0       40          0 114.876698   0.002000   0.078000
 Curr        40        0       40  Conv   -1   3.37E-12   0.002000   0.080000
 Curr        41        0       41          0 357.700775   0.002000   0.080000
 Curr        41        0       41  Conv   -1   2.27E-11   0.002000   0.082000
 Curr        42        0       42          0 387.951594   0.002000   0.082000
 Curr        42        0       42  Conv   -1   2.27E-11   0.002000   0.084000
 Curr        43        0       43          0 442.718273   0.002000   0.084000
 Curr        43        0       43  Conv   -1   1.11E-11   0.002000   0.086000
 Curr        44        0       44          0 468.809671   0.002000   0.086000
 Curr        44        0       44  Conv   -1   1.58E-11   0.002000   0.088000
 Curr        45        0       45          0 490.770942   0.002000   0.088000
 Curr        45        0       45  Conv   -1   2.78E-11   0.002000   0.090000
 Curr        46        0       46          0 505.971465   0.002000   0.090000
 Curr        46        0       46  Conv   -1   2.74E-11   0.002000   0.092000
 Curr        47        0       47          0 508.365436   0.002000   0.092000
 Curr        47        0       47  Conv   -1   6.42E-12   0.002000   0.094000
 Curr        48        0       48          0 501.344905   0.002000   0.094000
 Curr        48        0       48  Conv   -1   2.71E-11   0.002000   0.096000
 Curr        49        0       49          0 485.540576   0.002000   0.096000
 Curr        49        0       49  Conv   -1   2.23E-11   0.002000   0.098000
 Curr        50        0       50          0 460.853750   0.002000   0.098000
 Curr        50        0       50  Conv   -1   2.13E-12   0.002000   0.100000
 Curr        51        0       51          0 259.837799   0.002000   0.100000
 Curr        51        0       51  Conv   -1   6.91E-12   0.002000   0.102000
 Curr        52        0       52          0 223.006915   0.002000   0.102000
 Curr        52        0       52  Conv   -1   1.86E-11   0.002000   0.104000
 Curr        53        0       53          0 208.178179   0.002000   0.104000
 Curr        53        0       53  Conv   -1   2.56E-11   0.002000   0.106000
 Curr        54        0       54          0 170.703087   0.002000   0.106000
 Curr        54        0       54  Conv   -1   3.24E-12   0.002000   0.108000
 Curr        55        0       55          0 140.589690   0.002000   0.108000
 Curr        55        0       55  Conv   -1   5.40E-12   0.002000   0.110000
 Curr        56        0       56          0 121.895595   0.002000   0.110000
 Curr        56        0       56  Conv   -1   3.25E-12   0.002000   0.112000
 Curr        57        0       57          0 105.958565   0.002000   0.112000
 Curr        57        0       57  Conv   -1   1.19E-11   0.002000   0.114000
 Curr        58        0       58          0 101.664859   0.002000   0.114000
 Curr        58        0       58  Conv   -1   1.03E-11   0.002000   0.116000
 Curr        59        0       59          0 108.561406   0.002000   0.116000
 Curr        59        0       59  Conv   -1   1.22E-11   0.002000   0.118000
 Curr        60        0       60          0 121.410443   0.002000   0.118000
 Curr        60        0       60  Conv   -1   2.77E-12   0.002000   0.120000
 Curr        61        0       61          0 244.318205   0.002000   0.120000
 Curr        61        0       61  Conv   -1   6.43E-12   0.002000   0.122000
 Curr        62        0       62          0 262.985102   0.002000   0.122000
 Curr        62        0       62  Conv   -1   6.28E-12   0.002000   0.124000
 Curr        63        0       63          0 280.742493   0.002000   0.124000
 Curr        63        0       63  Conv   -1   1.52E-11   0.002000   0.126000
 Curr        64        0       64          0 291.347290   0.002000   0.126000
 Curr        64        0       64  Conv   -1   2.13E-11   0.002000   0.128000
 Curr        65        0       65          0 298.780247   0.002000   0.128000
 Curr        65        0       65  Conv   -1   1.82E-11   0.002000   0.130000
 Curr        66        0       66          0 303.128339   0.002000   0.130000
 Curr        66        0       66  Conv   -1   6.94E-12   0.002000   0.132000
 Curr        67        0       67          0 303.036877   0.002000   0.132000
 Curr        67        0       67  Conv   -1   3.93E-12   0.002000   0.134000
 Curr        68        0       68          0 298.750835   0.002000   0.134000
 Curr        68        0       68  Conv   -1   3.43E-12   0.002000   0.136000
 Curr        69        0       69          0 290.108541   0.002000   0.136000
 Curr        69        0       69  Conv   -1   7.74E-12   0.002000   0.138000
 Curr        70        0       70          0 277.002810   0.002000   0.138000
 Curr        70        0       70  Conv   -1   3.24E-11   0.002000   0.140000
 Curr        71        0       71          0 126.598437   0.002000   0.140000
 Curr        71        0       71  Conv   -1   1.08E-11   0.002000   0.142000
 Curr        72        0       72          0  63.069373   0.002000   0.142000
 Curr        72        0       72  Conv   -1   1.50E-11   0.002000   0.144000
 Curr        73        0       73          0  90.081984   0.002000   0.144000
 Curr        73        0       73  Conv   -1   5.99E-12   0.002000   0.146000
 Curr        74        0       74          0  71.898540   0.002000   0.146000
 Curr        74        0       74  Conv   -1   3.92E-11   0.002000   0.148000
 Curr        75        0       75          0  70.275169   0.002000   0.148000
 Curr        75        0       75  Conv   -1   6.56E-12   0.002000   0.150000
 Curr        76        0       76          0  85.157432   0.002000   0.150000
 Curr        76        0       76  Conv   -1   6.25E-12   0.002000   0.152000
 Curr        77        0       77          0  91.871921   0.002000   0.152000
 Curr        77        0       77  Conv   -1   2.94E-11   0.002000   0.154000
 Curr        78        0       78          0  99.980019   0.002000   0.154000
 Curr        78        0       78  Conv   -1   8.47E-12   0.002000   0.156000
 Curr        79        0       79          0 109.411956   0.002000   0.156000
 Curr        79        0       79  Conv   -1   7.13E-12   0.002000   0.158000
 Curr        80        0       80          0 116.712406   0.002000   0.158000
 Curr        80        0       80  Conv   -1   1.79E-11   0.002000   0.160000
 Curr        81        0       81          0 180.347666   0.002000   0.160000
 Curr        81        0       81  Conv   -1   6.48E-12   0.002000   0.162000
 Curr        82        0       82          0 153.282858   0.002000   0.162000
 Curr        82        0       82  Conv   -1   1.11E-11   0.002000   0.164000
 Curr        83        0       83          0 159.131400   0.002000   0.164000
 Curr        83        0       83  Conv   -1   7.80E-12   0.002000   0.166000
 Curr        84        0       84          0 131.672092   0.002000   0.166000
 Curr        84        0       84  Conv   -1   7.48E-12   0.002000   0.168000
 Curr        85        0       85          0 113.618493   0.002000   0.168000
 Curr        85        0       85  Conv   -1   1.25E-11   0.002000   0.170000
 Curr        86        0       86          0 108.597372   0.002000   0.170000
 Curr        86        0       86  Conv   -1   4.58E-12   0.002000   0.172000
 Curr        87        0       87          0 100.311188   0.002000   0.172000
 Curr        87        0       87  Conv   -1   4.82E-12   0.002000   0.174000
 Curr        88        0       88          0  97.095872   0.002000   0.174000
 Curr        88        0       88  Conv   -1   2.17E-12   0.002000   0.176000
 Curr        89        0       89          0  98.297226   0.002000   0.176000
 Curr        89        0       89  Conv   -1   6.17E-12   0.002000   0.178000
 Curr        90        0       90          0 100.015442   0.002000   0.178000
 Curr        90        0       90  Conv   -1   6.13E-12   0.002000   0.180000
 Curr        91        0       91          0 184.689161   0.002000   0.180000
 Curr        91        0       91  Conv   -1   1.46E-11   0.002000   0.182000
 Curr        92        0       92          0 186.229862   0.002000   0.182000
 Curr        92        0       92  Conv   -1   6.30E-12   0.002000   0.184000
 Curr        93        0       93          0 198.133006   0.002000   0.184000
 Curr        93        0       93  Conv   -1   2.15E-12   0.002000   0.186000
 Curr        94        0       94          0 199.393135   0.002000   0.186000
 Curr        94        0       94  Conv   -1   5.45E-12   0.002000   0.188000
 Curr        95        0       95          0 199.443833   0.002000   0.188000
 Curr        95        0       95  Conv   -1   2.25E-12   0.002000   0.190000
 Curr        96        0       96          0 197.514249   0.002000   0.190000
 Curr        96        0       96  Conv   -1   2.27E-12   0.002000   0.192000
 Curr        97        0       97          0 190.585903   0.002000   0.192000
 Curr        97        0       97  Conv   -1   2.29E-12   0.002000   0.194000
 Curr        98        0       98          0 180.397582   0.002000   0.194000
 Curr        98        0       98  Conv   -1   3.20E-12   0.002000   0.196000
 Curr        99        0       99          0 167.236343   0.002000   0.196000
 Curr        99        0       99  Conv   -1   3.99E-12   0.002000   0.198000
 Curr       100        0      100          0 150.733802   0.002000   0.198000
 Curr       100        0      100  Conv   -1   3.78E-12   0.002000   0.200000
 Curr       101        0      101          0 158.155224   0.002000   0.200000
 Curr       101        0      101  Conv   -1   2.43E-12   0.002000   0.202000
 Curr       102        0      102          0 135.527917   0.002000   0.202000
 Curr       102        0      102  Conv   -1   4.96E-12   0.002000   0.204000
 Curr       103        0      103          0 111.387403   0.002000   0.204000
 Curr       103        0      103  Conv   -1   5.34E-12   0.002000   0.206000
 Curr       104        0      104          0  85.273120   0.002000   0.206000
 Curr       104        0      104  Conv   -1   3.96E-12   0.002000   0.208000
 Curr       105        0      105          0  58.789916   0.002000   0.208000
 Curr       105        0      105  Conv   -1   2.42E-12   0.002000   0.210000
 Curr       106        0      106          0  36.013290   0.002000   0.210000
 Curr       106        0      106  Conv   -1   3.16E-12   0.002000   0.212000
 Curr       107        0      107          0  30.285312   0.002000   0.212000
 Curr       107        0      107  Conv   -1   6.05E-12   0.002000   0.214000
 Curr       108        0      108          0  48.543623   0.002000   0.214000
 Curr       108        0      108  Conv   -1   6.94E-12   0.002000   0.216000
 Curr       109        0      109          0  74.170664   0.002000   0.216000
 Curr       109        0      109  Conv   -1   5.65E-12   0.002000   0.218000
 Curr       110        0      110          0 100.496633   0.002000   0.218000
 Curr       110        0      110  Conv   -1   3.03E-12   0.002000   0.220000
 Curr       111        0      111          0 385.255092   0.002000   0.220000
 Curr       111        0      111  Conv   -1   4.23E-12   0.002000   0.222000
 Curr       112        0      112          0 386.283043   0.002000   0.222000
 Curr       112        0      112  Conv   -1   2.17E-11   0.002000   0.224000
 Curr       113        0      113          0 406.052252   0.002000   0.224000
 Curr       113        0      113  Conv   -1   9.66E-12   0.002000   0.226000
 Curr       114        0      114          0 403.626920   0.002000   0.226000
 Curr       114        0      114  Conv   -1   6.67E-12   0.002000   0.228000
 Curr       115        0      115          0 398.768043   0.002000   0.228000
 Curr       115        0      115  Conv   -1   9.79E-12   0.002000   0.230000
 Curr       116        0      116          0 391.907799   0.002000   0.230000
 Curr       116        0      116  Conv   -1   5.66E-12   0.002000   0.232000
 Curr       117        0      117          0 375.553449   0.002000   0.232000
 Curr       117        0      117  Conv   -1   3.67E-11   0.002000   0.234000
 Curr       118        0      118          0 352.725340   0.002000   0.234000
 Curr       118        0      118  Conv   -1   1.87E-11   0.002000   0.236000
 Curr       119        0      119          0 323.912099   0.002000   0.236000
 Curr       119        0      119  Conv   -1   7.21E-12   0.002000   0.238000
 Curr       120        0      120          0 287.760383   0.002000   0.238000
 Curr       120        0      120  Conv   -1   1.56E-11   0.002000   0.240000
 Curr       121        0      121          0 328.553257   0.002000   0.240000
 Curr       121        0      121  Conv   -1   9.00E-12   0.002000   0.242000
 Curr       122        0      122          0 277.523320   0.002000   0.242000
 Curr       122        0      122  Conv   -1   1.26E-11   0.002000   0.244000
 Curr       123        0      123          0 222.844096   0.002000   0.244000
 Curr       123        0      123  Conv   -1   5.66E-11   0.002000   0.246000
 Curr       124        0      124          0 159.107857   0.002000   0.246000
 Curr       124        0      124  Conv   -1   7.54E-12   0.002000   0.248000
 Curr       125        0      125          0  88.531940   0.002000   0.248000
 Curr       125        0      125  Conv   -1   4.97E-11   0.002000   0.250000
 Curr       126        0      126          0  22.749465   0.002000   0.250000
 Curr       126        0      126  Conv   -1   1.99E-11   0.002000   0.252000
 Curr       127        0      127          0  74.702393   0.002000   0.252000
 Curr       127        0      127  Conv   -1   3.46E-11   0.002000   0.254000
 Curr       128        0      128          0 161.499297   0.002000   0.254000
 Curr       128        0      128  Conv   -1   2.76E-11   0.002000   0.256000
 Curr       129        0      129          0 254.944812   0.002000   0.256000
 Curr       129        0      129  Conv   -1   1.41E-11   0.002000   0.258000
 Curr       130        0      130          0 353.470207   0.002000   0.258000
 Curr       130        0      130  Conv   -1   3.87E-11   0.002000   0.260000
 Curr       131        0      131          0 672.586844   0.002000   0.260000
 Curr       131        0      131  Conv   -1   8.30E-11   0.002000   0.262000
 Curr       132        0      132          0 780.208557   0.002000   0.262000
 Curr       132        0      132  Conv   -1   2.02E-11   0.002000   0.264000
 Curr       133        0      133          0 891.736792   0.002000   0.264000
 Curr       133        0      133  Conv   -1   5.36E-11   0.002000   0.266000
 Curr       134        0      134          0 993.025662   0.002000   0.266000
 Curr       134        0      134  Conv   -1   9.44E-11   0.002000   0.268000
 Curr       135        0      135          0   1090.778   0.002000   0.268000
 Curr       135        0      135  Conv   -1   9.51E-12   0.002000   0.270000
 Curr       136        0      136          0   1183.513   0.002000   0.270000
 Curr       136        0      136  Conv   -1   9.87E-11   0.002000   0.272000
 Curr       137        0      137          0   1267.168   0.002000   0.272000
 Curr       137        0      137  Conv   -1   7.74E-11   0.002000   0.274000
 Curr       138        0      138          0   1341.164   0.002000   0.274000
 Curr       138        0      138  Conv   -1   5.41E-11   0.002000   0.276000
 Curr       139        0      139          0   1403.506   0.002000   0.276000
 Curr       139        0      139  Conv   -1   3.37E-11   0.002000   0.278000
 Curr       140        0      140          0   1451.825   0.002000   0.278000
 Curr       140        0      140  Conv   -1   8.48E-11   0.002000   0.280000
 Curr       141        0      141          0   2524.880   0.002000   0.280000
 Curr       141        0      141  Conv   -1   8.71E-11   0.002000   0.282000
 Curr       142        0      142          0   2571.295   0.002000   0.282000
 Curr       142        0      142  Conv   -1   7.11E-11   0.002000   0.284000
 Curr       143        0      143          0   2603.257   0.002000   0.284000
 Curr       143        0      143  Conv   -1   8.06E-11   0.002000   0.286000
 Curr       144        0      144          0   2516.174   0.002000   0.286000
 Curr       144        0      144  Conv   -1   2.40E-10   0.002000   0.288000
 Curr       145        0      145          0   2371.078   0.002000   0.288000
 Curr       145        0      145  Conv   -1   1.85E-10   0.002000   0.290000
 Curr       146        0      146          0   2196.205   0.002000   0.290000
 Curr       146        0      146  Conv   -1   7.10E-11   0.002000   0.292000
 Curr       147        0      147          0   1997.682   0.002000   0.292000
 Curr       147        0      147  Conv   -1   3.35E-10   0.002000   0.294000
 Curr       148        0      148          0   1883.179   0.002000   0.294000
 Curr       148        0      148  Conv   -1   5.94E-10   0.002000   0.296000
 Curr       149        0      149          0   1998.232   0.002000   0.296000
 Curr       149        0      149  Conv   -1   2.08E-10   0.002000   0.298000
 Curr       150        0      150          0   2441.796   0.002000   0.298000
 Curr       150        0      150  Conv   -1   4.79E-10   0.002000   0.300000
 Curr       151        0      151          0   7115.601   0.002000   0.300000
 Curr       151        0      151  Conv   -1   6.54E-10   0.002000   0.302000
 Curr       152        0      152          0   7345.429   0.002000   0.302000
 Curr       152        0      152  Conv   -1   8.24E-11   0.002000   0.304000
 Curr       153        0      153          0   7566.440   0.002000   0.304000
 Curr       153        0      153  Conv   -1   6.29E-10   0.002000   0.306000
 Curr       154        0      154          0   7082.036   0.002000   0.306000
 Curr       154        0      154  Conv   -1   3.34E-11   0.002000   0.308000
 Curr       155        0      155          0   6404.255   0.002000   0.308000
 Curr       155        0      155  Conv   -1   4.63E-10   0.002000   0.310000
 Curr       156        0      156          0   5656.199   0.002000   0.310000
 Curr       156        0      156  Conv   -1   1.34E-10   0.002000   0.312000
 Curr       157        0      157          0   4857.480   0.002000   0.312000
 Curr       157        0      157  Conv   -1   1.69E-10   0.002000   0.314000
 Curr       158        0      158          0   4100.907   0.002000   0.314000
 Curr       158        0      158  Conv   -1   1.08E-10   0.002000   0.316000
 Curr       159        0      159          0   3413.413   0.002000   0.316000
 Curr       159        0      159  Conv   -1   1.27E-10   0.002000   0.318000
 Curr       160        0      160          0   2794.258   0.002000   0.318000
 Curr       160        0      160  Conv   -1   2.77E-10   0.002000   0.320000
 Curr       161        0      161          0   1589.145   0.002000   0.320000
 Curr       161        0      161  Conv   -1   4.45E-11   0.002000   0.322000
 Curr       162        0      162          0   1215.649   0.002000   0.322000
 Curr       162        0      162  Conv   -1   4.42E-11   0.002000   0.324000
 Curr       163        0      163          0   1389.780   0.002000   0.324000
 Curr       163        0      163  Conv   -1   1.77E-10   0.002000   0.326000
 Curr       164        0      164          0   1206.296   0.002000   0.326000
 Curr       164        0      164  Conv   -1   1.35E-10   0.002000   0.328000
 Curr       165        0      165          0   1164.379   0.002000   0.328000
 Curr       165        0      165  Conv   -1   5.40E-11   0.002000   0.330000
 Curr       166        0      166          0   1242.119   0.002000   0.330000
 Curr       166        0      166  Conv   -1   6.16E-11   0.002000   0.332000
 Curr       167        0      167          0   1283.175   0.002000   0.332000
 Curr       167        0      167  Conv   -1   3.24E-10   0.002000   0.334000
 Curr       168        0      168          0   1341.902   0.002000   0.334000
 Curr       168        0      168  Conv   -1   9.45E-11   0.002000   0.336000
 Curr       169        0      169          0   1406.496   0.002000   0.336000
 Curr       169        0      169  Conv   -1   1.46E-10   0.002000   0.338000
 Curr       170        0      170          0   1451.995   0.002000   0.338000
 Curr       170        0      170  Conv   -1   7.47E-11   0.002000   0.340000
 Curr       171        0      171          0 973.516628   0.002000   0.340000
 Curr       171        0      171  Conv   -1   1.28E-10   0.002000   0.342000
 Curr       172        0      172          0 514.460855   0.002000   0.342000
 Curr       172        0      172  Conv   -1   1.80E-10   0.002000   0.344000
 Curr       173        0      173          0 700.806549   0.002000   0.344000
 Curr       173        0      173  Conv   -1   7.75E-11   0.002000   0.346000
 Curr       174        0      174          0 453.946936   0.002000   0.346000
 Curr       174        0      174  Conv   -1   2.69E-11   0.002000   0.348000
 Curr       175        0      175          0 308.634228   0.002000   0.348000
 Curr       175        0      175  Conv   -1   3.03E-11   0.002000   0.350000
 Curr       176        0      176          0 332.006356   0.002000   0.350000
 Curr       176        0      176  Conv   -1   5.01E-11   0.002000   0.352000
 Curr       177        0      177          0 239.413849   0.002000   0.352000
 Curr       177        0      177  Conv   -1   1.05E-11   0.002000   0.354000
 Curr       178        0      178          0 176.848733   0.002000   0.354000
 Curr       178        0      178  Conv   -1   1.08E-10   0.002000   0.356000
 Curr       179        0      179          0 178.002291   0.002000   0.356000
 Curr       179        0      179  Conv   -1   4.86E-12   0.002000   0.358000
 Curr       180        0      180          0 173.825304   0.002000   0.358000
 Curr       180        0      180  Conv   -1   1.23E-11   0.002000   0.360000
 Curr       181        0      181          0 418.100992   0.002000   0.360000
 Curr       181        0      181  Conv   -1   5.61E-11   0.002000   0.362000
 Curr       182        0      182          0 422.830461   0.002000   0.362000
 Curr       182        0      182  Conv   -1   5.72E-11   0.002000   0.364000
 Curr       183        0      183          0 425.227646   0.002000   0.364000
 Curr       183        0      183  Conv   -1   4.04E-11   0.002000   0.366000
 Curr       184        0      184          0 408.560523   0.002000   0.366000
 Curr       184        0      184  Conv   -1   4.20E-11   0.002000   0.368000
 Curr       185        0      185          0 393.142769   0.002000   0.368000
 Curr       185        0      185  Conv   -1   4.59E-11   0.002000   0.370000
 Curr       186        0      186          0 375.126375   0.002000   0.370000
 Curr       186        0      186  Conv   -1   7.91E-11   0.002000   0.372000
 Curr       187        0      187          0 351.111408   0.002000   0.372000
 Curr       187        0      187  Conv   -1   4.52E-11   0.002000   0.374000
 Curr       188        0      188          0 323.677266   0.002000   0.374000
 Curr       188        0      188  Conv   -1   4.71E-11   0.002000   0.376000
 Curr       189        0      189          0 292.893228   0.002000   0.376000
 Curr       189        0      189  Conv   -1   8.00E-11   0.002000   0.378000
 Curr       190        0      190          0 258.773080   0.002000   0.378000
 Curr       190        0      190  Conv   -1   2.44E-11   0.002000   0.380000
 Curr       191        0      191          0   1062.371   0.002000   0.380000
 Curr       191        0      191  Conv   -1   2.47E-11   0.002000   0.382000
 Curr       192        0      192          0 949.217275   0.002000   0.382000
 Curr       192        0      192  Conv   -1   2.55E-11   0.002000   0.384000
 Curr       193        0      193          0 901.230326   0.002000   0.384000
 Curr       193        0      193  Conv   -1   5.00E-12   0.002000   0.386000
 Curr       194        0      194          0 788.359932   0.002000   0.386000
 Curr       194        0      194  Conv   -1   2.76E-11   0.002000   0.388000
 Curr       195        0      195          0 680.919404   0.002000   0.388000
 Curr       195        0      195  Conv   -1   2.15E-11   0.002000   0.390000
 Curr       196        0      196          0 588.410020   0.002000   0.390000
 Curr       196        0      196  Conv   -1   1.50E-11   0.002000   0.392000
 Curr       197        0      197          0 481.093113   0.002000   0.392000
 Curr       197        0      197  Conv   -1   1.09E-11   0.002000   0.394000
 Curr       198        0      198          0 375.630046   0.002000   0.394000
 Curr       198        0      198  Conv   -1   1.30E-11   0.002000   0.396000
 Curr       199        0      199          0 283.830095   0.002000   0.396000
 Curr       199        0      199  Conv   -1   7.39E-12   0.002000   0.398000
 Curr       200        0      200          0 217.404302   0.002000   0.398000
 Curr       200        0      200  Conv   -1   4.54E-12   0.002000   0.400000
 Curr       201        0      201          0   1390.175   0.002000   0.400000
 Curr       201        0      201  Conv   -1   6.37E-12   0.002000   0.402000
 Curr       202        0      202          0   1394.708   0.002000   0.402000
 Curr       202        0      202  Conv   -1   1.09E-11   0.002000   0.404000
 Curr       203        0      203          0   1506.159   0.002000   0.404000
 Curr       203        0      203  Conv   -1   5.61E-12   0.002000   0.406000
 Curr       204        0      204          0   1484.413   0.002000   0.406000
 Curr       204        0      204  Conv   -1   2.64E-12   0.002000   0.408000
 Curr       205        0      205          0   1454.347   0.002000   0.408000
 Curr       205        0      205  Conv   -1   4.15E-12   0.002000   0.410000
 Curr       206        0      206          0   1415.539   0.002000   0.410000
 Curr       206        0      206  Conv   -1   4.96E-12   0.002000   0.412000
 Curr       207        0      207          0   1335.404   0.002000   0.412000
 Curr       207        0      207  Conv   -1   2.73E-12   0.002000   0.414000
 Curr       208        0      208          0   1234.911   0.002000   0.414000
 Curr       208        0      208  Conv   -1   5.85E-12   0.002000   0.416000
 Curr       209        0      209          0   1118.684   0.002000   0.416000
 Curr       209        0      209  Conv   -1   3.16E-12   0.002000   0.418000
 Curr       210        0      210          0 985.749482   0.002000   0.418000
 Curr       210        0      210  Conv   -1   3.16E-12   0.002000   0.420000
 Curr       211        0      211          0 529.926177   0.002000   0.420000
 Curr       211        0      211  Conv   -1   2.03E-11   0.002000   0.422000
 Curr       212        0      212          0 382.881046   0.002000   0.422000
 Curr       212        0      212  Conv   -1   4.27E-12   0.002000   0.424000
 Curr       213        0      213          0 295.640729   0.002000   0.424000
 Curr       213        0      213  Conv   -1   1.98E-12   0.002000   0.426000
 Curr       214        0      214          0 191.889108   0.002000   0.426000
 Curr       214        0      214  Conv   -1   4.16E-12   0.002000   0.428000
 Curr       215        0      215          0 147.613185   0.002000   0.428000
 Curr       215        0      215  Conv   -1   9.68E-12   0.002000   0.430000
 Curr       216        0      216          0 184.562568   0.002000   0.430000
 Curr       216        0      216  Conv   -1   6.67E-12   0.002000   0.432000
 Curr       217        0      217          0 246.399502   0.002000   0.432000
 Curr       217        0      217  Conv   -1   4.56E-12   0.002000   0.434000
 Curr       218        0      218          0 317.826567   0.002000   0.434000
 Curr       218        0      218  Conv   -1   1.95E-11   0.002000   0.436000
 Curr       219        0      219          0 386.986081   0.002000   0.436000
 Curr       219        0      219  Conv   -1   5.90E-12   0.002000   0.438000
 Curr       220        0      220          0 447.841398   0.002000   0.438000
 Curr       220        0      220  Conv   -1   1.97E-11   0.002000   0.440000
 Curr       221        0      221          0 765.795041   0.002000   0.440000
 Curr       221        0      221  Conv   -1   1.27E-11   0.002000   0.442000
 Curr       222        0      222          0 784.403577   0.002000   0.442000
 Curr       222        0      222  Conv   -1   9.83E-12   0.002000   0.444000
 Curr       223        0      223          0 807.271363   0.002000   0.444000
 Curr       223        0      223  Conv   -1   1.83E-11   0.002000   0.446000
 Curr       224        0      224          0 808.394845   0.002000   0.446000
 Curr       224        0      224  Conv   -1   7.48E-12   0.002000   0.448000
 Curr       225        0      225          0 797.836911   0.002000   0.448000
 Curr       225        0      225  Conv   -1   1.72E-11   0.002000   0.450000
 Curr       226        0      226          0 776.554436   0.002000   0.450000
 Curr       226        0      226  Conv   -1   2.25E-11   0.002000   0.452000
 Curr       227        0      227          0 741.276995   0.002000   0.452000
 Curr       227        0      227  Conv   -1   5.42E-12   0.002000   0.454000
 Curr       228        0      228          0 694.144430   0.002000   0.454000
 Curr       228        0      228  Conv   -1   1.68E-11   0.002000   0.456000
 Curr       229        0      229          0 636.400869   0.002000   0.456000
 Curr       229        0      229  Conv   -1   1.02E-11   0.002000   0.458000
 Curr       230        0      230          0 568.509167   0.002000   0.458000
 Curr       230        0      230  Conv   -1   2.13E-11   0.002000   0.460000
 Curr       231        0      231          0 642.815820   0.002000   0.460000
 Curr       231        0      231  Conv   -1   2.76E-11   0.002000   0.462000
 Curr       232        0      232          0 549.361574   0.002000   0.462000
 Curr       232        0      232  Conv   -1   1.35E-11   0.002000   0.464000
 Curr       233        0      233          0 454.568297   0.002000   0.464000
 Curr       233        0      233  Conv   -1   8.00E-12   0.002000   0.466000
 Curr       234        0      234          0 348.057451   0.002000   0.466000
 Curr       234        0      234  Conv   -1   1.66E-11   0.002000   0.468000
 Curr       235        0      235          0 236.141402   0.002000   0.468000
 Curr       235        0      235  Conv   -1   3.39E-11   0.002000   0.470000
 Curr       236        0      236          0 126.689354   0.002000   0.470000
 Curr       236        0      236  Conv   -1   1.03E-11   0.002000   0.472000
 Curr       237        0      237          0  60.780394   0.002000   0.472000
 Curr       237        0      237  Conv   -1   1.60E-11   0.002000   0.474000
 Curr       238        0      238          0 148.207988   0.002000   0.474000
 Curr       238        0      238  Conv   -1   2.64E-11   0.002000   0.476000
 Curr       239        0      239          0 268.559976   0.002000   0.476000
 Curr       239        0      239  Conv   -1   1.38E-11   0.002000   0.478000
 Curr       240        0      240          0 391.134944   0.002000   0.478000
 Curr       240        0      240  Conv   -1   2.45E-11   0.002000   0.480000
 Curr       241        0      241          0   1220.913   0.002000   0.480000
 Curr       241        0      241  Conv   -1   2.81E-11   0.002000   0.482000
 Curr       242        0      242          0   1285.665   0.002000   0.482000
 Curr       242        0      242  Conv   -1   6.12E-11   0.002000   0.484000
 Curr       243        0      243          0   1362.259   0.002000   0.484000
 Curr       243        0      243  Conv   -1   1.12E-11   0.002000   0.486000
 Curr       244        0      244          0   1375.463   0.002000   0.486000
 Curr       244        0      244  Conv   -1   1.92E-11   0.002000   0.488000
 Curr       245        0      245          0   1367.626   0.002000   0.488000
 Curr       245        0      245  Conv   -1   2.74E-11   0.002000   0.490000
 Curr       246        0      246          0   1339.641   0.002000   0.490000
 Curr       246        0      246  Conv   -1   6.27E-12   0.002000   0.492000
 Curr       247        0      247          0   1280.917   0.002000   0.492000
 Curr       247        0      247  Conv   -1   4.41E-11   0.002000   0.494000
 Curr       248        0      248          0   1199.448   0.002000   0.494000
 Curr       248        0      248  Conv   -1   1.78E-11   0.002000   0.496000
 Curr       249        0      249          0   1098.193   0.002000   0.496000
 Curr       249        0      249  Conv   -1   5.30E-11   0.002000   0.498000
 Curr       250        0      250          0 978.713562   0.002000   0.498000
 Curr       250        0      250  Conv   -1   3.33E-11   0.002000   0.500000
 Curr       251        0      251          0 381.030861   0.002000   0.500000
 Curr       251        0      251  Conv   -1   2.67E-11   0.002000   0.502000
 Curr       252        0      252          0 122.392343   0.002000   0.502000
 Curr       252        0      252  Conv   -1   9.36E-12   0.002000   0.504000
 Curr       253        0      253          0 289.717813   0.002000   0.504000
 Curr       253        0      253  Conv   -1   3.71E-12   0.002000   0.506000
 Curr       254        0      254          0 264.613168   0.002000   0.506000
 Curr       254        0      254  Conv   -1   9.00E-12   0.002000   0.508000
 Curr       255        0      255          0 325.266504   0.002000   0.508000
 Curr       255        0      255  Conv   -1   4.90E-11   0.002000   0.510000
 Curr       256        0      256          0 431.087287   0.002000   0.510000
 Curr       256        0      256  Conv   -1   5.18E-11   0.002000   0.512000
 Curr       257        0      257          0 511.080903   0.002000   0.512000
 Curr       257        0      257  Conv   -1   5.41E-11   0.002000   0.514000
 Curr       258        0      258          0 590.850098   0.002000   0.514000
 Curr       258        0      258  Conv   -1   2.19E-11   0.002000   0.516000
 Curr       259        0      259          0 668.134345   0.002000   0.516000
 Curr       259        0      259  Conv   -1   2.22E-11   0.002000   0.518000
 Curr       260        0      260          0 734.774837   0.002000   0.518000
 Curr       260        0      260  Conv   -1   1.71E-11   0.002000   0.520000
 Curr       261        0      261          0 516.196875   0.002000   0.520000
 Curr       261        0      261  Conv   -1   1.52E-12   0.002000   0.522000
 Curr       262        0      262          0 545.831591   0.002000   0.522000
 Curr       262        0      262  Conv   -1   1.98E-11   0.002000   0.524000
 Curr       263        0      263          0 589.709774   0.002000   0.524000
 Curr       263        0      263  Conv   -1   1.84E-11   0.002000   0.526000
 Curr       264        0      264          0 602.832439   0.002000   0.526000
 Curr       264        0      264  Conv   -1   1.34E-11   0.002000   0.528000
 Curr       265        0      265          0 613.518548   0.002000   0.528000
 Curr       265        0      265  Conv   -1   2.08E-11   0.002000   0.530000
 Curr       266        0      266          0 618.413753   0.002000   0.530000
 Curr       266        0      266  Conv   -1   2.04E-11   0.002000   0.532000
 Curr       267        0      267          0 608.789575   0.002000   0.532000
 Curr       267        0      267  Conv   -1   4.36E-11   0.002000   0.534000
 Curr       268        0      268          0 588.749040   0.002000   0.534000
 Curr       268        0      268  Conv   -1   2.50E-11   0.002000   0.536000
 Curr       269        0      269          0 557.927215   0.002000   0.536000
 Curr       269        0      269  Conv   -1   6.19E-11   0.002000   0.538000
 Curr       270        0      270          0 514.861545   0.002000   0.538000
 Curr       270        0      270  Conv   -1   2.83E-11   0.002000   0.540000
 Curr       271        0      271          0 461.322788   0.002000   0.540000
 Curr       271        0      271  Conv   -1   2.03E-11   0.002000   0.542000
 Curr       272        0      272          0 398.677660   0.002000   0.542000
 Curr       272        0      272  Conv   -1   2.71E-11   0.002000   0.544000
 Curr       273        0      273          0 328.206479   0.002000   0.544000
 Curr       273        0      273  Conv   -1   5.65E-11   0.002000   0.546000
 Curr       274        0      274          0 252.784334   0.002000   0.546000
 Curr       274        0      274  Conv   -1   2.23E-11   0.002000   0.548000
 Curr       275        0      275          0 178.431188   0.002000   0.548000
 Curr       275        0      275  Conv   -1   3.75E-11   0.002000   0.550000
 Curr       276        0      276          0 123.610050   0.002000   0.550000
 Curr       276        0      276  Conv   -1   8.12E-12   0.002000   0.552000
 Curr       277        0      277          0 131.129190   0.002000   0.552000
 Curr       277        0      277  Conv   -1   6.14E-11   0.002000   0.554000
 Curr       278        0      278          0 198.307749   0.002000   0.554000
 Curr       278        0      278  Conv   -1   4.91E-11   0.002000   0.556000
 Curr       279        0      279          0 286.281952   0.002000   0.556000
 Curr       279        0      279  Conv   -1   1.46E-11   0.002000   0.558000
 Curr       280        0      280          0 379.302375   0.002000   0.558000
 Curr       280        0      280  Conv   -1   4.38E-11   0.002000   0.560000
 Curr       281        0      281          0 226.215188   0.002000   0.560000
 Curr       281        0      281  Conv   -1   1.73E-11   0.002000   0.562000
 Curr       282        0      282          0 265.840163   0.002000   0.562000
 Curr       282        0      282  Conv   -1   8.30E-12   0.002000   0.564000
 Curr       283        0      283          0 375.755772   0.002000   0.564000
 Curr       283        0      283  Conv   -1   3.32E-11   0.002000   0.566000
 Curr       284        0      284          0 459.373960   0.002000   0.566000
 Curr       284        0      284  Conv   -1   6.03E-12   0.002000   0.568000
 Curr       285        0      285          0 550.807544   0.002000   0.568000
 Curr       285        0      285  Conv   -1   2.51E-11   0.002000   0.570000
 Curr       286        0      286          0 647.078454   0.002000   0.570000
 Curr       286        0      286  Conv   -1   4.65E-11   0.002000   0.572000
 Curr       287        0      287          0 737.956807   0.002000   0.572000
 Curr       287        0      287  Conv   -1   2.16E-11   0.002000   0.574000
 Curr       288        0      288          0 826.329480   0.002000   0.574000
 Curr       288        0      288  Conv   -1   3.02E-11   0.002000   0.576000
 Curr       289        0      289          0 911.528002   0.002000   0.576000
 Curr       289        0      289  Conv   -1   1.99E-11   0.002000   0.578000
 Curr       290        0      290          0 991.198779   0.002000   0.578000
 Curr       290        0      290  Conv   -1   2.09E-11   0.002000   0.580000
 Curr       291        0      291          0   1394.742   0.002000   0.580000
 Curr       291        0      291  Conv   -1   3.44E-11   0.002000   0.582000
 Curr       292        0      292          0   1457.843   0.002000   0.582000
 Curr       292        0      292  Conv   -1   3.58E-11   0.002000   0.584000
 Curr       293        0      293          0   1514.108   0.002000   0.584000
 Curr       293        0      293  Conv   -1   5.76E-11   0.002000   0.586000
 Curr       294        0      294          0   1536.322   0.002000   0.586000
 Curr       294        0      294  Conv   -1   6.91E-12   0.002000   0.588000
 Curr       295        0      295          0   1534.100   0.002000   0.588000
 Curr       295        0      295  Conv   -1   2.74E-11   0.002000   0.590000
 Curr       296        0      296          0   1503.528   0.002000   0.590000
 Curr       296        0      296  Conv   -1   1.31E-11   0.002000   0.592000
 Curr       297        0      297          0   1422.466   0.002000   0.592000
 Curr       297        0      297  Conv   -1   5.07E-11   0.002000   0.594000
 Curr       298        0      298          0   1267.794   0.002000   0.594000
 Curr       298        0      298  Conv   -1   5.07E-11   0.002000   0.596000
 Curr       299        0      299          0   1038.759   0.002000   0.596000
 Curr       299        0      299  Conv   -1   2.33E-11   0.002000   0.598000
 Curr       300        0      300          0 741.637223   0.002000   0.598000
 Curr       300        0      300  Conv   -1   1.38E-11   0.002000   0.600000
 Curr       301        0      301          0 318.549085   0.002000   0.600000
 Curr       301        0      301  Conv   -1   1.64E-11   0.002000   0.602000
 Curr       302        0      302          0 381.732212   0.002000   0.602000
 Curr       302        0      302  Conv   -1   7.25E-11   0.002000   0.604000
 Curr       303        0      303          0 715.206752   0.002000   0.604000
 Curr       303        0      303  Conv   -1   5.85E-11   0.002000   0.606000
 Curr       304        0      304          0   1063.617   0.002000   0.606000
 Curr       304        0      304  Conv   -1   1.41E-11   0.002000   0.608000
 Curr       305        0      305          0   1378.164   0.002000   0.608000
 Curr       305        0      305  Conv   -1   5.27E-11   0.002000   0.610000
 Curr       306        0      306          0   1634.461   0.002000   0.610000
 Curr       306        0      306  Conv   -1   1.41E-11   0.002000   0.612000
 Curr       307        0      307          0   1822.804   0.002000   0.612000
 Curr       307        0      307  Conv   -1   9.30E-12   0.002000   0.614000
 Curr       308        0      308          0   1942.850   0.002000   0.614000
 Curr       308        0      308  Conv   -1   1.20E-11   0.002000   0.616000
 Curr       309        0      309          0   1998.918   0.002000   0.616000
 Curr       309        0      309  Conv   -1   2.08E-11   0.002000   0.618000
 Curr       310        0      310          0   1998.576   0.002000   0.618000
 Curr       310        0      310  Conv   -1   1.07E-11   0.002000   0.620000
 Curr       311        0      311          0   1233.273   0.002000   0.620000
 Curr       311        0      311  Conv   -1   5.67E-12   0.002000   0.622000
 Curr       312        0      312          0 634.446727   0.002000   0.622000
 Curr       312        0      312  Conv   -1   4.80E-12   0.002000   0.624000
 Curr       313        0      313          0 927.907632   0.002000   0.624000
 Curr       313        0      313  Conv   -1   4.49E-12   0.002000   0.626000
 Curr       314        0      314          0 618.411278   0.002000   0.626000
 Curr       314        0      314  Conv   -1   5.72E-12   0.002000   0.628000
 Curr       315        0      315          0 440.023163   0.002000   0.628000
 Curr       315        0      315  Conv   -1   5.28E-12   0.002000   0.630000
 Curr       316        0      316          0 580.844592   0.002000   0.630000
 Curr       316        0      316  Conv   -1   7.16E-12   0.002000   0.632000
 Curr       317        0      317          0 601.600076   0.002000   0.632000
 Curr       317        0      317  Conv   -1   9.51E-12   0.002000   0.634000
 Curr       318        0      318          0 686.284809   0.002000   0.634000
 Curr       318        0      318  Conv   -1   9.48E-12   0.002000   0.636000
 Curr       319        0      319          0 841.143747   0.002000   0.636000
 Curr       319        0      319  Conv   -1   3.43E-11   0.002000   0.638000
 Curr       320        0      320          0 995.374414   0.002000   0.638000
 Curr       320        0      320  Conv   -1   8.57E-12   0.002000   0.640000
 Curr       321        0      321          0 916.192949   0.002000   0.640000
 Curr       321        0      321  Conv   -1   2.31E-11   0.002000   0.642000
 Curr       322        0      322          0 835.013749   0.002000   0.642000
 Curr       322        0      322  Conv   -1   3.87E-11   0.002000   0.644000
 Curr       323        0      323          0 868.582034   0.002000   0.644000
 Curr       323        0      323  Conv   -1   4.24E-11   0.002000   0.646000
 Curr       324        0      324          0 788.649768   0.002000   0.646000
 Curr       324        0      324  Conv   -1   1.35E-10   0.002000   0.648000
 Curr       325        0      325          0 712.352163   0.002000   0.648000
 Curr       325        0      325  Conv   -1   6.23E-11   0.002000   0.650000
 Curr       326        0      326          0 667.217896   0.002000   0.650000
 Curr       326        0      326  Conv   -1   3.19E-11   0.002000   0.652000
 Curr       327        0      327          0 612.792194   0.002000   0.652000
 Curr       327        0      327  Conv   -1   5.29E-11   0.002000   0.654000
 Curr       328        0      328          0 560.141071   0.002000   0.654000
 Curr       328        0      328  Conv   -1   3.71E-11   0.002000   0.656000
 Curr       329        0      329          0 510.038355   0.002000   0.656000
 Curr       329        0      329  Conv   -1   1.89E-11   0.002000   0.658000
 Curr       330        0      330          0 458.221807   0.002000   0.658000
 Curr       330        0      330  Conv   -1   4.60E-11   0.002000   0.660000
 Curr       331        0      331          0 525.906358   0.002000   0.660000
 Curr       331        0      331  Conv   -1   7.27E-11   0.002000   0.662000
 Curr       332        0      332          0 461.409131   0.002000   0.662000
 Curr       332        0      332  Conv   -1   1.62E-11   0.002000   0.664000
 Curr       333        0      333          0 408.800538   0.002000   0.664000
 Curr       333        0      333  Conv   -1   3.15E-11   0.002000   0.666000
 Curr       334        0      334          0 353.667610   0.002000   0.666000
 Curr       334        0      334  Conv   -1   7.04E-11   0.002000   0.668000
 Curr       335        0      335          0 302.114993   0.002000   0.668000
 Curr       335        0      335  Conv   -1   2.08E-11   0.002000   0.670000
 Curr       336        0      336          0 253.859521   0.002000   0.670000
 Curr       336        0      336  Conv   -1   5.78E-11   0.002000   0.672000
 Curr       337        0      337          0 207.588412   0.002000   0.672000
 Curr       337        0      337  Conv   -1   1.83E-11   0.002000   0.674000
 Curr       338        0      338          0 164.621294   0.002000   0.674000
 Curr       338        0      338  Conv   -1   7.02E-11   0.002000   0.676000
 Curr       339        0      339          0 125.119980   0.002000   0.676000
 Curr       339        0      339  Conv   -1   7.13E-12   0.002000   0.678000
 Curr       340        0      340          0  89.022009   0.002000   0.678000
 Curr       340        0      340  Conv   -1   6.30E-11   0.002000   0.680000
 Curr       341        0      341          0 197.881881   0.002000   0.680000
 Curr       341        0      341  Conv   -1   5.27E-11   0.002000   0.682000
 Curr       342        0      342          0 154.925417   0.002000   0.682000
 Curr       342        0      342  Conv   -1   3.21E-11   0.002000   0.684000
 Curr       343        0      343          0 127.866189   0.002000   0.684000
 Curr       343        0      343  Conv   -1   2.60E-11   0.002000   0.686000
 Curr       344        0      344          0  97.162766   0.002000   0.686000
 Curr       344        0      344  Conv   -1   3.62E-11   0.002000   0.688000
 Curr       345        0      345          0  77.223872   0.002000   0.688000
 Curr       345        0      345  Conv   -1   4.06E-11   0.002000   0.690000
 Curr       346        0      346          0  73.067036   0.002000   0.690000
 Curr       346        0      346  Conv   -1   5.41E-11   0.002000   0.692000
 Curr       347        0      347          0  78.960598   0.002000   0.692000
 Curr       347        0      347  Conv   -1   3.67E-12   0.002000   0.694000
 Curr       348        0      348          0  91.739481   0.002000   0.694000
 Curr       348        0      348  Conv   -1   2.52E-11   0.002000   0.696000
 Curr       349        0      349          0 106.468166   0.002000   0.696000
 Curr       349        0      349  Conv   -1   1.52E-11   0.002000   0.698000
 Curr       350        0      350          0 120.298960   0.002000   0.698000
 Curr       350        0      350  Conv   -1   9.97E-12   0.002000   0.700000
 Curr       351        0      351          0 233.777993   0.002000   0.700000
 Curr       351        0      351  Conv   -1   2.15E-11   0.002000   0.702000
 Curr       352        0      352          0 203.071855   0.002000   0.702000
 Curr       352        0      352  Conv   -1   7.22E-11   0.002000   0.704000
 Curr       353        0      353          0 201.029012   0.002000   0.704000
 Curr       353        0      353  Conv   -1   4.25E-11   0.002000   0.706000
 Curr       354        0      354          0 176.930190   0.002000   0.706000
 Curr       354        0      354  Conv   -1   4.61E-11   0.002000   0.708000
 Curr       355        0      355          0 163.068008   0.002000   0.708000
 Curr       355        0      355  Conv   -1   2.19E-11   0.002000   0.710000
 Curr       356        0      356          0 161.442691   0.002000   0.710000
 Curr       356        0      356  Conv   -1   9.85E-12   0.002000   0.712000
 Curr       357        0      357          0 161.419733   0.002000   0.712000
 Curr       357        0      357  Conv   -1   1.58E-11   0.002000   0.714000
 Curr       358        0      358          0 165.853146   0.002000   0.714000
 Curr       358        0      358  Conv   -1   2.50E-11   0.002000   0.716000
 Curr       359        0      359          0 172.649099   0.002000   0.716000
 Curr       359        0      359  Conv   -1   8.05E-12   0.002000   0.718000
 Curr       360        0      360          0 179.186401   0.002000   0.718000
 Curr       360        0      360  Conv   -1   9.16E-12   0.002000   0.720000
 Curr       361        0      361          0 580.598012   0.002000   0.720000
 Curr       361        0      361  Conv   -1   8.24E-11   0.002000   0.722000
 Curr       362        0      362          0 526.648394   0.002000   0.722000
 Curr       362        0      362  Conv   -1   7.84E-12   0.002000   0.724000
 Curr       363        0      363          0 525.053944   0.002000   0.724000
 Curr       363        0      363  Conv   -1   2.00E-11   0.002000   0.726000
 Curr       364        0      364          0 470.867912   0.002000   0.726000
 Curr       364        0      364  Conv   -1   4.12E-12   0.002000   0.728000
 Curr       365        0      365          0 428.500544   0.002000   0.728000
 Curr       365        0      365  Conv   -1   1.26E-11   0.002000   0.730000
 Curr       366        0      366          0 406.892215   0.002000   0.730000
 Curr       366        0      366  Conv   -1   1.79E-11   0.002000   0.732000
 Curr       367        0      367          0 383.840075   0.002000   0.732000
 Curr       367        0      367  Conv   -1   2.73E-11   0.002000   0.734000
 Curr       368        0      368          0 372.256917   0.002000   0.734000
 Curr       368        0      368  Conv   -1   3.48E-11   0.002000   0.736000
 Curr       369        0      369          0 373.356984   0.002000   0.736000
 Curr       369        0      369  Conv   -1   1.33E-11   0.002000   0.738000
 Curr       370        0      370          0 382.615023   0.002000   0.738000
 Curr       370        0      370  Conv   -1   5.51E-12   0.002000   0.740000
 Curr       371        0      371          0   1327.940   0.002000   0.740000
 Curr       371        0      371  Conv   -1   2.91E-12   0.002000   0.742000
 Curr       372        0      372          0   1271.699   0.002000   0.742000
 Curr       372        0      372  Conv   -1   2.23E-11   0.002000   0.744000
 Curr       373        0      373          0   1339.861   0.002000   0.744000
 Curr       373        0      373  Conv   -1   1.99E-11   0.002000   0.746000
 Curr       374        0      374          0   1277.583   0.002000   0.746000
 Curr       374        0      374  Conv   -1   6.42E-11   0.002000   0.748000
 Curr       375        0      375          0   1210.776   0.002000   0.748000
 Curr       375        0      375  Conv   -1   2.35E-11   0.002000   0.750000
 Curr       376        0      376          0   1144.103   0.002000   0.750000
 Curr       376        0      376  Conv   -1   9.91E-12   0.002000   0.752000
 Curr       377        0      377          0   1036.987   0.002000   0.752000
 Curr       377        0      377  Conv   -1   9.66E-12   0.002000   0.754000
 Curr       378        0      378          0 914.333520   0.002000   0.754000
 Curr       378        0      378  Conv   -1   3.52E-12   0.002000   0.756000
 Curr       379        0      379          0 783.265235   0.002000   0.756000
 Curr       379        0      379  Conv   -1   4.73E-11   0.002000   0.758000
 Curr       380        0      380          0 639.651654   0.002000   0.758000
 Curr       380        0      380  Conv   -1   2.09E-11   0.002000   0.760000
 Curr       381        0      381          0 317.868658   0.002000   0.760000
 Curr       381        0      381  Conv   -1   2.70E-11   0.002000   0.762000
 Curr       382        0      382          0 273.400063   0.002000   0.762000
 Curr       382        0      382  Conv   -1   2.63E-11   0.002000   0.764000
 Curr       383        0      383          0 388.097286   0.002000   0.764000
 Curr       383        0      383  Conv   -1   1.22E-11   0.002000   0.766000
 Curr       384        0      384          0 421.772597   0.002000   0.766000
 Curr       384        0      384  Conv   -1   5.27E-11   0.002000   0.768000
 Curr       385        0      385          0 487.336945   0.002000   0.768000
 Curr       385        0      385  Conv   -1   2.01E-11   0.002000   0.770000
 Curr       386        0      386          0 562.360104   0.002000   0.770000
 Curr       386        0      386  Conv   -1   1.56E-11   0.002000   0.772000
 Curr       387        0      387          0 620.116444   0.002000   0.772000
 Curr       387        0      387  Conv   -1   1.94E-11   0.002000   0.774000
 Curr       388        0      388          0 669.251313   0.002000   0.774000
 Curr       388        0      388  Conv   -1   5.70E-11   0.002000   0.776000
 Curr       389        0      389          0 707.311533   0.002000   0.776000
 Curr       389        0      389  Conv   -1   2.25E-11   0.002000   0.778000
 Curr       390        0      390          0 731.051360   0.002000   0.778000
 Curr       390        0      390  Conv   -1   1.06E-11   0.002000   0.780000
 Curr       391        0      391          0 942.697457   0.002000   0.780000
 Curr       391        0      391  Conv   -1   2.46E-11   0.002000   0.782000
 Curr       392        0      392          0 936.321391   0.002000   0.782000
 Curr       392        0      392  Conv   -1   2.52E-11   0.002000   0.784000
 Curr       393        0      393          0 918.531002   0.002000   0.784000
 Curr       393        0      393  Conv   -1   2.84E-11   0.002000   0.786000
 Curr       394        0      394          0 882.813533   0.002000   0.786000
 Curr       394        0      394  Conv   -1   4.62E-12   0.002000   0.788000
 Curr       395        0      395          0 833.140759   0.002000   0.788000
 Curr       395        0      395  Conv   -1   4.18E-12   0.002000   0.790000
 Curr       396        0      396          0 770.917553   0.002000   0.790000
 Curr       396        0      396  Conv   -1   9.22E-12   0.002000   0.792000
 Curr       397        0      397          0 695.273645   0.002000   0.792000
 Curr       397        0      397  Conv   -1   3.22E-11   0.002000   0.794000
 Curr       398        0      398          0 607.624167   0.002000   0.794000
 Curr       398        0      398  Conv   -1   8.91E-12   0.002000   0.796000
 Curr       399        0      399          0 509.203123   0.002000   0.796000
 Curr       399        0      399  Conv   -1   5.13E-12   0.002000   0.798000
 Curr       400        0      400          0 401.484668   0.002000   0.798000
 Curr       400        0      400  Conv   -1   3.26E-12   0.002000   0.800000
 Curr       401        0      401          0 363.870308   0.002000   0.800000
 Curr       401        0      401  Conv   -1   7.56E-12   0.002000   0.802000
 Curr       402        0      402          0 253.136770   0.002000   0.802000
 Curr       402        0      402  Conv   -1   1.65E-11   0.002000   0.804000
 Curr       403        0      403          0 168.230394   0.002000   0.804000
 Curr       403        0      403  Conv   -1   6.44E-12   0.002000   0.806000
 Curr       404        0      404          0 175.929287   0.002000   0.806000
 Curr       404        0      404  Conv   -1   5.71E-12   0.002000   0.808000
 Curr       405        0      405          0 279.764237   0.002000   0.808000
 Curr       405        0      405  Conv   -1   1.74E-11   0.002000   0.810000
 Curr       406        0      406          0 416.800605   0.002000   0.810000
 Curr       406        0      406  Conv   -1   7.56E-12   0.002000   0.812000
 Curr       407        0      407          0 564.013818   0.002000   0.812000
 Curr       407        0      407  Conv   -1   2.84E-12   0.002000   0.814000
 Curr       408        0      408          0 714.390295   0.002000   0.814000
 Curr       408        0      408  Conv   -1   3.10E-12   0.002000   0.816000
 Curr       409        0      409          0 864.116600   0.002000   0.816000
 Curr       409        0      409  Conv   -1   3.77E-12   0.002000   0.818000
 Curr       410        0      410          0   1010.348   0.002000   0.818000
 Curr       410        0      410  Conv   -1   4.06E-12   0.002000   0.820000
 Curr       411        0      411          0   1100.628   0.002000   0.820000
 Curr       411        0      411  Conv   -1   5.72E-12   0.002000   0.822000
 Curr       412        0      412          0   1233.102   0.002000   0.822000
 Curr       412        0      412  Conv   -1   4.51E-12   0.002000   0.824000
 Curr       413        0      413          0   1357.101   0.002000   0.824000
 Curr       413        0      413  Conv   -1   6.44E-12   0.002000   0.826000
 Curr       414        0      414          0   1470.338   0.002000   0.826000
 Curr       414        0      414  Conv   -1   1.73E-11   0.002000   0.828000
 Curr       415        0      415          0   1570.954   0.002000   0.828000
 Curr       415        0      415  Conv   -1   1.16E-11   0.002000   0.830000
 Curr       416        0      416          0   1656.747   0.002000   0.830000
 Curr       416        0      416  Conv   -1   1.06E-11   0.002000   0.832000
 Curr       417        0      417          0   1725.173   0.002000   0.832000
 Curr       417        0      417  Conv   -1   3.29E-11   0.002000   0.834000
 Curr       418        0      418          0   1773.547   0.002000   0.834000
 Curr       418        0      418  Conv   -1   1.02E-11   0.002000   0.836000
 Curr       419        0      419          0   1798.615   0.002000   0.836000
 Curr       419        0      419  Conv   -1   2.92E-11   0.002000   0.838000
 Curr       420        0      420          0   1796.137   0.002000   0.838000
 Curr       420        0      420  Conv   -1   1.06E-10   0.002000   0.840000
 Curr       421        0      421          0   1713.461   0.002000   0.840000
 Curr       421        0      421  Conv   -1   1.40E-11   0.002000   0.842000
 Curr       422        0      422          0   1542.488   0.002000   0.842000
 Curr       422        0      422  Conv   -1   4.57E-11   0.002000   0.844000
 Curr       423        0      423          0   1284.941   0.002000   0.844000
 Curr       423        0      423  Conv   -1   1.87E-11   0.002000   0.846000
 Curr       424        0      424          0 954.503965   0.002000   0.846000
 Curr       424        0      424  Conv   -1   6.24E-11   0.002000   0.848000
 Curr       425        0      425          0 578.521801   0.002000   0.848000
 Curr       425        0      425  Conv   -1   5.73E-11   0.002000   0.850000
 Curr       426        0      426          0 227.594413   0.002000   0.850000
 Curr       426        0      426  Conv   -1   6.17E-11   0.002000   0.852000
 Curr       427        0      427          0 324.748822   0.002000   0.852000
 Curr       427        0      427  Conv   -1   1.07E-10   0.002000   0.854000
 Curr       428        0      428          0 670.286546   0.002000   0.854000
 Curr       428        0      428  Conv   -1   3.13E-11   0.002000   0.856000
 Curr       429        0      429          0 988.796344   0.002000   0.856000
 Curr       429        0      429  Conv   -1   2.91E-10   0.002000   0.858000
 Curr       430        0      430          0   1252.133   0.002000   0.858000
 Curr       430        0      430  Conv   -1   8.29E-11   0.002000   0.860000
 Curr       431        0      431          0   1352.265   0.002000   0.860000
 Curr       431        0      431  Conv   -1   6.22E-11   0.002000   0.862000
 Curr       432        0      432          0   1505.383   0.002000   0.862000
 Curr       432        0      432  Conv   -1   2.40E-11   0.002000   0.864000
 Curr       433        0      433          0   1604.329   0.002000   0.864000
 Curr       433        0      433  Conv   -1   3.82E-11   0.002000   0.866000
 Curr       434        0      434          0   1654.078   0.002000   0.866000
 Curr       434        0      434  Conv   -1   2.55E-11   0.002000   0.868000
 Curr       435        0      435          0   1661.615   0.002000   0.868000
 Curr       435        0      435  Conv   -1   2.83E-11   0.002000   0.870000
 Curr       436        0      436          0   1633.086   0.002000   0.870000
 Curr       436        0      436  Conv   -1   5.37E-11   0.002000   0.872000
 Curr       437        0      437          0   1574.453   0.002000   0.872000
 Curr       437        0      437  Conv   -1   3.47E-11   0.002000   0.874000
 Curr       438        0      438          0   1491.463   0.002000   0.874000
 Curr       438        0      438  Conv   -1   5.52E-11   0.002000   0.876000
 Curr       439        0      439          0   1389.299   0.002000   0.876000
 Curr       439        0      439  Conv   -1   1.51E-10   0.002000   0.878000
 Curr       440        0      440          0   1272.717   0.002000   0.878000
 Curr       440        0      440  Conv   -1   3.28E-11   0.002000   0.880000
 Curr       441        0      441          0   1045.120   0.002000   0.880000
 Curr       441        0      441  Conv   -1   1.62E-10   0.002000   0.882000
 Curr       442        0      442          0 927.124614   0.002000   0.882000
 Curr       442        0      442  Conv   -1   4.97E-11   0.002000   0.884000
 Curr       443        0      443          0 807.372093   0.002000   0.884000
 Curr       443        0      443  Conv   -1   5.34E-11   0.002000   0.886000
 Curr       444        0      444          0 688.009168   0.002000   0.886000
 Curr       444        0      444  Conv   -1   9.31E-11   0.002000   0.888000
 Curr       445        0      445          0 574.380339   0.002000   0.888000
 Curr       445        0      445  Conv   -1   8.77E-11   0.002000   0.890000
 Curr       446        0      446          0 470.734782   0.002000   0.890000
 Curr       446        0      446  Conv   -1   2.85E-11   0.002000   0.892000
 Curr       447        0      447          0 382.418731   0.002000   0.892000
 Curr       447        0      447  Conv   -1   9.01E-12   0.002000   0.894000
 Curr       448        0      448          0 317.570981   0.002000   0.894000
 Curr       448        0      448  Conv   -1   2.84E-11   0.002000   0.896000
 Curr       449        0      449          0 284.499472   0.002000   0.896000
 Curr       449        0      449  Conv   -1   3.63E-11   0.002000   0.898000
 Curr       450        0      450          0 285.638118   0.002000   0.898000
 Curr       450        0      450  Conv   -1   9.12E-11   0.002000   0.900000
 Curr       451        0      451          0 406.287529   0.002000   0.900000
 Curr       451        0      451  Conv   -1   2.77E-11   0.002000   0.902000
 Curr       452        0      452          0 454.266128   0.002000   0.902000
 Curr       452        0      452  Conv   -1   5.41E-11   0.002000   0.904000
 Curr       453        0      453          0 496.527731   0.002000   0.904000
 Curr       453        0      453  Conv   -1   2.55E-11   0.002000   0.906000
 Curr       454        0      454          0 530.647536   0.002000   0.906000
 Curr       454        0      454  Conv   -1   2.94E-11   0.002000   0.908000
 Curr       455        0      455          0 557.954987   0.002000   0.908000
 Curr       455        0      455  Conv   -1   4.48E-11   0.002000   0.910000
 Curr       456        0      456          0 577.315070   0.002000   0.910000
 Curr       456        0      456  Conv   -1   6.80E-11   0.002000   0.912000
 Curr       457        0      457          0 587.807678   0.002000   0.912000
 Curr       457        0      457  Conv   -1   6.64E-11   0.002000   0.914000
 Curr       458        0      458          0 589.386494   0.002000   0.914000
 Curr       458        0      458  Conv   -1   4.11E-11   0.002000   0.916000
 Curr       459        0      459          0 582.009163   0.002000   0.916000
 Curr       459        0      459  Conv   -1   1.86E-11   0.002000   0.918000
 Curr       460        0      460          0 566.066768   0.002000   0.918000
 Curr       460        0      460  Conv   -1   1.19E-11   0.002000   0.920000
 Curr       461        0      461          0 646.153379   0.002000   0.920000
 Curr       461        0      461  Conv   -1   7.73E-11   0.002000   0.922000
 Curr       462        0      462          0 614.004518   0.002000   0.922000
 Curr       462        0      462  Conv   -1   2.48E-11   0.002000   0.924000
 Curr       463        0      463          0 573.396539   0.002000   0.924000
 Curr       463        0      463  Conv   -1   2.00E-11   0.002000   0.926000
 Curr       464        0      464          0 525.276910   0.002000   0.926000
 Curr       464        0      464  Conv   -1   7.44E-11   0.002000   0.928000
 Curr       465        0      465          0 473.322049   0.002000   0.928000
 Curr       465        0      465  Conv   -1   1.15E-10   0.002000   0.930000
 Curr       466        0      466          0 419.454047   0.002000   0.930000
 Curr       466        0      466  Conv   -1   9.01E-11   0.002000   0.932000
 Curr       467        0      467          0 365.485096   0.002000   0.932000
 Curr       467        0      467  Conv   -1   9.48E-11   0.002000   0.934000
 Curr       468        0      468          0 314.474882   0.002000   0.934000
 Curr       468        0      468  Conv   -1   2.36E-11   0.002000   0.936000
 Curr       469        0      469          0 270.086404   0.002000   0.936000
 Curr       469        0      469  Conv   -1   7.87E-11   0.002000   0.938000
 Curr       470        0      470          0 237.347575   0.002000   0.938000
 Curr       470        0      470  Conv   -1   4.52E-11   0.002000   0.940000
 Curr       471        0      471          0 268.406280   0.002000   0.940000
 Curr       471        0      471  Conv   -1   8.16E-12   0.002000   0.942000
 Curr       472        0      472          0 251.983547   0.002000   0.942000
 Curr       472        0      472  Conv   -1   2.53E-11   0.002000   0.944000
 Curr       473        0      473          0 251.363618   0.002000   0.944000
 Curr       473        0      473  Conv   -1   1.09E-10   0.002000   0.946000
 Curr       474        0      474          0 264.542441   0.002000   0.946000
 Curr       474        0      474  Conv   -1   3.02E-12   0.002000   0.948000
 Curr       475        0      475          0 291.250481   0.002000   0.948000
 Curr       475        0      475  Conv   -1   4.06E-11   0.002000   0.950000
 Curr       476        0      476          0 325.581944   0.002000   0.950000
 Curr       476        0      476  Conv   -1   3.46E-11   0.002000   0.952000
 Curr       477        0      477          0 361.904756   0.002000   0.952000
 Curr       477        0      477  Conv   -1   3.89E-11   0.002000   0.954000
 Curr       478        0      478          0 396.937008   0.002000   0.954000
 Curr       478        0      478  Conv   -1   4.37E-11   0.002000   0.956000
 Curr       479        0      479          0 428.105154   0.002000   0.956000
 Curr       479        0      479  Conv   -1   3.90E-11   0.002000   0.958000
 Curr       480        0      480          0 453.742623   0.002000   0.958000
 Curr       480        0      480  Conv   -1   4.21E-11   0.002000   0.960000
 Curr       481        0      481          0 412.962296   0.002000   0.960000
 Curr       481        0      481  Conv   -1   3.64E-11   0.002000   0.962000
 Curr       482        0      482          0 427.713084   0.002000   0.962000
 Curr       482        0      482  Conv   -1   2.55E-11   0.002000   0.964000
 Curr       483        0      483          0 436.203584   0.002000   0.964000
 Curr       483        0      483  Conv   -1   3.14E-11   0.002000   0.966000
 Curr       484        0      484          0 437.257585   0.002000   0.966000
 Curr       484        0      484  Conv   -1   2.70E-11   0.002000   0.968000
 Curr       485        0      485          0 432.782525   0.002000   0.968000
 Curr       485        0      485  Conv   -1   5.57E-11   0.002000   0.970000
 Curr       486        0      486          0 422.715394   0.002000   0.970000
 Curr       486        0      486  Conv   -1   1.27E-11   0.002000   0.972000
 Curr       487        0      487          0 406.555592   0.002000   0.972000
 Curr       487        0      487  Conv   -1   3.58E-11   0.002000   0.974000
 Curr       488        0      488          0 384.589594   0.002000   0.974000
 Curr       488        0      488  Conv   -1   4.09E-11   0.002000   0.976000
 Curr       489        0      489          0 356.939011   0.002000   0.976000
 Curr       489        0      489  Conv   -1   1.39E-11   0.002000   0.978000
 Curr       490        0      490          0 323.932616   0.002000   0.978000
 Curr       490        0      490  Conv   -1   1.52E-11   0.002000   0.980000
 Curr       491        0      491          0 244.651702   0.002000   0.980000
 Curr       491        0      491  Conv   -1   2.49E-11   0.002000   0.982000
 Curr       492        0      492          0 214.235758   0.002000   0.982000
 Curr       492        0      492  Conv   -1   1.99E-11   0.002000   0.984000
 Curr       493        0      493          0 186.176219   0.002000   0.984000
 Curr       493        0      493  Conv   -1   2.65E-11   0.002000   0.986000
 Curr       494        0      494          0 161.307085   0.002000   0.986000
 Curr       494        0      494  Conv   -1   2.51E-11   0.002000   0.988000
 Curr       495        0      495          0 148.941169   0.002000   0.988000
 Curr       495        0      495  Conv   -1   2.47E-11   0.002000   0.990000
 Curr       496        0      496          0 153.641040   0.002000   0.990000
 Curr       496        0      496  Conv   -1   4.40E-12   0.002000   0.992000
 Curr       497        0      497          0 172.937808   0.002000   0.992000
 Curr       497        0      497  Conv   -1   6.70E-12   0.002000   0.994000
 Curr       498        0      498          0 202.324170   0.002000   0.994000
 Curr       498        0      498  Conv   -1   8.38E-12   0.002000   0.996000
 Curr       499        0      499          0 236.684939   0.002000   0.996000
 Curr       499        0      499  Conv   -1   8.87E-12   0.002000   0.998000
 Curr       500        0      500          0 272.449849   0.002000   0.998000
 Curr       500        0      500  Conv   -1   3.37E-12   0.002000   1.000000
 Curr       501        0      501          0 137.934424   0.002000   1.000000
 Curr       501        0      501  Conv   -1   7.20E-12   0.002000   1.002000

 TOTAL NUMBER OF CONVERGED STEPS SAVED     =         501
 TOTAL NUMBER OF CONVERGED STEPS NOT SAVED =           0
 TOTAL NUMBER OF NULL STEPS                =           0
                                               ----------
 TOTAL NUMBER OF ALL STEPS                 =         501

 TOTAL NUMBER OF ITERATIONS CONVERGED      =         501
 TOTAL NUMBER OF ITERATIONS DISCARDED      =           0
 FOR CONVERGED STEPS ONLY:
 AVERAGE NUMBER OF ITERATIONS PER STEP     =        1.00
 MAXIMUM NUMBER OF ITERATIONS PER STEP     =           1

 NUMBER OF STIFFNESS FORMATIONS/SOLUTIONS  =           1
 NUMBER OF DISPLACEMENT SOLUTIONS          =         501
 NUMBER OF STATE UPDATES                   =        1002
 NUMBER OF EVENTS TOTAL                    =           0

 TIME FOR CONTROLLING ANALYSIS             =        0.04
 TIME FOR CALCULATING LOADS                =        0.00
 TIME FOR UPDATING STATE                   =        0.16
 TIME FOR FORMING STIFFNESS MATRIX         =        0.00
 TIME FOR SOLVING STIFFNESS MATRIX         =        0.04
 TIME FOR CALCULATING DISPLACEMENTS        =        0.04
 TIME FOR DETERMINING EVENTS               =        0.00
 TIME FOR SAVING RESULTS                   =        0.06
                                               ----------
 TOTAL TIME FOR THIS ANALYSIS              =        0.34


 A N A L Y S I S   C O M P L E T E                          2023/06/18  05:27:40
