

 SAP2000 v24.1.0 Ultimate 64-bit (Analysis Build 9917/64)
 File: H:\Doctora\Thesis\model...-static-inelastic\3d-2side-static-inelastic.LOG




 B E G I N   A N A L Y S I S                                2023/07/30  19:45:12


 RUNNING ANALYSIS WITHIN THE GUI PROCESS
 USING THE ADVANCED SOLVER (PROVIDES LIMITED INSTABILITY INFORMATION)

 NUMBER OF JOINTS                          =           8
    WITH RESTRAINTS                        =           3
 NUMBER OF FRAME/CABLE/TENDON ELEMENTS     =           7
 NUMBER OF LOAD PATTERNS                   =           1
 NUMBER OF ACCELERATION LOADS              =           9
 NUMBER OF LOAD CASES                      =           1
 NUMBER OF MASS SOURCES                    =           1

 UNITS (FORCE, LENGTH, TEMPERATURE, TIME)  = N, m, °C, sec
 GRAVITATIONAL ACCELERATION                =    9.806650

 ADDRESSABLE PHYSICAL MEMORY (RAM)         =       3.888 GB

 PARALLELIZATION OF ANALYSIS OPERATIONS:
  (Env. variable SAPFIRE_NUM_THREADS not set)
 NUMBER OF THREADS: STATE (AUTOMATIC)      =           2
 NUMBER OF THREADS: STIFFNESS (AUTOMATIC)  =           2
 NUMBER OF THREADS: EVENT (AUTOMATIC)      =           2
 NUMBER OF THREADS: MOVE (AUTOMATIC)       =           2
 NUMBER OF THREADS: RESPONSE (AUTOMATIC)   =           2
 NUMBER OF THREADS: SOLVE (AUTOMATIC)      =           2
 NUMBER OF THREADS: FORM (AUTOMATIC)       =           2


 N O N L I N E A R   S T A T I C   A N A L Y S I S                      19:45:12

 CASE: STATIC-INELASTIC

 STARTING FROM ZERO (UNSTRESSED) INITIAL CONDITIONS

 LOAD CONTROL TYPE                         =       FORCE
 TYPE OF GEOMETRIC NONLINEARITY            =        NONE
 USE EVENT STEPPING                        =         YES
 USE ITERATION                             =         YES
 USE LINE SEARCH                           =          NO
 EVENT LUMPING TOLERANCE                   =    0.010000
 FORCE CONVERGENCE TOLERANCE (RELATIVE)    =    0.000100


 E L E M E N T   F O R M A T I O N                                      19:45:12


 Negative iterations are Constant-Stiffness
 Positive iterations are Newton-Raphson

  Saved    Null   Total  Iteration   Relative  Curr Step   Curr Sum    Max Sum
  Steps   Steps   Steps  this Step  Unbalance       Size   of Steps   of Steps
 (    1      50     200     -10/40   1.000000   1.000000   1.000000   1.000000)

      0       0       1  Conv   -1   2.02E-09   0.872947   0.872947   0.872947
      0       0       2  Conv   -1   0.792929   0.016048   0.888995   0.888995
      0       0       3         -1   4.489271   0.010224   0.888995   0.888995
      0       0       3         -2   4.788713   0.010224   0.888995   0.888995
      0       0       3         -3   4.780483   0.010224   0.888995   0.888995
      0       0       3         -4   4.602411   0.010224   0.888995   0.888995
      0       0       3         -5   4.389809   0.010224   0.888995   0.888995
      0       0       3         -6   4.179154   0.010224   0.888995   0.888995
      0       0       3         -7   3.979558   0.010224   0.888995   0.888995
      0       0       3         -8   3.792685   0.010224   0.888995   0.888995
      0       0       3         -9   3.618199   0.010224   0.888995   0.888995
      0       0       3        -10   3.477628   0.010224   0.888995   0.888995
      0       0       3         -1   1.912487   0.005112   0.888995   0.888995
      0       0       3         -2   1.779448   0.005112   0.888995   0.888995
      0       0       3         -3   1.733516   0.005112   0.888995   0.888995
      0       0       3         -4   1.688758   0.005112   0.888995   0.888995
      0       0       3         -5   1.645161   0.005112   0.888995   0.888995
      0       0       3         -6   1.602694   0.005112   0.888995   0.888995
      0       0       3         -7   1.561328   0.005112   0.888995   0.888995
      0       0       3         -8   1.521034   0.005112   0.888995   0.888995
      0       0       3         -9   1.481784   0.005112   0.888995   0.888995
      0       0       3        -10   1.443550   0.005112   0.888995   0.888995
      0       0       3          1   1.912487   0.005112   0.888995   0.888995
      0       0       3          2   1.807009   0.005112   0.888995   0.888995
      0       0       3          3   1.567438   0.005112   0.888995   0.888995
      0       0       3          4   2.486385   0.005112   0.888995   0.888995
      0       0       3          5   2.823330   0.005112   0.888995   0.888995
      0       0       3          6   5.476700   0.005112   0.888995   0.888995
      0       0       3          7   8.333908   0.005112   0.888995   0.888995
      0       0       3          8   1.046864   0.005112   0.888995   0.888995
      0       0       3  Conv    9   0.914960   0.005112   0.894108   0.894108
      0       0       4          1   5.162478   0.010224   0.894108   0.894108
      0       0       4          2   5.071147   0.010224   0.894108   0.894108
      0       0       4          3   4.945092   0.010224   0.894108   0.894108
      0       0       4          4   4.827541   0.010224   0.894108   0.894108
      0       0       4          5   4.712765   0.010224   0.894108   0.894108
      0       0       4          6   4.600739   0.010224   0.894108   0.894108
      0       0       4          7   4.491394   0.010224   0.894108   0.894108
      0       0       4          8   4.384667   0.010224   0.894108   0.894108
      0       0       4          9   4.280494   0.010224   0.894108   0.894108
      0       0       4         10   4.178812   0.010224   0.894108   0.894108
      0       0       4         11   4.079562   0.010224   0.894108   0.894108
      0       0       4         12   3.982685   0.010224   0.894108   0.894108
      0       0       4         13   3.888122   0.010224   0.894108   0.894108
      0       0       4         14   3.795819   0.010224   0.894108   0.894108
      0       0       4         15   3.705719   0.010224   0.894108   0.894108
      0       0       4         16   3.617771   0.010224   0.894108   0.894108
      0       0       4         17   3.531922   0.010224   0.894108   0.894108
      0       0       4         18   3.448122   0.010224   0.894108   0.894108
      0       0       4         19   3.366321   0.010224   0.894108   0.894108
      0       0       4         20   3.286470   0.010224   0.894108   0.894108
      0       0       4         21   3.208523   0.010224   0.894108   0.894108
      0       0       4         22   3.132435   0.010224   0.894108   0.894108
      0       0       4         23   3.058159   0.010224   0.894108   0.894108
      0       0       4         24   2.985654   0.010224   0.894108   0.894108
      0       0       4         25   2.914875   0.010224   0.894108   0.894108
      0       0       4         26   2.845782   0.010224   0.894108   0.894108
      0       0       4         27   2.778334   0.010224   0.894108   0.894108
      0       0       4         28   2.712491   0.010224   0.894108   0.894108
      0       0       4         29   2.648215   0.010224   0.894108   0.894108
      0       0       4         30   2.585469   0.010224   0.894108   0.894108
      0       0       4         31   2.524216   0.010224   0.894108   0.894108
      0       0       4         32   2.464419   0.010224   0.894108   0.894108
      0       0       4         -1   2.230191   0.005112   0.894108   0.894108
      0       0       4         -2   2.066464   0.005112   0.894108   0.894108
      0       0       4         -3   2.000192   0.005112   0.894108   0.894108
      0       0       4         -4   1.936045   0.005112   0.894108   0.894108
      0       0       4         -5   1.873962   0.005112   0.894108   0.894108
      0       0       4         -6   1.813877   0.005112   0.894108   0.894108
      0       0       4         -7   1.755725   0.005112   0.894108   0.894108
      0       0       4         -8   1.699442   0.005112   0.894108   0.894108
      0       0       4         -9   1.644970   0.005112   0.894108   0.894108
      0       0       4        -10   1.592248   0.005112   0.894108   0.894108
      0       0       4          1   2.230191   0.005112   0.894108   0.894108
      0       0       4          2   2.128443   0.005112   0.894108   0.894108
      0       0       4          3   2.075544   0.005112   0.894108   0.894108
      0       0       4          4   2.026230   0.005112   0.894108   0.894108
      0       0       4          5   1.978074   0.005112   0.894108   0.894108
      0       0       4          6   1.931066   0.005112   0.894108   0.894108
      0       0       4          7   1.885179   0.005112   0.894108   0.894108
      0       0       4          8   1.840385   0.005112   0.894108   0.894108
      0       0       4          9   1.796659   0.005112   0.894108   0.894108
      0       0       4         10   1.753975   0.005112   0.894108   0.894108
      0       0       4         11   1.712308   0.005112   0.894108   0.894108
      0       0       4         12   1.671633   0.005112   0.894108   0.894108
      0       0       4         13   1.631927   0.005112   0.894108   0.894108
      0       0       4         14   1.593166   0.005112   0.894108   0.894108
      0       0       4         15   1.555329   0.005112   0.894108   0.894108
      0       0       4         16   1.518392   0.005112   0.894108   0.894108
      0       0       4         17   1.482335   0.005112   0.894108   0.894108
      0       0       4         18   1.447136   0.005112   0.894108   0.894108
      0       0       4         19   1.412774   0.005112   0.894108   0.894108
      0       0       4         20   1.379231   0.005112   0.894108   0.894108
      0       0       4         21   1.346485   0.005112   0.894108   0.894108
      0       0       4         22   1.314519   0.005112   0.894108   0.894108
      0       0       4         23   1.283313   0.005112   0.894108   0.894108
      0       0       4         24   1.252849   0.005112   0.894108   0.894108
      0       0       4         25   1.223110   0.005112   0.894108   0.894108
      0       0       4         26   1.194079   0.005112   0.894108   0.894108
      0       0       4         27   1.165737   0.005112   0.894108   0.894108
      0       0       4         28   1.138070   0.005112   0.894108   0.894108
      0       0       4         29   1.111060   0.005112   0.894108   0.894108
      0       0       4         30   1.084693   0.005112   0.894108   0.894108
      0       0       4         31   1.058952   0.005112   0.894108   0.894108
      0       0       4         32   1.033823   0.005112   0.894108   0.894108
      0       1       5  Conv   -1   0.809763   0.002556   0.896664   0.896664
      0       1       6         -1   0.448277   0.005112   0.896664   0.896664
      0       1       6         -1   0.928755   0.010224   0.896664   0.896664
      0       1       6         -1   2.720490   0.026011   0.896664   0.896664
      0       1       6         -2   2.859915   0.026011   0.896664   0.896664
      0       1       6         -3   2.659994   0.026011   0.896664   0.896664
      0       1       6         -4   2.541304   0.026011   0.896664   0.896664
      0       1       6         -5   2.456421   0.026011   0.896664   0.896664
      0       1       6         -6   2.385653   0.026011   0.896664   0.896664
      0       1       6         -7   2.321297   0.026011   0.896664   0.896664
      0       1       6         -8   2.260366   0.026011   0.896664   0.896664
      0       1       6         -9   2.201691   0.026011   0.896664   0.896664
      0       1       6        -10   2.144798   0.026011   0.896664   0.896664
      0       1       6          1   1.216293   0.013006   0.896664   0.896664
      0       1       6  Conv    2   0.758613   0.013006   0.909669   0.909669
      0       1       7          1  10.539712   0.013036   0.909669   0.909669
      0       1       7          2  10.587128   0.013036   0.909669   0.909669
      0       1       7          3  10.327820   0.013036   0.909669   0.909669
      0       1       7          4  10.083020   0.013036   0.909669   0.909669
      0       1       7          5   9.843953   0.013036   0.909669   0.909669
      0       1       7          6   9.610645   0.013036   0.909669   0.909669
      0       1       7          7   9.382948   0.013036   0.909669   0.909669
      0       1       7          8   9.160725   0.013036   0.909669   0.909669
      0       1       7          9   8.943840   0.013036   0.909669   0.909669
      0       1       7         10   8.732161   0.013036   0.909669   0.909669
      0       1       7         11   8.525559   0.013036   0.909669   0.909669
      0       1       7         12   8.323910   0.013036   0.909669   0.909669
      0       1       7         13   8.127091   0.013036   0.909669   0.909669
      0       1       7         14   7.934984   0.013036   0.909669   0.909669
      0       1       7         15   7.747473   0.013036   0.909669   0.909669
      0       1       7         16   7.564446   0.013036   0.909669   0.909669
      0       1       7         17   7.385793   0.013036   0.909669   0.909669
      0       1       7         18   7.211407   0.013036   0.909669   0.909669
      0       1       7         19   7.041183   0.013036   0.909669   0.909669
      0       1       7         20   6.875021   0.013036   0.909669   0.909669
      0       1       7         21   6.712821   0.013036   0.909669   0.909669
      0       1       7         22   6.554486   0.013036   0.909669   0.909669
      0       1       7         23   6.399923   0.013036   0.909669   0.909669
      0       1       7         24   6.249041   0.013036   0.909669   0.909669
      0       1       7         25   6.101749   0.013036   0.909669   0.909669
      0       1       7         26   5.957960   0.013036   0.909669   0.909669
      0       1       7         27   5.817591   0.013036   0.909669   0.909669
      0       1       7         28   5.680558   0.013036   0.909669   0.909669
      0       1       7         29   5.546780   0.013036   0.909669   0.909669
      0       1       7         30   5.416178   0.013036   0.909669   0.909669
      0       1       7         31   5.288677   0.013036   0.909669   0.909669
      0       1       7         32   5.164201   0.013036   0.909669   0.909669
      0       1       7          1   3.635739   0.006518   0.909669   0.909669
      0       1       7          2   3.652758   0.006518   0.909669   0.909669
      0       1       7          3   3.561789   0.006518   0.909669   0.909669
      0       1       7          4   3.476869   0.006518   0.909669   0.909669
      0       1       7          5   3.393955   0.006518   0.909669   0.909669
      0       1       7          6   3.313030   0.006518   0.909669   0.909669
      0       1       7          7   3.234044   0.006518   0.909669   0.909669
      0       1       7          8   3.156951   0.006518   0.909669   0.909669
      0       1       7          9   3.081705   0.006518   0.909669   0.909669
      0       1       7         10   3.008261   0.006518   0.909669   0.909669
      0       1       7         11   2.936576   0.006518   0.909669   0.909669
      0       1       7         12   2.866608   0.006518   0.909669   0.909669
      0       1       7         13   2.798314   0.006518   0.909669   0.909669
      0       1       7         14   2.731654   0.006518   0.909669   0.909669
      0       1       7         15   2.666589   0.006518   0.909669   0.909669
      0       1       7         16   2.603081   0.006518   0.909669   0.909669
      0       1       7         17   2.541091   0.006518   0.909669   0.909669
      0       1       7         18   2.480584   0.006518   0.909669   0.909669
      0       1       7         19   2.421523   0.006518   0.909669   0.909669
      0       1       7         20   2.363873   0.006518   0.909669   0.909669
      0       1       7         21   2.307601   0.006518   0.909669   0.909669
      0       1       7         22   2.252674   0.006518   0.909669   0.909669
      0       1       7         23   2.199059   0.006518   0.909669   0.909669
      0       1       7         24   2.146724   0.006518   0.909669   0.909669
      0       1       7         25   2.095639   0.006518   0.909669   0.909669
      0       1       7         26   2.045774   0.006518   0.909669   0.909669
      0       1       7         27   1.997099   0.006518   0.909669   0.909669
      0       1       7         28   1.949586   0.006518   0.909669   0.909669
      0       1       7         29   1.903207   0.006518   0.909669   0.909669
      0       1       7         30   1.857934   0.006518   0.909669   0.909669
      0       1       7         31   1.813741   0.006518   0.909669   0.909669
      0       1       7         32   1.770603   0.006518   0.909669   0.909669
      0       2       8         -1   1.754143   0.003259   0.909669   0.909669
      0       2       8         -2   1.713038   0.003259   0.909669   0.909669
      0       2       8         -3   1.657920   0.003259   0.909669   0.909669
      0       2       8         -4   1.604577   0.003259   0.909669   0.909669
      0       2       8         -5   1.552954   0.003259   0.909669   0.909669
      0       2       8         -6   1.502997   0.003259   0.909669   0.909669
      0       2       8         -7   1.454652   0.003259   0.909669   0.909669
      0       2       8         -8   1.407865   0.003259   0.909669   0.909669
      0       2       8         -9   1.362587   0.003259   0.909669   0.909669
      0       2       8        -10   1.318769   0.003259   0.909669   0.909669
      0       2       8          1   1.754143   0.003259   0.909669   0.909669
      0       2       8          2   1.773717   0.003259   0.909669   0.909669
      0       2       8          3   1.729612   0.003259   0.909669   0.909669
      0       2       8          4   1.688387   0.003259   0.909669   0.909669
      0       2       8          5   1.648133   0.003259   0.909669   0.909669
      0       2       8          6   1.608841   0.003259   0.909669   0.909669
      0       2       8          7   1.570488   0.003259   0.909669   0.909669
      0       2       8          8   1.533053   0.003259   0.909669   0.909669
      0       2       8          9   1.496511   0.003259   0.909669   0.909669
      0       2       8         10   1.460843   0.003259   0.909669   0.909669
      0       2       8         11   1.426027   0.003259   0.909669   0.909669
      0       2       8         12   1.392042   0.003259   0.909669   0.909669
      0       2       8         13   1.358869   0.003259   0.909669   0.909669
      0       2       8         14   1.326489   0.003259   0.909669   0.909669
      0       2       8         15   1.294881   0.003259   0.909669   0.909669
      0       2       8         16   1.264029   0.003259   0.909669   0.909669
      0       2       8         17   1.233913   0.003259   0.909669   0.909669
      0       2       8         18   1.204516   0.003259   0.909669   0.909669
      0       2       8         19   1.175820   0.003259   0.909669   0.909669
      0       2       8         20   1.147810   0.003259   0.909669   0.909669
      0       2       8         21   1.120468   0.003259   0.909669   0.909669
      0       2       8         22   1.093778   0.003259   0.909669   0.909669
      0       2       8         23   1.067725   0.003259   0.909669   0.909669
      0       2       8         24   1.042294   0.003259   0.909669   0.909669
      0       2       8         25   1.017470   0.003259   0.909669   0.909669
      0       2       8  Conv   26   0.993238   0.003259   0.912928   0.912928
      0       2       9          1   4.201480   0.006518   0.912928   0.912928
      0       2       9          2  18.786854   0.006518   0.912928   0.912928
      0       2       9          3  30.050720   0.006518   0.912928   0.912928
      0       2       9          4  48.372521   0.006518   0.912928   0.912928
      0       2       9          5   0.261862   0.006518   0.912928   0.912928
      0       2       9          1 158.339475   0.003597   0.912928   0.912928
      0       2       9          2 337.814606   0.003597   0.912928   0.912928
      0       2       9          3  27.580975   0.003597   0.912928   0.912928
      0       2       9          4   6.484663   0.003597   0.912928   0.912928
      0       2       9  Conv    5   0.001432   0.003597   0.916526   0.916526
      0       2      10          1   1.290045   0.006163   0.916526   0.916526
      0       2      10  Conv    2   0.001330   0.006163   0.922689   0.922689
      0       2      11          1  49.154058   0.052142   0.922689   0.922689
      0       2      11          2  48.789062   0.052142   0.922689   0.922689
      0       2      11          3  47.562013   0.052142   0.922689   0.922689
      0       2      11          4  46.435983   0.052142   0.922689   0.922689
      0       2      11          5  45.337629   0.052142   0.922689   0.922689
      0       2      11          6  44.267038   0.052142   0.922689   0.922689
      0       2      11          7  43.223397   0.052142   0.922689   0.922689
      0       2      11          8  42.205933   0.052142   0.922689   0.922689
      0       2      11          9  41.213900   0.052142   0.922689   0.922689
      0       2      11         10  40.246581   0.052142   0.922689   0.922689
      0       2      11         11  39.303283   0.052142   0.922689   0.922689
      0       2      11         12  38.383335   0.052142   0.922689   0.922689
      0       2      11         13  37.486090   0.052142   0.922689   0.922689
      0       2      11         14  36.610927   0.052142   0.922689   0.922689
      0       2      11         15  35.757239   0.052142   0.922689   0.922689
      0       2      11         16  34.924444   0.052142   0.922689   0.922689
      0       2      11         17  34.111977   0.052142   0.922689   0.922689
      0       2      11         18  33.319292   0.052142   0.922689   0.922689
      0       2      11         19  32.545861   0.052142   0.922689   0.922689
      0       2      11         20  31.791169   0.052142   0.922689   0.922689
      0       2      11         21  31.054725   0.052142   0.922689   0.922689
      0       2      11         22  30.336044   0.052142   0.922689   0.922689
      0       2      11         23  29.634664   0.052142   0.922689   0.922689
      0       2      11         24  28.950130   0.052142   0.922689   0.922689
      0       2      11         25  28.282007   0.052142   0.922689   0.922689
      0       2      11         26  27.629869   0.052142   0.922689   0.922689
      0       2      11         27  26.993307   0.052142   0.922689   0.922689
      0       2      11         28  26.371920   0.052142   0.922689   0.922689
      0       2      11         29  25.765318   0.052142   0.922689   0.922689
      0       2      11         30  25.173126   0.052142   0.922689   0.922689
      0       2      11         31  24.594979   0.052142   0.922689   0.922689
      0       2      11         32  24.030521   0.052142   0.922689   0.922689
      0       2      11          1  27.849039   0.026071   0.922689   0.922689
      0       2      11          2  27.784593   0.026071   0.922689   0.922689
      0       2      11          3  27.087692   0.026071   0.922689   0.922689
      0       2      11          4  26.445955   0.026071   0.922689   0.922689
      0       2      11          5  25.819578   0.026071   0.922689   0.922689
      0       2      11          6  25.208630   0.026071   0.922689   0.922689
      0       2      11          7  24.612696   0.026071   0.922689   0.922689
      0       2      11          8  24.031377   0.026071   0.922689   0.922689
      0       2      11          9  23.464287   0.026071   0.922689   0.922689
      0       2      11         10  22.911052   0.026071   0.922689   0.922689
      0       2      11         11  22.371309   0.026071   0.922689   0.922689
      0       2      11         12  21.844705   0.026071   0.922689   0.922689
      0       2      11         13  21.330898   0.026071   0.922689   0.922689
      0       2      11         14  20.829558   0.026071   0.922689   0.922689
      0       2      11         15  20.340361   0.026071   0.922689   0.922689
      0       2      11         16  19.862996   0.026071   0.922689   0.922689
      0       2      11         17  19.397159   0.026071   0.922689   0.922689
      0       2      11         18  18.942555   0.026071   0.922689   0.922689
      0       2      11         19  18.498897   0.026071   0.922689   0.922689
      0       2      11         20  18.065907   0.026071   0.922689   0.922689
      0       2      11         21  17.643314   0.026071   0.922689   0.922689
      0       2      11         22  17.230857   0.026071   0.922689   0.922689
      0       2      11         23  16.828278   0.026071   0.922689   0.922689
      0       2      11         24  16.435331   0.026071   0.922689   0.922689
      0       2      11         25  16.051771   0.026071   0.922689   0.922689
      0       2      11         26  15.677366   0.026071   0.922689   0.922689
      0       2      11         27  15.311886   0.026071   0.922689   0.922689
      0       2      11         28  14.955110   0.026071   0.922689   0.922689
      0       2      11         29  14.606820   0.026071   0.922689   0.922689
      0       2      11         30  14.266808   0.026071   0.922689   0.922689
      0       2      11         31  13.934866   0.026071   0.922689   0.922689
      0       2      11         32  13.610797   0.026071   0.922689   0.922689
      0       3      12          1  17.202294   0.013036   0.922689   0.922689
      0       3      12          2  17.274595   0.013036   0.922689   0.922689
      0       3      12          3  16.842668   0.013036   0.922689   0.922689
      0       3      12          4  16.443505   0.013036   0.922689   0.922689
      0       3      12          5  16.053774   0.013036   0.922689   0.922689
      0       3      12          6  15.673514   0.013036   0.922689   0.922689
      0       3      12          7  15.302479   0.013036   0.922689   0.922689
      0       3      12          8  14.940434   0.013036   0.922689   0.922689
      0       3      12          9  14.587151   0.013036   0.922689   0.922689
      0       3      12         10  14.242409   0.013036   0.922689   0.922689
      0       3      12         11  13.905990   0.013036   0.922689   0.922689
      0       3      12         12  13.577686   0.013036   0.922689   0.922689
      0       3      12         13  13.257292   0.013036   0.922689   0.922689
      0       3      12         14  12.944610   0.013036   0.922689   0.922689
      0       3      12         15  12.639447   0.013036   0.922689   0.922689
      0       3      12         16  12.341615   0.013036   0.922689   0.922689
      0       3      12         17  12.050931   0.013036   0.922689   0.922689
      0       3      12         18  11.767217   0.013036   0.922689   0.922689
      0       3      12         19  11.490299   0.013036   0.922689   0.922689
      0       3      12         20  11.220009   0.013036   0.922689   0.922689
      0       3      12         21  10.956184   0.013036   0.922689   0.922689
      0       3      12         22  10.698662   0.013036   0.922689   0.922689
      0       3      12         23  10.447290   0.013036   0.922689   0.922689
      0       3      12         24  10.201915   0.013036   0.922689   0.922689
      0       3      12         25   9.962389   0.013036   0.922689   0.922689
      0       3      12         26   9.728568   0.013036   0.922689   0.922689
      0       3      12         27   9.500315   0.013036   0.922689   0.922689
      0       3      12         28   9.277491   0.013036   0.922689   0.922689
      0       3      12         29   9.059964   0.013036   0.922689   0.922689
      0       3      12         30   8.847605   0.013036   0.922689   0.922689
      0       3      12         31   8.640287   0.013036   0.922689   0.922689
      0       3      12         32   8.437887   0.013036   0.922689   0.922689
      0       4      13          1  11.855253   0.006518   0.922689   0.922689
      0       4      13          2  11.983368   0.006518   0.922689   0.922689
      0       4      13          3  11.684754   0.006518   0.922689   0.922689
      0       4      13          4  11.407774   0.006518   0.922689   0.922689
      0       4      13          5  11.137305   0.006518   0.922689   0.922689
      0       4      13          6  10.873362   0.006518   0.922689   0.922689
      0       4      13          7  10.615781   0.006518   0.922689   0.922689
      0       4      13          8  10.364401   0.006518   0.922689   0.922689
      0       4      13          9  10.119069   0.006518   0.922689   0.922689
      0       4      13         10   9.879636   0.006518   0.922689   0.922689
      0       4      13         11   9.645953   0.006518   0.922689   0.922689
      0       4      13         12   9.417881   0.006518   0.922689   0.922689
      0       4      13         13   9.195278   0.006518   0.922689   0.922689
      0       4      13         14   8.978011   0.006518   0.922689   0.922689
      0       4      13         15   8.765948   0.006518   0.922689   0.922689
      0       4      13         16   8.558961   0.006518   0.922689   0.922689
      0       4      13         17   8.356925   0.006518   0.922689   0.922689
      0       4      13         18   8.159719   0.006518   0.922689   0.922689
      0       4      13         19   7.967224   0.006518   0.922689   0.922689
      0       4      13         20   7.779324   0.006518   0.922689   0.922689
      0       4      13         21   7.595909   0.006518   0.922689   0.922689
      0       4      13         22   7.416867   0.006518   0.922689   0.922689
      0       4      13         23   7.242093   0.006518   0.922689   0.922689
      0       4      13         24   7.071482   0.006518   0.922689   0.922689
      0       4      13         25   6.904933   0.006518   0.922689   0.922689
      0       4      13         26   6.742347   0.006518   0.922689   0.922689
      0       4      13         27   6.583628   0.006518   0.922689   0.922689
      0       4      13         28   6.428682   0.006518   0.922689   0.922689
      0       4      13         29   6.277419   0.006518   0.922689   0.922689
      0       4      13         30   6.129747   0.006518   0.922689   0.922689
      0       4      13         31   5.985581   0.006518   0.922689   0.922689
      0       4      13         32   5.844836   0.006518   0.922689   0.922689
      0       5      14         -1   9.185482   0.003259   0.922689   0.922689
      0       5      14         -2   9.010589   0.003259   0.922689   0.922689
      0       5      14         -3   8.721577   0.003259   0.922689   0.922689
      0       5      14         -4   8.441866   0.003259   0.922689   0.922689
      0       5      14         -5   8.171261   0.003259   0.922689   0.922689
      0       5      14         -6   7.909458   0.003259   0.922689   0.922689
      0       5      14         -7   7.656160   0.003259   0.922689   0.922689
      0       5      14         -8   7.411085   0.003259   0.922689   0.922689
      0       5      14         -9   7.173959   0.003259   0.922689   0.922689
      0       5      14        -10   6.944516   0.003259   0.922689   0.922689
      0       5      14          1   9.185585   0.003259   0.922689   0.922689
      0       5      14          2   9.332224   0.003259   0.922689   0.922689
      0       5      14          3   9.100383   0.003259   0.922689   0.922689
      0       5      14          4   8.884637   0.003259   0.922689   0.922689
      0       5      14          5   8.673955   0.003259   0.922689   0.922689
      0       5      14          6   8.468337   0.003259   0.922689   0.922689
      0       5      14          7   8.267658   0.003259   0.922689   0.922689
      0       5      14          8   8.071796   0.003259   0.922689   0.922689
      0       5      14          9   7.880632   0.003259   0.922689   0.922689
      0       5      14         10   7.694051   0.003259   0.922689   0.922689
      0       5      14         11   7.511940   0.003259   0.922689   0.922689
      0       5      14         12   7.334189   0.003259   0.922689   0.922689
      0       5      14         13   7.160691   0.003259   0.922689   0.922689
      0       5      14         14   6.991344   0.003259   0.922689   0.922689
      0       5      14         15   6.826044   0.003259   0.922689   0.922689
      0       5      14         16   6.664694   0.003259   0.922689   0.922689
      0       5      14         17   6.507196   0.003259   0.922689   0.922689
      0       5      14         18   6.353457   0.003259   0.922689   0.922689
      0       5      14         19   6.203386   0.003259   0.922689   0.922689
      0       5      14         20   6.056894   0.003259   0.922689   0.922689
      0       5      14         21   5.913892   0.003259   0.922689   0.922689
      0       5      14         22   5.774297   0.003259   0.922689   0.922689
      0       5      14         23   5.638026   0.003259   0.922689   0.922689
      0       5      14         24   5.504999   0.003259   0.922689   0.922689
      0       5      14         25   5.375137   0.003259   0.922689   0.922689
      0       5      14         26   5.248364   0.003259   0.922689   0.922689
      0       5      14         27   5.124603   0.003259   0.922689   0.922689
      0       5      14         28   5.003784   0.003259   0.922689   0.922689
      0       5      14         29   4.885835   0.003259   0.922689   0.922689
      0       5      14         30   4.770686   0.003259   0.922689   0.922689
      0       5      14         31   4.658272   0.003259   0.922689   0.922689
      0       5      14         32   4.548524   0.003259   0.922689   0.922689
      0       6      15          1   7.854745   0.001629   0.922689   0.922689
      0       6      15          2   8.005545   0.001629   0.922689   0.922689
      0       6      15          3   7.807112   0.001629   0.922689   0.922689
      0       6      15          4   7.622012   0.001629   0.922689   0.922689
      0       6      15          5   7.441256   0.001629   0.922689   0.922689
      0       6      15          6   7.264836   0.001629   0.922689   0.922689
      0       6      15          7   7.092647   0.001629   0.922689   0.922689
      0       6      15          8   6.924584   0.001629   0.922689   0.922689
      0       6      15          9   6.760547   0.001629   0.922689   0.922689
      0       6      15         10   6.600436   0.001629   0.922689   0.922689
      0       6      15         11   6.444156   0.001629   0.922689   0.922689
      0       6      15         12   6.291613   0.001629   0.922689   0.922689
      0       6      15         13   6.142716   0.001629   0.922689   0.922689
      0       6      15         14   5.997377   0.001629   0.922689   0.922689
      0       6      15         15   5.855508   0.001629   0.922689   0.922689
      0       6      15         16   5.717025   0.001629   0.922689   0.922689
      0       6      15         17   5.581846   0.001629   0.922689   0.922689
      0       6      15         18   5.449891   0.001629   0.922689   0.922689
      0       6      15         19   5.321081   0.001629   0.922689   0.922689
      0       6      15         20   5.195341   0.001629   0.922689   0.922689
      0       6      15         21   1.247126   0.001629   0.922689   0.922689
      0       6      15  Conv   22   0.000521   0.001629   0.924318   0.924318
      0       6      16         -1   0.212132   0.003259   0.924318   0.924318
      0       6      16         -1   0.427070   0.006518   0.924318   0.924318
      0       6      16         -1   1.720180   0.026071   0.924318   0.924318
      0       6      16          2   0.001061   0.026071   0.924318   0.924318
      0       6      16          1 146.979912   0.075682   0.924318   0.924318
      0       6      16          2  22.404682   0.075682   0.924318   0.924318
      0       6      16          3   9.926413   0.075682   0.924318   0.924318
      0       6      16          4   5.055010   0.075682   0.924318   0.924318
      0       6      16          5   2.847136   0.075682   0.924318   0.924318
      0       6      16          6   1.941300   0.075682   0.924318   0.924318
      0       6      16          7   1.599889   0.075682   0.924318   0.924318
      0       6      16          8   1.459723   0.075682   0.924318   0.924318
      0       6      16          9   1.383324   0.075682   0.924318   0.924318
      0       6      16         10   1.327882   0.075682   0.924318   0.924318
      0       6      16         11   1.280514   0.075682   0.924318   0.924318
      0       6      16         12   1.237062   0.075682   0.924318   0.924318
      0       6      16         13   1.196010   0.075682   0.924318   0.924318
      0       6      16         14   1.156731   0.075682   0.924318   0.924318
      0       6      16         15   1.118933   0.075682   0.924318   0.924318
      0       6      16         16   1.082460   0.075682   0.924318   0.924318
      0       6      16         17   1.047221   0.075682   0.924318   0.924318
      0       6      16         18   1.013150   0.075682   0.924318   0.924318
      0       6      16  Conv   19   0.980200   0.075682   1.000000   1.000000

 ----------------------------------------
 BASIC STABILITY CHECK FOR FORCE-CONTROLLED NONLINEAR STATIC LOAD CASES:
    NUMBER OF NEGATIVE STIFFNESS EIGENVALUES SHOULD BE ZERO FOR STABILITY.
    (NOTE: FURTHER CHECKS SHOULD BE CONSIDERED AS DEEMED NECESSARY)

    NUMBER FOUND AT FINAL CONVERGED STATE  =           0,  OK.
 ----------------------------------------

 NUMBER OF STIFFNESS FORMATIONS/SOLUTIONS  =         383

 TIME FOR INITIALIZING ANALYSIS            =        0.07
 TIME FOR CONTROLLING ANALYSIS             =        0.04
 TIME FOR UPDATING LOADS AND STATE         =        0.51
 TIME FOR FORMING STIFFNESS MATRIX         =        0.03
 TIME FOR SOLVING STIFFNESS MATRIX         =        0.52
 TIME FOR CALCULATING DISPLACEMENTS        =        0.02
 TIME FOR DETERMINING EVENTS               =        0.14
 TIME FOR SAVING RESULTS                   =        0.02
                                               ----------
 TOTAL TIME FOR THIS ANALYSIS              =        1.35


 A N A L Y S I S   C O M P L E T E                          2023/07/30  19:45:13
