

 SAP2000 v24.1.0 Ultimate 64-bit (Analysis Build 9917/64)
 File: H:\Doctora\Thesis\model...astic\truss-kassimali-115-dynamic-inelastic.LOG




 B E G I N   A N A L Y S I S                                2024/04/06  15:40:10


 RUNNING ANALYSIS WITHIN THE GUI PROCESS
 USING THE ADVANCED SOLVER (PROVIDES LIMITED INSTABILITY INFORMATION)

 NUMBER OF JOINTS                          =           4
    WITH RESTRAINTS                        =           3
 NUMBER OF FRAME/CABLE/TENDON ELEMENTS     =           5
 NUMBER OF LOAD PATTERNS                   =           2
 NUMBER OF ACCELERATION LOADS              =           9
 NUMBER OF LOAD CASES                      =           2
 NUMBER OF MASS SOURCES                    =           1

 UNITS (FORCE, LENGTH, TEMPERATURE, TIME)  = N, m, °C, sec
 GRAVITATIONAL ACCELERATION                =    9.806650

 ADDRESSABLE PHYSICAL MEMORY (RAM)         =       3.888 GB

 PARALLELIZATION OF ANALYSIS OPERATIONS:
  (Env. variable SAPFIRE_NUM_THREADS not set)
 NUMBER OF THREADS: STATE (AUTOMATIC)      =           2
 NUMBER OF THREADS: STIFFNESS (AUTOMATIC)  =           2
 NUMBER OF THREADS: EVENT (AUTOMATIC)      =           2
 NUMBER OF THREADS: MOVE (AUTOMATIC)       =           2
 NUMBER OF THREADS: RESPONSE (AUTOMATIC)   =           2
 NUMBER OF THREADS: SOLVE (AUTOMATIC)      =           2
 NUMBER OF THREADS: FORM (AUTOMATIC)       =           2


 E L E M E N T   F O R M A T I O N                                      15:40:10



 L I N E A R   E Q U A T I O N   S O L U T I O N                        15:40:10

 FORMING STIFFNESS AT ZERO (UNSTRESSED) INITIAL CONDITIONS

 TOTAL NUMBER OF EQUILIBRIUM EQUATIONS     =           3
 NUMBER OF NON-ZERO STIFFNESS TERMS        =           6

 ---------------------------------
 BASIC STABILITY CHECK FOR LINEAR LOAD CASES:
    NUMBER OF NEGATIVE STIFFNESS EIGENVALUES SHOULD BE ZERO FOR STABILITY.
    (NOTE: FURTHER CHECKS SHOULD BE CONSIDERED AS DEEMED NECESSARY,
     SUCH AS REVIEWING EIGEN MODES FOR MECHANISMS AND RIGID-BODY MOTION)

    NUMBER OF NEGATIVE EIGENVALUES         =           0,  OK.
 ---------------------------------


 E I G E N   M O D A L   A N A L Y S I S                                15:40:10

 CASE: MODAL

 USING STIFFNESS AT ZERO (UNSTRESSED) INITIAL CONDITIONS

 NUMBER OF STIFFNESS DEGREES OF FREEDOM    =           3
 NUMBER OF MASS DEGREES OF FREEDOM         =           3
 MAXIMUM NUMBER OF EIGEN MODES SOUGHT      =          12
 MINIMUM NUMBER OF EIGEN MODES SOUGHT      =           1
 NUMBER OF RESIDUAL-MASS MODES SOUGHT      =           0
 NUMBER OF SUBSPACE VECTORS USED           =           3
 RELATIVE CONVERGENCE TOLERANCE            =    1.00E-09

 FREQUENCY SHIFT  (CENTER) (CYC/TIME)      =     .000000
 FREQUENCY CUTOFF (RADIUS) (CYC/TIME)      =  -INFINITY-
 ALLOW AUTOMATIC FREQUENCY SHIFTING        =         YES

 * * * I N F O * * *
 NUMBER OF MODES SOUGHT REDUCED TO THE NUMBER OF MASS DEGREES OF FREEDOM



 Original stiffness at shift : EV= 0.0000000E+00, f=     .000000, T=  -INFINITY-
 Number of eigenvalues below shift =      0

 Iteration    Approximations to next 3 eigenvalues, from shift EV= 0.0000000E+00
       1   1.3883967E+03 1.6090255E+03 2.3635532E+03

 Found mode      1 of      3:  EV= 1.3883967E+03, f=    5.930303, T=    0.168625
 Found mode      2 of      3:  EV= 1.6090255E+03, f=    6.384128, T=    0.156638
 Found mode      3 of      3:  EV= 2.3635532E+03, f=    7.737539, T=    0.129240

 NUMBER OF EIGEN MODES FOUND               =           3
 NUMBER OF ITERATIONS PERFORMED            =           1
 NUMBER OF STIFFNESS SHIFTS                =           0


 N O N L I N   D I R E C T   H I S T O R Y   A N A L Y S I S            15:40:10

 CASE: INELASTIC-0.002

 STARTING FROM ZERO (UNSTRESSED) INITIAL CONDITIONS

 TIME INTEGRATION METHOD                   = HILBER-HUGHES-TAYLOR ALPHA
 STIFFNESS INTEGRATION FACTOR              =    1.500000
 DAMPING INTEGRATION FACTOR                =    1.000000
 MASS INTEGRATION FACTOR                   =    1.000000
 TYPE OF GEOMETRIC NONLINEARITY            =        NONE
 USE EVENT STEPPING                        =          NO
 USE ITERATION                             =         YES
 USE LINE SEARCH                           =         YES
 FORCE CONVERGENCE TOLERANCE (RELATIVE)    =    0.000100
 LINE-SEARCH ACCEPTANCE TOLERANCE          =    0.100000

 MASS AND STIFFNESS PROPORTIONAL DAMPING (EXCLUDES MATERIAL DAMPING)
 MASS-PROPORTIONAL COEFFICIENT             =     .000000
 STIFFNESS-PROPORTIONAL COEFFICIENT        =     .000000


 E L E M E N T   F O R M A T I O N                                      15:40:10


 Negative iterations are Constant-Stiffness
 Positive iterations are Newton-Raphson

          Saved     Null    Total  Iteration   Relative  Time Step    Current
          Steps    Steps    Steps  this Step  Unbalance       Size       Time
 Limit      500        0        0     -10/40   1.000000   0.002000   1.000000

 Curr         1        0        1          0 100000.000   0.002000    .000000
 Curr         1        0        1  Conv   -1    .000000   0.002000   0.002000
 Curr         2        0        2          0  34200.439   0.002000   0.002000
 Curr         2        0        2  Conv   -1   1.26E-11   0.002000   0.004000
 Curr         3        0        3          0  17388.884   0.002000   0.004000
 Curr         3        0        3  Conv   -1   2.92E-12   0.002000   0.006000
 Curr         4        0        4          0  10512.402   0.002000   0.006000
 Curr         4        0        4  Conv   -1   7.24E-12   0.002000   0.008000
 Curr         5        0        5          0   6994.009   0.002000   0.008000
 Curr         5        0        5  Conv   -1   2.49E-12   0.002000   0.010000
 Curr         6        0        6          0   4935.167   0.002000   0.010000
 Curr         6        0        6  Conv   -1    .000000   0.002000   0.012000
 Curr         7        0        7          0   3616.707   0.002000   0.012000
 Curr         7        0        7  Conv   -1   2.01E-12   0.002000   0.014000
 Curr         8        0        8          0   2715.856   0.002000   0.014000
 Curr         8        0        8  Conv   -1   3.95E-12   0.002000   0.016000
 Curr         9        0        9          0   2069.695   0.002000   0.016000
 Curr         9        0        9  Conv   -1    .000000   0.002000   0.018000
 Curr        10        0       10          0   1588.592   0.002000   0.018000
 Curr        10        0       10  Conv   -1    .000000   0.002000   0.020000
 Curr        11        0       11          0   1021.279   0.002000   0.020000
 Curr        11        0       11  Conv   -1   1.36E-12   0.002000   0.022000
 Curr        12        0       12          0 763.213365   0.002000   0.022000
 Curr        12        0       12  Conv   -1   1.19E-12   0.002000   0.024000
 Curr        13        0       13          0 559.766204   0.002000   0.024000
 Curr        13        0       13  Conv   -1   2.35E-12   0.002000   0.026000
 Curr        14        0       14          0 399.409812   0.002000   0.026000
 Curr        14        0       14  Conv   -1    .000000   0.002000   0.028000
 Curr        15        0       15          0 277.089748   0.002000   0.028000
 Curr        15        0       15  Conv   -1   1.70E-12   0.002000   0.030000
 Curr        16        0       16          0 195.534331   0.002000   0.030000
 Curr        16        0       16  Conv   -1   7.72E-13   0.002000   0.032000
 Curr        17        0       17          0 164.550199   0.002000   0.032000
 Curr        17        0       17  Conv   -1   1.73E-12   0.002000   0.034000
 Curr        18        0       18          0 180.274625   0.002000   0.034000
 Curr        18        0       18  Conv   -1   6.51E-13   0.002000   0.036000
 Curr        19        0       19          0 217.750604   0.002000   0.036000
 Curr        19        0       19  Conv   -1   1.21E-12   0.002000   0.038000
 Curr        20        0       20          0 259.075177   0.002000   0.038000
 Curr        20        0       20  Conv   -1   5.61E-13   0.002000   0.040000
 Curr        21        0       21          0 175.241026   0.002000   0.040000
 Curr        21        0       21  Conv   -1   2.15E-12   0.002000   0.042000
 Curr        22        0       22          0 142.484122   0.002000   0.042000
 Curr        22        0       22  Conv   -1    .000000   0.002000   0.044000
 Curr        23        0       23          0 134.179806   0.002000   0.044000
 Curr        23        0       23  Conv   -1   1.11E-12   0.002000   0.046000
 Curr        24        0       24          0 145.136240   0.002000   0.046000
 Curr        24        0       24  Conv   -1   1.04E-12   0.002000   0.048000
 Curr        25        0       25          0 165.454179   0.002000   0.048000
 Curr        25        0       25  Conv   -1   3.98E-13   0.002000   0.050000
 Curr        26        0       26          0 188.056749   0.002000   0.050000
 Curr        26        0       26  Conv   -1   9.16E-13   0.002000   0.052000
 Curr        27        0       27          0 209.512708   0.002000   0.052000
 Curr        27        0       27  Conv   -1   1.72E-12   0.002000   0.054000
 Curr        28        0       28          0 228.393423   0.002000   0.054000
 Curr        28        0       28  Conv   -1    .000000   0.002000   0.056000
 Curr        29        0       29          0 244.186883   0.002000   0.056000
 Curr        29        0       29  Conv   -1   5.44E-13   0.002000   0.058000
 Curr        30        0       30          0 256.793450   0.002000   0.058000
 Curr        30        0       30  Conv   -1   9.40E-13   0.002000   0.060000
 Curr        31        0       31          0 921.421745   0.002000   0.060000
 Curr        31        0       31  Conv   -1   1.06E-12   0.002000   0.062000
 Curr        32        0       32          0 902.683594   0.002000   0.062000
 Curr        32        0       32  Conv   -1   9.42E-13   0.002000   0.064000
 Curr        33        0       33          0 881.923065   0.002000   0.064000
 Curr        33        0       33  Conv   -1   6.06E-13   0.002000   0.066000
 Curr        34        0       34          0 858.685661   0.002000   0.066000
 Curr        34        0       34  Conv   -1   1.39E-12   0.002000   0.068000
 Curr        35        0       35          0 832.653816   0.002000   0.068000
 Curr        35        0       35  Conv   -1   5.92E-13   0.002000   0.070000
 Curr        36        0       36          0 611.265551   0.002000   0.070000
 Curr        36        0       36  Conv   -1   0.710210   0.002000   0.072000
 Curr        37        0       37          0 490.486986   0.002000   0.072000
 Curr        37        0       37  Conv   -1   0.345196   0.002000   0.074000
 Curr        38        0       38          0 479.010241   0.002000   0.074000
 Curr        38        0       38  Conv   -1   0.329691   0.002000   0.076000
 Curr        39        0       39          0 466.455818   0.002000   0.076000
 Curr        39        0       39  Conv   -1   0.315138   0.002000   0.078000
 Curr        40        0       40          0 452.584246   0.002000   0.078000
 Curr        40        0       40  Conv   -1   0.300805   0.002000   0.080000
 Curr        41        0       41          0 239.460979   0.002000   0.080000
 Curr        41        0       41  Conv   -1   0.174479   0.002000   0.082000
 Curr        42        0       42          0 229.683921   0.002000   0.082000
 Curr        42        0       42  Conv   -1   0.183951   0.002000   0.084000
 Curr        43        0       43          0 218.999496   0.002000   0.084000
 Curr        43        0       43  Conv   -1   0.191679   0.002000   0.086000
 Curr        44        0       44          0 207.852642   0.002000   0.086000
 Curr        44        0       44  Conv   -1   0.198474   0.002000   0.088000
 Curr        45        0       45          0 196.503982   0.002000   0.088000
 Curr        45        0       45  Conv   -1   0.204360   0.002000   0.090000
 Curr        46        0       46          0 198.883734   0.002000   0.090000
 Curr        46        0       46  Conv   -1   0.344113   0.002000   0.092000
 Curr        47        0       47          0 241.561317   0.002000   0.092000
 Curr        47        0       47  Conv   -1   0.478897   0.002000   0.094000
 Curr        48        0       48          0 233.602579   0.002000   0.094000
 Curr        48        0       48  Conv   -1   0.469972   0.002000   0.096000
 Curr        49        0       49          0 225.773032   0.002000   0.096000
 Curr        49        0       49  Conv   -1   0.460651   0.002000   0.098000
 Curr        50        0       50          0 218.306410   0.002000   0.098000
 Curr        50        0       50  Conv   -1   0.451299   0.002000   0.100000
 Curr        51        0       51          0 151.926010   0.002000   0.100000
 Curr        51        0       51  Conv   -1   0.036454   0.002000   0.102000
 Curr        52        0       52          0 139.202472   0.002000   0.102000
 Curr        52        0       52  Conv   -1   0.037946   0.002000   0.104000
 Curr        53        0       53          0 126.260587   0.002000   0.104000
 Curr        53        0       53  Conv   -1   0.038545   0.002000   0.106000
 Curr        54        0       54          0 113.161408   0.002000   0.106000
 Curr        54        0       54  Conv   -1   0.039249   0.002000   0.108000
 Curr        55        0       55          0  99.932677   0.002000   0.108000
 Curr        55        0       55  Conv   -1   0.040042   0.002000   0.110000
 Curr        56        0       56          0  86.627023   0.002000   0.110000
 Curr        56        0       56  Conv   -1   0.040911   0.002000   0.112000
 Curr        57        0       57          0  73.334134   0.002000   0.112000
 Curr        57        0       57  Conv   -1   0.041839   0.002000   0.114000
 Curr        58        0       58          0  60.209317   0.002000   0.114000
 Curr        58        0       58  Conv   -1   0.042811   0.002000   0.116000
 Curr        59        0       59          0  47.553624   0.002000   0.116000
 Curr        59        0       59  Conv   -1   0.043821   0.002000   0.118000
 Curr        60        0       60          0  36.018725   0.002000   0.118000
 Curr        60        0       60  Conv   -1   0.044849   0.002000   0.120000
 Curr        61        0       61          0 144.331960   0.002000   0.120000
 Curr        61        0       61  Conv   -1   0.280297   0.002000   0.122000
 Curr        62        0       62          0 139.120459   0.002000   0.122000
 Curr        62        0       62  Conv   -1   0.281481   0.002000   0.124000
 Curr        63        0       63          0 135.161754   0.002000   0.124000
 Curr        63        0       63  Conv   -1   0.282492   0.002000   0.126000
 Curr        64        0       64          0 132.840023   0.002000   0.126000
 Curr        64        0       64  Conv   -1   0.283790   0.002000   0.128000
 Curr        65        0       65          0 132.285802   0.002000   0.128000
 Curr        65        0       65  Conv   -1   0.285344   0.002000   0.130000
 Curr        66        0       66          0 133.552924   0.002000   0.130000
 Curr        66        0       66  Conv   -1   0.287115   0.002000   0.132000
 Curr        67        0       67          0 133.163544   0.002000   0.132000
 Curr        67        0       67  Conv   -1   0.218139   0.002000   0.134000
 Curr        68        0       68          0 130.990544   0.002000   0.134000
 Curr        68        0       68  Conv   -1   0.211360   0.002000   0.136000
 Curr        69        0       69          0 129.167120   0.002000   0.136000
 Curr        69        0       69  Conv   -1   8.32E-13   0.002000   0.138000
 Curr        70        0       70          0 119.117561   0.002000   0.138000
 Curr        70        0       70  Conv   -1   3.75E-13   0.002000   0.140000
 Curr        71        0       71          0 233.316308   0.002000   0.140000
 Curr        71        0       71  Conv   -1   1.02E-12   0.002000   0.142000
 Curr        72        0       72          0 259.526451   0.002000   0.142000
 Curr        72        0       72  Conv   -1   5.36E-13   0.002000   0.144000
 Curr        73        0       73          0 284.225839   0.002000   0.144000
 Curr        73        0       73  Conv   -1   1.08E-12   0.002000   0.146000
 Curr        74        0       74          0 307.046203   0.002000   0.146000
 Curr        74        0       74  Conv   -1    .000000   0.002000   0.148000
 Curr        75        0       75          0 327.683018   0.002000   0.148000
 Curr        75        0       75  Conv   -1   6.33E-13   0.002000   0.150000
 Curr        76        0       76          0 345.885976   0.002000   0.150000
 Curr        76        0       76  Conv   -1   6.89E-13   0.002000   0.152000
 Curr        77        0       77          0 361.453233   0.002000   0.152000
 Curr        77        0       77  Conv   -1   1.24E-12   0.002000   0.154000
 Curr        78        0       78          0 374.227536   0.002000   0.154000
 Curr        78        0       78  Conv   -1   1.55E-12   0.002000   0.156000
 Curr        79        0       79          0 384.093293   0.002000   0.156000
 Curr        79        0       79  Conv   -1   7.43E-13   0.002000   0.158000
 Curr        80        0       80          0 390.974109   0.002000   0.158000
 Curr        80        0       80  Conv   -1   1.07E-12   0.002000   0.160000
 Curr        81        0       81          0 176.733661   0.002000   0.160000
 Curr        81        0       81  Conv   -1   4.08E-13   0.002000   0.162000
 Curr        82        0       82          0 179.680322   0.002000   0.162000
 Curr        82        0       82  Conv   -1   7.14E-13   0.002000   0.164000
 Curr        83        0       83          0 181.929508   0.002000   0.164000
 Curr        83        0       83  Conv   -1   7.92E-13   0.002000   0.166000
 Curr        84        0       84          0 183.433511   0.002000   0.166000
 Curr        84        0       84  Conv   -1   2.71E-13   0.002000   0.168000
 Curr        85        0       85          0 184.144089   0.002000   0.168000
 Curr        85        0       85  Conv   -1   5.56E-13   0.002000   0.170000
 Curr        86        0       86          0 184.012513   0.002000   0.170000
 Curr        86        0       86  Conv   -1   1.33E-12   0.002000   0.172000
 Curr        87        0       87          0 182.998928   0.002000   0.172000
 Curr        87        0       87  Conv   -1   5.97E-13   0.002000   0.174000
 Curr        88        0       88          0 181.062820   0.002000   0.174000
 Curr        88        0       88  Conv   -1   2.40E-12   0.002000   0.176000
 Curr        89        0       89          0 178.169453   0.002000   0.176000
 Curr        89        0       89  Conv   -1   1.17E-12   0.002000   0.178000
 Curr        90        0       90          0 174.283917   0.002000   0.178000
 Curr        90        0       90  Conv   -1   5.42E-13   0.002000   0.180000
 Curr        91        0       91          0 284.592148   0.002000   0.180000
 Curr        91        0       91  Conv   -1   6.10E-13   0.002000   0.182000
 Curr        92        0       92          0 279.281091   0.002000   0.182000
 Curr        92        0       92  Conv   -1   1.01E-12   0.002000   0.184000
 Curr        93        0       93          0 271.789807   0.002000   0.184000
 Curr        93        0       93  Conv   -1   6.36E-13   0.002000   0.186000
 Curr        94        0       94          0 262.135845   0.002000   0.186000
 Curr        94        0       94  Conv   -1   1.04E-13   0.002000   0.188000
 Curr        95        0       95          0 250.361444   0.002000   0.188000
 Curr        95        0       95  Conv   -1   7.93E-13   0.002000   0.190000
 Curr        96        0       96          0 236.519843   0.002000   0.190000
 Curr        96        0       96  Conv   -1   1.08E-12   0.002000   0.192000
 Curr        97        0       97          0 220.695308   0.002000   0.192000
 Curr        97        0       97  Conv   -1   4.27E-13   0.002000   0.194000
 Curr        98        0       98          0 202.981379   0.002000   0.194000
 Curr        98        0       98  Conv   -1   6.46E-13   0.002000   0.196000
 Curr        99        0       99          0 183.503404   0.002000   0.196000
 Curr        99        0       99  Conv   -1   1.19E-12   0.002000   0.198000
 Curr       100        0      100          0 162.398019   0.002000   0.198000
 Curr       100        0      100  Conv   -1   4.89E-13   0.002000   0.200000
 Curr       101        0      101          0 169.551221   0.002000   0.200000
 Curr       101        0      101  Conv   -1   1.56E-12   0.002000   0.202000
 Curr       102        0      102          0 145.676666   0.002000   0.202000
 Curr       102        0      102  Conv   -1   1.13E-12   0.002000   0.204000
 Curr       103        0      103          0 120.532848   0.002000   0.204000
 Curr       103        0      103  Conv   -1   9.19E-13   0.002000   0.206000
 Curr       104        0      104          0  94.486180   0.002000   0.206000
 Curr       104        0      104  Conv   -1   2.24E-13   0.002000   0.208000
 Curr       105        0      105          0  68.180865   0.002000   0.208000
 Curr       105        0      105  Conv   -1   5.04E-13   0.002000   0.210000
 Curr       106        0      106          0  43.354885   0.002000   0.210000
 Curr       106        0      106  Conv   -1   6.80E-13   0.002000   0.212000
 Curr       107        0      107          0  27.614553   0.002000   0.212000
 Curr       107        0      107  Conv   -1   4.56E-13   0.002000   0.214000
 Curr       108        0      108          0  37.250580   0.002000   0.214000
 Curr       108        0      108  Conv   -1   9.44E-13   0.002000   0.216000
 Curr       109        0      109          0  61.563244   0.002000   0.216000
 Curr       109        0      109  Conv   -1   9.49E-13   0.002000   0.218000
 Curr       110        0      110          0  89.155244   0.002000   0.218000
 Curr       110        0      110  Conv   -1   8.33E-13   0.002000   0.220000
 Curr       111        0      111          0 396.161373   0.002000   0.220000
 Curr       111        0      111  Conv   -1   6.98E-13   0.002000   0.222000
 Curr       112        0      112          0 425.875549   0.002000   0.222000
 Curr       112        0      112  Conv   -1   7.43E-13   0.002000   0.224000
 Curr       113        0      113          0 453.848973   0.002000   0.224000
 Curr       113        0      113  Conv   -1   4.75E-13   0.002000   0.226000
 Curr       114        0      114          0 479.946450   0.002000   0.226000
 Curr       114        0      114  Conv   -1   8.09E-13   0.002000   0.228000
 Curr       115        0      115          0 504.023409   0.002000   0.228000
 Curr       115        0      115  Conv   -1   9.80E-13   0.002000   0.230000
 Curr       116        0      116          0 525.929521   0.002000   0.230000
 Curr       116        0      116  Conv   -1   1.03E-12   0.002000   0.232000
 Curr       117        0      117          0 545.512062   0.002000   0.232000
 Curr       117        0      117  Conv   -1   8.05E-13   0.002000   0.234000
 Curr       118        0      118          0 562.619146   0.002000   0.234000
 Curr       118        0      118  Conv   -1   5.82E-13   0.002000   0.236000
 Curr       119        0      119          0 577.103007   0.002000   0.236000
 Curr       119        0      119  Conv   -1   5.95E-13   0.002000   0.238000
 Curr       120        0      120          0 588.823496   0.002000   0.238000
 Curr       120        0      120  Conv   -1   5.99E-13   0.002000   0.240000
 Curr       121        0      121          0 688.715288   0.002000   0.240000
 Curr       121        0      121  Conv   -1   4.09E-13   0.002000   0.242000
 Curr       122        0      122          0 697.214712   0.002000   0.242000
 Curr       122        0      122  Conv   -1   5.97E-13   0.002000   0.244000
 Curr       123        0      123          0 702.609591   0.002000   0.244000
 Curr       123        0      123  Conv   -1   1.20E-12   0.002000   0.246000
 Curr       124        0      124          0 704.788015   0.002000   0.246000
 Curr       124        0      124  Conv   -1   7.61E-13   0.002000   0.248000
 Curr       125        0      125          0 703.652382   0.002000   0.248000
 Curr       125        0      125  Conv   -1    .000000   0.002000   0.250000
 Curr       126        0      126          0 699.161215   0.002000   0.250000
 Curr       126        0      126  Conv   -1   7.53E-13   0.002000   0.252000
 Curr       127        0      127          0 691.335082   0.002000   0.252000
 Curr       127        0      127  Conv   -1   1.32E-12   0.002000   0.254000
 Curr       128        0      128          0 680.302507   0.002000   0.254000
 Curr       128        0      128  Conv   -1   1.05E-12   0.002000   0.256000
 Curr       129        0      129          0 666.357510   0.002000   0.256000
 Curr       129        0      129  Conv   -1   8.73E-13   0.002000   0.258000
 Curr       130        0      130          0 650.060752   0.002000   0.258000
 Curr       130        0      130  Conv   -1   1.17E-12   0.002000   0.260000
 Curr       131        0      131          0 472.063062   0.002000   0.260000
 Curr       131        0      131  Conv   -1   1.24E-12   0.002000   0.262000
 Curr       132        0      132          0 468.730806   0.002000   0.262000
 Curr       132        0      132  Conv   -1   2.09E-12   0.002000   0.264000
 Curr       133        0      133          0 477.556643   0.002000   0.264000
 Curr       133        0      133  Conv   -1   2.99E-12   0.002000   0.266000
 Curr       134        0      134          0 503.403550   0.002000   0.266000
 Curr       134        0      134  Conv   -1   3.37E-12   0.002000   0.268000
 Curr       135        0      135          0 550.485619   0.002000   0.268000
 Curr       135        0      135  Conv   -1   1.98E-12   0.002000   0.270000
 Curr       136        0      136          0 621.831943   0.002000   0.270000
 Curr       136        0      136  Conv   -1   1.75E-12   0.002000   0.272000
 Curr       137        0      137          0 719.580835   0.002000   0.272000
 Curr       137        0      137  Conv   -1   1.90E-12   0.002000   0.274000
 Curr       138        0      138          0 845.911091   0.002000   0.274000
 Curr       138        0      138  Conv   -1   3.27E-12   0.002000   0.276000
 Curr       139        0      139          0   1004.144   0.002000   0.276000
 Curr       139        0      139  Conv   -1   1.61E-12   0.002000   0.278000
 Curr       140        0      140          0   1199.875   0.002000   0.278000
 Curr       140        0      140  Conv   -1   3.10E-12   0.002000   0.280000
 Curr       141        0      141          0   2436.967   0.002000   0.280000
 Curr       141        0      141  Conv   -1   2.81E-12   0.002000   0.282000
 Curr       142        0      142          0   2823.266   0.002000   0.282000
 Curr       142        0      142  Conv   -1   3.31E-12   0.002000   0.284000
 Curr       143        0      143          0   3240.696   0.002000   0.284000
 Curr       143        0      143  Conv   -1   2.52E-12   0.002000   0.286000
 Curr       144        0      144          0   3687.802   0.002000   0.286000
 Curr       144        0      144  Conv   -1   3.05E-12   0.002000   0.288000
 Curr       145        0      145          0   4162.404   0.002000   0.288000
 Curr       145        0      145  Conv   -1   1.89E-12   0.002000   0.290000
 Curr       146        0      146          0   4661.538   0.002000   0.290000
 Curr       146        0      146  Conv   -1   2.37E-12   0.002000   0.292000
 Curr       147        0      147          0   5181.406   0.002000   0.292000
 Curr       147        0      147  Conv   -1   1.86E-12   0.002000   0.294000
 Curr       148        0      148          0   5717.378   0.002000   0.294000
 Curr       148        0      148  Conv   -1   4.63E-12   0.002000   0.296000
 Curr       149        0      149          0   6264.039   0.002000   0.296000
 Curr       149        0      149  Conv   -1   4.60E-12   0.002000   0.298000
 Curr       150        0      150          0   6814.882   0.002000   0.298000
 Curr       150        0      150  Conv   -1   7.22E-12   0.002000   0.300000
 Curr       151        0      151          0   1560.420   0.002000   0.300000
 Curr       151        0      151  Conv   -1   1.08E-11   0.002000   0.302000
 Curr       152        0      152          0   1418.217   0.002000   0.302000
 Curr       152        0      152  Conv   -1   5.36E-12   0.002000   0.304000
 Curr       153        0      153          0   1295.764   0.002000   0.304000
 Curr       153        0      153  Conv   -1   1.00E-11   0.002000   0.306000
 Curr       154        0      154          0   1221.298   0.002000   0.306000
 Curr       154        0      154  Conv   -1   6.45E-12   0.002000   0.308000
 Curr       155        0      155          0   1187.538   0.002000   0.308000
 Curr       155        0      155  Conv   -1   8.99E-12   0.002000   0.310000
 Curr       156        0      156          0   1172.871   0.002000   0.310000
 Curr       156        0      156  Conv   -1   4.14E-12   0.002000   0.312000
 Curr       157        0      157          0   1160.726   0.002000   0.312000
 Curr       157        0      157  Conv   -1   4.12E-12   0.002000   0.314000
 Curr       158        0      158          0   1143.414   0.002000   0.314000
 Curr       158        0      158  Conv   -1   2.50E-13   0.002000   0.316000
 Curr       159        0      159          0   1118.974   0.002000   0.316000
 Curr       159        0      159  Conv   -1   7.17E-12   0.002000   0.318000
 Curr       160        0      160          0   1087.971   0.002000   0.318000
 Curr       160        0      160  Conv   -1   2.40E-12   0.002000   0.320000
 Curr       161        0      161          0   2790.149   0.002000   0.320000
 Curr       161        0      161  Conv   -1   8.43E-13   0.002000   0.322000
 Curr       162        0      162          0   2552.027   0.002000   0.322000
 Curr       162        0      162  Conv   -1   2.12E-12   0.002000   0.324000
 Curr       163        0      163          0   2365.141   0.002000   0.324000
 Curr       163        0      163  Conv   -1   1.91E-12   0.002000   0.326000
 Curr       164        0      164          0   2212.557   0.002000   0.326000
 Curr       164        0      164  Conv   -1   1.80E-12   0.002000   0.328000
 Curr       165        0      165          0   2084.059   0.002000   0.328000
 Curr       165        0      165  Conv   -1   1.11E-12   0.002000   0.330000
 Curr       166        0      166          0   1973.282   0.002000   0.330000
 Curr       166        0      166  Conv   -1   3.48E-12   0.002000   0.332000
 Curr       167        0      167          0   1876.335   0.002000   0.332000
 Curr       167        0      167  Conv   -1   1.55E-12   0.002000   0.334000
 Curr       168        0      168          0   1791.031   0.002000   0.334000
 Curr       168        0      168  Conv   -1   1.56E-12   0.002000   0.336000
 Curr       169        0      169          0   1716.531   0.002000   0.336000
 Curr       169        0      169  Conv   -1    .000000   0.002000   0.338000
 Curr       170        0      170          0   1653.133   0.002000   0.338000
 Curr       170        0      170  Conv   -1    .000000   0.002000   0.340000
 Curr       171        0      171          0   1670.961   0.002000   0.340000
 Curr       171        0      171  Conv   -1   3.64E-12   0.002000   0.342000
 Curr       172        0      172          0   1780.784   0.002000   0.342000
 Curr       172        0      172  Conv   -1   3.63E-12   0.002000   0.344000
 Curr       173        0      173          0   1865.080   0.002000   0.344000
 Curr       173        0      173  Conv   -1   1.61E-12   0.002000   0.346000
 Curr       174        0      174          0   1921.442   0.002000   0.346000
 Curr       174        0      174  Conv   -1   2.22E-12   0.002000   0.348000
 Curr       175        0      175          0   1949.661   0.002000   0.348000
 Curr       175        0      175  Conv   -1   3.75E-12   0.002000   0.350000
 Curr       176        0      176          0   1951.197   0.002000   0.350000
 Curr       176        0      176  Conv   -1    .000000   0.002000   0.352000
 Curr       177        0      177          0   1928.656   0.002000   0.352000
 Curr       177        0      177  Conv   -1   1.59E-12   0.002000   0.354000
 Curr       178        0      178          0   1885.251   0.002000   0.354000
 Curr       178        0      178  Conv   -1   4.78E-12   0.002000   0.356000
 Curr       179        0      179          0   1824.415   0.002000   0.356000
 Curr       179        0      179  Conv   -1   3.71E-12   0.002000   0.358000
 Curr       180        0      180          0   1749.558   0.002000   0.358000
 Curr       180        0      180  Conv   -1   1.40E-12   0.002000   0.360000
 Curr       181        0      181          0   1435.662   0.002000   0.360000
 Curr       181        0      181  Conv   -1   1.34E-12   0.002000   0.362000
 Curr       182        0      182          0   1356.113   0.002000   0.362000
 Curr       182        0      182  Conv   -1   1.72E-12   0.002000   0.364000
 Curr       183        0      183          0   1274.538   0.002000   0.364000
 Curr       183        0      183  Conv   -1   1.55E-12   0.002000   0.366000
 Curr       184        0      184          0   1191.921   0.002000   0.366000
 Curr       184        0      184  Conv   -1   2.36E-12   0.002000   0.368000
 Curr       185        0      185          0   1109.394   0.002000   0.368000
 Curr       185        0      185  Conv   -1   1.76E-12   0.002000   0.370000
 Curr       186        0      186          0   1028.233   0.002000   0.370000
 Curr       186        0      186  Conv   -1   3.13E-12   0.002000   0.372000
 Curr       187        0      187          0 949.545952   0.002000   0.372000
 Curr       187        0      187  Conv   -1   1.33E-12   0.002000   0.374000
 Curr       188        0      188          0 874.772653   0.002000   0.374000
 Curr       188        0      188  Conv   -1   9.09E-13   0.002000   0.376000
 Curr       189        0      189          0 805.177092   0.002000   0.376000
 Curr       189        0      189  Conv   -1   2.15E-12   0.002000   0.378000
 Curr       190        0      190          0 742.324572   0.002000   0.378000
 Curr       190        0      190  Conv   -1   1.71E-12   0.002000   0.380000
 Curr       191        0      191          0 325.156519   0.002000   0.380000
 Curr       191        0      191  Conv   -1   1.17E-12   0.002000   0.382000
 Curr       192        0      192          0 404.057843   0.002000   0.382000
 Curr       192        0      192  Conv   -1   2.04E-13   0.002000   0.384000
 Curr       193        0      193          0 481.076252   0.002000   0.384000
 Curr       193        0      193  Conv   -1   1.91E-12   0.002000   0.386000
 Curr       194        0      194          0 556.184493   0.002000   0.386000
 Curr       194        0      194  Conv   -1   8.06E-13   0.002000   0.388000
 Curr       195        0      195          0 629.512638   0.002000   0.388000
 Curr       195        0      195  Conv   -1   1.29E-12   0.002000   0.390000
 Curr       196        0      196          0 701.077345   0.002000   0.390000
 Curr       196        0      196  Conv   -1   8.69E-13   0.002000   0.392000
 Curr       197        0      197          0 770.866355   0.002000   0.392000
 Curr       197        0      197  Conv   -1   9.26E-13   0.002000   0.394000
 Curr       198        0      198          0 838.737531   0.002000   0.394000
 Curr       198        0      198  Conv   -1   2.61E-13   0.002000   0.396000
 Curr       199        0      199          0 904.608920   0.002000   0.396000
 Curr       199        0      199  Conv   -1   5.87E-13   0.002000   0.398000
 Curr       200        0      200          0 968.267289   0.002000   0.398000
 Curr       200        0      200  Conv   -1   8.75E-13   0.002000   0.400000
 Curr       201        0      201          0   1111.629   0.002000   0.400000
 Curr       201        0      201  Conv   -1   4.95E-13   0.002000   0.402000
 Curr       202        0      202          0   1125.446   0.002000   0.402000
 Curr       202        0      202  Conv   -1   6.68E-13   0.002000   0.404000
 Curr       203        0      203          0   1124.313   0.002000   0.404000
 Curr       203        0      203  Conv   -1   4.44E-13   0.002000   0.406000
 Curr       204        0      204          0   1109.373   0.002000   0.406000
 Curr       204        0      204  Conv   -1   9.37E-13   0.002000   0.408000
 Curr       205        0      205          0   1082.192   0.002000   0.408000
 Curr       205        0      205  Conv   -1   5.39E-13   0.002000   0.410000
 Curr       206        0      206          0   1044.729   0.002000   0.410000
 Curr       206        0      206  Conv   -1   8.43E-13   0.002000   0.412000
 Curr       207        0      207          0 998.966249   0.002000   0.412000
 Curr       207        0      207  Conv   -1   5.80E-13   0.002000   0.414000
 Curr       208        0      208          0 946.862960   0.002000   0.414000
 Curr       208        0      208  Conv   -1   1.43E-12   0.002000   0.416000
 Curr       209        0      209          0 890.176375   0.002000   0.416000
 Curr       209        0      209  Conv   -1   1.09E-12   0.002000   0.418000
 Curr       210        0      210          0 830.539614   0.002000   0.418000
 Curr       210        0      210  Conv   -1   1.85E-12   0.002000   0.420000
 Curr       211        0      211          0 708.461530   0.002000   0.420000
 Curr       211        0      211  Conv   -1   8.00E-13   0.002000   0.422000
 Curr       212        0      212          0 671.776253   0.002000   0.422000
 Curr       212        0      212  Conv   -1   8.67E-13   0.002000   0.424000
 Curr       213        0      213          0 635.379881   0.002000   0.424000
 Curr       213        0      213  Conv   -1   1.08E-12   0.002000   0.426000
 Curr       214        0      214          0 599.205959   0.002000   0.426000
 Curr       214        0      214  Conv   -1   1.05E-12   0.002000   0.428000
 Curr       215        0      215          0 563.296585   0.002000   0.428000
 Curr       215        0      215  Conv   -1   1.43E-12   0.002000   0.430000
 Curr       216        0      216          0 527.733587   0.002000   0.430000
 Curr       216        0      216  Conv   -1   6.61E-13   0.002000   0.432000
 Curr       217        0      217          0 492.739837   0.002000   0.432000
 Curr       217        0      217  Conv   -1   6.75E-13   0.002000   0.434000
 Curr       218        0      218          0 458.571668   0.002000   0.434000
 Curr       218        0      218  Conv   -1   1.39E-12   0.002000   0.436000
 Curr       219        0      219          0 425.601602   0.002000   0.436000
 Curr       219        0      219  Conv   -1   1.04E-12   0.002000   0.438000
 Curr       220        0      220          0 394.342106   0.002000   0.438000
 Curr       220        0      220  Conv   -1   1.01E-12   0.002000   0.440000
 Curr       221        0      221          0 577.041753   0.002000   0.440000
 Curr       221        0      221  Conv   -1   0.919728   0.002000   0.442000
 Curr       222        0      222          0 337.923905   0.002000   0.442000
 Curr       222        0      222  Conv   -1   0.376011   0.002000   0.444000
 Curr       223        0      223          0 353.047477   0.002000   0.444000
 Curr       223        0      223  Conv   -1   0.359134   0.002000   0.446000
 Curr       224        0      224          0 370.442443   0.002000   0.446000
 Curr       224        0      224  Conv   -1   0.343543   0.002000   0.448000
 Curr       225        0      225          0 389.054403   0.002000   0.448000
 Curr       225        0      225  Conv   -1   0.328245   0.002000   0.450000
 Curr       226        0      226          0 408.207850   0.002000   0.450000
 Curr       226        0      226  Conv   -1   0.313026   0.002000   0.452000
 Curr       227        0      227          0 427.391678   0.002000   0.452000
 Curr       227        0      227  Conv   -1   0.297778   0.002000   0.454000
 Curr       228        0      228          0 446.229084   0.002000   0.454000
 Curr       228        0      228  Conv   -1   0.282489   0.002000   0.456000
 Curr       229        0      229          0 464.325647   0.002000   0.456000
 Curr       229        0      229  Conv   -1   0.267009   0.002000   0.458000
 Curr       230        0      230          0 481.385851   0.002000   0.458000
 Curr       230        0      230  Conv   -1   0.251280   0.002000   0.460000
 Curr       231        0      231          0 643.682299   0.002000   0.460000
 Curr       231        0      231  Conv   -1   0.487061   0.002000   0.462000
 Curr       232        0      232          0 657.808785   0.002000   0.462000
 Curr       232        0      232  Conv   -1   0.472829   0.002000   0.464000
 Curr       233        0      233          0 670.670900   0.002000   0.464000
 Curr       233        0      233  Conv   -1   0.457992   0.002000   0.466000
 Curr       234        0      234          0 682.196516   0.002000   0.466000
 Curr       234        0      234  Conv   -1   0.442895   0.002000   0.468000
 Curr       235        0      235          0 692.127883   0.002000   0.468000
 Curr       235        0      235  Conv   -1   0.427307   0.002000   0.470000
 Curr       236        0      236          0 690.932250   0.002000   0.470000
 Curr       236        0      236  Conv   -1   1.79E-12   0.002000   0.472000
 Curr       237        0      237          0 687.374101   0.002000   0.472000
 Curr       237        0      237  Conv   -1   1.19E-12   0.002000   0.474000
 Curr       238        0      238          0 684.874803   0.002000   0.474000
 Curr       238        0      238  Conv   -1   5.89E-13   0.002000   0.476000
 Curr       239        0      239          0 683.786556   0.002000   0.476000
 Curr       239        0      239  Conv   -1   6.88E-13   0.002000   0.478000
 Curr       240        0      240          0 684.648533   0.002000   0.478000
 Curr       240        0      240  Conv   -1   1.38E-12   0.002000   0.480000
 Curr       241        0      241          0 725.578536   0.002000   0.480000
 Curr       241        0      241  Conv   -1   1.36E-12   0.002000   0.482000
 Curr       242        0      242          0 779.738851   0.002000   0.482000
 Curr       242        0      242  Conv   -1   1.93E-12   0.002000   0.484000
 Curr       243        0      243          0 825.295142   0.002000   0.484000
 Curr       243        0      243  Conv   -1   9.84E-13   0.002000   0.486000
 Curr       244        0      244          0 861.140371   0.002000   0.486000
 Curr       244        0      244  Conv   -1   2.77E-12   0.002000   0.488000
 Curr       245        0      245          0 886.615779   0.002000   0.488000
 Curr       245        0      245  Conv   -1   2.22E-12   0.002000   0.490000
 Curr       246        0      246          0 901.471160   0.002000   0.490000
 Curr       246        0      246  Conv   -1   1.91E-12   0.002000   0.492000
 Curr       247        0      247          0 905.811410   0.002000   0.492000
 Curr       247        0      247  Conv   -1   1.68E-12   0.002000   0.494000
 Curr       248        0      248          0 900.035892   0.002000   0.494000
 Curr       248        0      248  Conv   -1   3.90E-13   0.002000   0.496000
 Curr       249        0      249          0 884.776750   0.002000   0.496000
 Curr       249        0      249  Conv   -1   1.96E-12   0.002000   0.498000
 Curr       250        0      250          0 860.841075   0.002000   0.498000
 Curr       250        0      250  Conv   -1    .000000   0.002000   0.500000
 Curr       251        0      251          0 539.816514   0.002000   0.500000
 Curr       251        0      251  Conv   -1   8.03E-13   0.002000   0.502000
 Curr       252        0      252          0 511.068260   0.002000   0.502000
 Curr       252        0      252  Conv   -1   1.38E-12   0.002000   0.504000
 Curr       253        0      253          0 483.154826   0.002000   0.504000
 Curr       253        0      253  Conv   -1   1.89E-12   0.002000   0.506000
 Curr       254        0      254          0 455.878156   0.002000   0.506000
 Curr       254        0      254  Conv   -1   1.90E-12   0.002000   0.508000
 Curr       255        0      255          0 429.195114   0.002000   0.508000
 Curr       255        0      255  Conv   -1   8.07E-13   0.002000   0.510000
 Curr       256        0      256          0 403.222241   0.002000   0.510000
 Curr       256        0      256  Conv   -1   1.29E-12   0.002000   0.512000
 Curr       257        0      257          0 378.332631   0.002000   0.512000
 Curr       257        0      257  Conv   -1   1.21E-12   0.002000   0.514000
 Curr       258        0      258          0 355.141816   0.002000   0.514000
 Curr       258        0      258  Conv   -1    .000000   0.002000   0.516000
 Curr       259        0      259          0 334.562118   0.002000   0.516000
 Curr       259        0      259  Conv   -1   1.40E-12   0.002000   0.518000
 Curr       260        0      260          0 317.936355   0.002000   0.518000
 Curr       260        0      260  Conv   -1   1.43E-12   0.002000   0.520000
 Curr       261        0      261          0 346.753807   0.002000   0.520000
 Curr       261        0      261  Conv   -1   6.41E-13   0.002000   0.522000
 Curr       262        0      262          0 352.458318   0.002000   0.522000
 Curr       262        0      262  Conv   -1   1.61E-12   0.002000   0.524000
 Curr       263        0      263          0 364.962542   0.002000   0.524000
 Curr       263        0      263  Conv   -1    .000000   0.002000   0.526000
 Curr       264        0      264          0 384.520367   0.002000   0.526000
 Curr       264        0      264  Conv   -1   6.89E-13   0.002000   0.528000
 Curr       265        0      265          0 410.948245   0.002000   0.528000
 Curr       265        0      265  Conv   -1   7.05E-13   0.002000   0.530000
 Curr       266        0      266          0 443.609556   0.002000   0.530000
 Curr       266        0      266  Conv   -1   7.21E-13   0.002000   0.532000
 Curr       267        0      267          0 481.586255   0.002000   0.532000
 Curr       267        0      267  Conv   -1   1.81E-12   0.002000   0.534000
 Curr       268        0      268          0 523.958408   0.002000   0.534000
 Curr       268        0      268  Conv   -1   1.07E-12   0.002000   0.536000
 Curr       269        0      269          0 569.740893   0.002000   0.536000
 Curr       269        0      269  Conv   -1   1.09E-12   0.002000   0.538000
 Curr       270        0      270          0 618.020734   0.002000   0.538000
 Curr       270        0      270  Conv   -1   1.58E-12   0.002000   0.540000
 Curr       271        0      271          0 667.954443   0.002000   0.540000
 Curr       271        0      271  Conv   -1   1.80E-12   0.002000   0.542000
 Curr       272        0      272          0 718.760224   0.002000   0.542000
 Curr       272        0      272  Conv   -1   8.25E-13   0.002000   0.544000
 Curr       273        0      273          0 769.711933   0.002000   0.544000
 Curr       273        0      273  Conv   -1   1.20E-12   0.002000   0.546000
 Curr       274        0      274          0 820.139392   0.002000   0.546000
 Curr       274        0      274  Conv   -1   9.71E-13   0.002000   0.548000
 Curr       275        0      275          0 869.411612   0.002000   0.548000
 Curr       275        0      275  Conv   -1   9.10E-13   0.002000   0.550000
 Curr       276        0      276          0 916.932179   0.002000   0.550000
 Curr       276        0      276  Conv   -1   1.03E-12   0.002000   0.552000
 Curr       277        0      277          0 962.142727   0.002000   0.552000
 Curr       277        0      277  Conv   -1   1.03E-12   0.002000   0.554000
 Curr       278        0      278          0   1004.513   0.002000   0.554000
 Curr       278        0      278  Conv   -1   1.06E-12   0.002000   0.556000
 Curr       279        0      279          0   1043.544   0.002000   0.556000
 Curr       279        0      279  Conv   -1   9.69E-13   0.002000   0.558000
 Curr       280        0      280          0   1078.770   0.002000   0.558000
 Curr       280        0      280  Conv   -1   1.02E-12   0.002000   0.560000
 Curr       281        0      281          0   1113.130   0.002000   0.560000
 Curr       281        0      281  Conv   -1   1.14E-12   0.002000   0.562000
 Curr       282        0      282          0   1151.710   0.002000   0.562000
 Curr       282        0      282  Conv   -1   1.69E-12   0.002000   0.564000
 Curr       283        0      283          0   1188.597   0.002000   0.564000
 Curr       283        0      283  Conv   -1   7.99E-13   0.002000   0.566000
 Curr       284        0      284          0   1223.630   0.002000   0.566000
 Curr       284        0      284  Conv   -1   1.27E-12   0.002000   0.568000
 Curr       285        0      285          0   1256.716   0.002000   0.568000
 Curr       285        0      285  Conv   -1   1.48E-12   0.002000   0.570000
 Curr       286        0      286          0   1287.843   0.002000   0.570000
 Curr       286        0      286  Conv   -1   1.39E-12   0.002000   0.572000
 Curr       287        0      287          0   1317.119   0.002000   0.572000
 Curr       287        0      287  Conv   -1   2.37E-12   0.002000   0.574000
 Curr       288        0      288          0   1344.831   0.002000   0.574000
 Curr       288        0      288  Conv   -1   2.00E-12   0.002000   0.576000
 Curr       289        0      289          0   1371.512   0.002000   0.576000
 Curr       289        0      289  Conv   -1   4.45E-12   0.002000   0.578000
 Curr       290        0      290          0   1398.084   0.002000   0.578000
 Curr       290        0      290  Conv   -1   1.59E-12   0.002000   0.580000
 Curr       291        0      291          0   1399.183   0.002000   0.580000
 Curr       291        0      291  Conv   -1   2.95E-12   0.002000   0.582000
 Curr       292        0      292          0   1425.343   0.002000   0.582000
 Curr       292        0      292  Conv   -1   1.84E-12   0.002000   0.584000
 Curr       293        0      293          0   1454.604   0.002000   0.584000
 Curr       293        0      293  Conv   -1   4.46E-12   0.002000   0.586000
 Curr       294        0      294          0   1491.410   0.002000   0.586000
 Curr       294        0      294  Conv   -1   3.07E-12   0.002000   0.588000
 Curr       295        0      295          0   1542.347   0.002000   0.588000
 Curr       295        0      295  Conv   -1   2.38E-12   0.002000   0.590000
 Curr       296        0      296          0   1616.995   0.002000   0.590000
 Curr       296        0      296  Conv   -1   4.55E-12   0.002000   0.592000
 Curr       297        0      297          0   1717.788   0.002000   0.592000
 Curr       297        0      297  Conv   -1   5.04E-12   0.002000   0.594000
 Curr       298        0      298          0   1831.571   0.002000   0.594000
 Curr       298        0      298  Conv   -1    .000000   0.002000   0.596000
 Curr       299        0      299          0   1962.225   0.002000   0.596000
 Curr       299        0      299  Conv   -1   3.45E-12   0.002000   0.598000
 Curr       300        0      300          0   2110.377   0.002000   0.598000
 Curr       300        0      300  Conv   -1   6.36E-12   0.002000   0.600000
 Curr       301        0      301          0   2199.428   0.002000   0.600000
 Curr       301        0      301  Conv   -1   5.44E-12   0.002000   0.602000
 Curr       302        0      302          0   2353.034   0.002000   0.602000
 Curr       302        0      302  Conv   -1   3.95E-12   0.002000   0.604000
 Curr       303        0      303          0   2496.752   0.002000   0.604000
 Curr       303        0      303  Conv   -1    .000000   0.002000   0.606000
 Curr       304        0      304          0   2619.003   0.002000   0.606000
 Curr       304        0      304  Conv   -1   7.91E-12   0.002000   0.608000
 Curr       305        0      305          0   2711.097   0.002000   0.608000
 Curr       305        0      305  Conv   -1   1.94E-12   0.002000   0.610000
 Curr       306        0      306          0   2768.441   0.002000   0.610000
 Curr       306        0      306  Conv   -1    .000000   0.002000   0.612000
 Curr       307        0      307          0   2790.411   0.002000   0.612000
 Curr       307        0      307  Conv   -1   1.79E-12   0.002000   0.614000
 Curr       308        0      308          0   2779.399   0.002000   0.614000
 Curr       308        0      308  Conv   -1   7.01E-12   0.002000   0.616000
 Curr       309        0      309          0   2739.616   0.002000   0.616000
 Curr       309        0      309  Conv   -1   8.03E-13   0.002000   0.618000
 Curr       310        0      310          0   2676.045   0.002000   0.618000
 Curr       310        0      310  Conv   -1   1.07E-12   0.002000   0.620000
 Curr       311        0      311          0   4027.899   0.002000   0.620000
 Curr       311        0      311  Conv   -1   1.19E-11   0.002000   0.622000
 Curr       312        0      312          0   3959.688   0.002000   0.622000
 Curr       312        0      312  Conv   -1   6.17E-12   0.002000   0.624000
 Curr       313        0      313          0   3926.679   0.002000   0.624000
 Curr       313        0      313  Conv   -1   8.94E-13   0.002000   0.626000
 Curr       314        0      314          0   3920.928   0.002000   0.626000
 Curr       314        0      314  Conv   -1   3.17E-12   0.002000   0.628000
 Curr       315        0      315          0   3938.168   0.002000   0.628000
 Curr       315        0      315  Conv   -1   6.62E-12   0.002000   0.630000
 Curr       316        0      316          0   3976.954   0.002000   0.630000
 Curr       316        0      316  Conv   -1   6.94E-12   0.002000   0.632000
 Curr       317        0      317          0   4038.526   0.002000   0.632000
 Curr       317        0      317  Conv   -1   3.66E-12   0.002000   0.634000
 Curr       318        0      318          0   4127.320   0.002000   0.634000
 Curr       318        0      318  Conv   -1   3.62E-12   0.002000   0.636000
 Curr       319        0      319          0   4252.381   0.002000   0.636000
 Curr       319        0      319  Conv   -1    .000000   0.002000   0.638000
 Curr       320        0      320          0   4430.053   0.002000   0.638000
 Curr       320        0      320  Conv   -1   2.13E-12   0.002000   0.640000
 Curr       321        0      321          0   5062.894   0.002000   0.640000
 Curr       321        0      321  Conv   -1   1.14E-12   0.002000   0.642000
 Curr       322        0      322          0   4799.438   0.002000   0.642000
 Curr       322        0      322  Conv   -1   1.11E-11   0.002000   0.644000
 Curr       323        0      323          0   4331.165   0.002000   0.644000
 Curr       323        0      323  Conv   -1   1.87E-11   0.002000   0.646000
 Curr       324        0      324          0   3743.740   0.002000   0.646000
 Curr       324        0      324  Conv   -1   1.27E-11   0.002000   0.648000
 Curr       325        0      325          0   3134.845   0.002000   0.648000
 Curr       325        0      325  Conv   -1   4.67E-12   0.002000   0.650000
 Curr       326        0      326          0   2586.170   0.002000   0.650000
 Curr       326        0      326  Conv   -1   8.78E-12   0.002000   0.652000
 Curr       327        0      327          0   2150.659   0.002000   0.652000
 Curr       327        0      327  Conv   -1   4.90E-12   0.002000   0.654000
 Curr       328        0      328          0   1850.590   0.002000   0.654000
 Curr       328        0      328  Conv   -1   1.56E-12   0.002000   0.656000
 Curr       329        0      329          0   1678.877   0.002000   0.656000
 Curr       329        0      329  Conv   -1   1.69E-11   0.002000   0.658000
 Curr       330        0      330          0   1605.615   0.002000   0.658000
 Curr       330        0      330  Conv   -1   2.51E-12   0.002000   0.660000
 Curr       331        0      331          0   1715.487   0.002000   0.660000
 Curr       331        0      331  Conv   -1   1.60E-12   0.002000   0.662000
 Curr       332        0      332          0   1734.246   0.002000   0.662000
 Curr       332        0      332  Conv   -1   4.23E-12   0.002000   0.664000
 Curr       333        0      333          0   1757.179   0.002000   0.664000
 Curr       333        0      333  Conv   -1   3.85E-12   0.002000   0.666000
 Curr       334        0      334          0   1774.959   0.002000   0.666000
 Curr       334        0      334  Conv   -1   8.54E-13   0.002000   0.668000
 Curr       335        0      335          0   1783.210   0.002000   0.668000
 Curr       335        0      335  Conv   -1   1.58E-12   0.002000   0.670000
 Curr       336        0      336          0   1780.203   0.002000   0.670000
 Curr       336        0      336  Conv   -1   3.02E-12   0.002000   0.672000
 Curr       337        0      337          0   1765.742   0.002000   0.672000
 Curr       337        0      337  Conv   -1   3.00E-12   0.002000   0.674000
 Curr       338        0      338          0   1740.415   0.002000   0.674000
 Curr       338        0      338  Conv   -1   2.80E-12   0.002000   0.676000
 Curr       339        0      339          0   1704.926   0.002000   0.676000
 Curr       339        0      339  Conv   -1   1.30E-12   0.002000   0.678000
 Curr       340        0      340          0   1660.262   0.002000   0.678000
 Curr       340        0      340  Conv   -1   1.24E-12   0.002000   0.680000
 Curr       341        0      341          0   1737.734   0.002000   0.680000
 Curr       341        0      341  Conv   -1   2.93E-12   0.002000   0.682000
 Curr       342        0      342          0   1672.782   0.002000   0.682000
 Curr       342        0      342  Conv   -1   1.60E-12   0.002000   0.684000
 Curr       343        0      343          0   1602.268   0.002000   0.684000
 Curr       343        0      343  Conv   -1   1.48E-12   0.002000   0.686000
 Curr       344        0      344          0   1526.566   0.002000   0.686000
 Curr       344        0      344  Conv   -1   2.68E-12   0.002000   0.688000
 Curr       345        0      345          0   1446.049   0.002000   0.688000
 Curr       345        0      345  Conv   -1   1.96E-12   0.002000   0.690000
 Curr       346        0      346          0   1361.326   0.002000   0.690000
 Curr       346        0      346  Conv   -1   1.13E-12   0.002000   0.692000
 Curr       347        0      347          0   1272.848   0.002000   0.692000
 Curr       347        0      347  Conv   -1   7.79E-13   0.002000   0.694000
 Curr       348        0      348          0   1181.265   0.002000   0.694000
 Curr       348        0      348  Conv   -1   1.64E-12   0.002000   0.696000
 Curr       349        0      349          0 853.273006   0.002000   0.696000
 Curr       349        0      349         -1   1.339825   0.002000   0.696000
 Curr       349        0      349  Conv   -2   0.002338   0.002000   0.698000
 Curr       350        0      350          0 329.490736   0.002000   0.698000
 Curr       350        0      350  Conv   -1   1.68E-12   0.002000   0.700000
 Curr       351        0      351          0 442.383093   0.002000   0.700000
 Curr       351        0      351  Conv   -1   2.39E-12   0.002000   0.702000
 Curr       352        0      352          0 394.203611   0.002000   0.702000
 Curr       352        0      352  Conv   -1   2.55E-12   0.002000   0.704000
 Curr       353        0      353          0 347.973844   0.002000   0.704000
 Curr       353        0      353  Conv   -1   2.55E-12   0.002000   0.706000
 Curr       354        0      354          0 303.528279   0.002000   0.706000
 Curr       354        0      354  Conv   -1   8.43E-13   0.002000   0.708000
 Curr       355        0      355          0 260.719170   0.002000   0.708000
 Curr       355        0      355  Conv   -1   5.87E-13   0.002000   0.710000
 Curr       356        0      356          0 219.678085   0.002000   0.710000
 Curr       356        0      356  Conv   -1   2.63E-12   0.002000   0.712000
 Curr       357        0      357          0 180.723471   0.002000   0.712000
 Curr       357        0      357  Conv   -1   1.64E-12   0.002000   0.714000
 Curr       358        0      358          0 144.545838   0.002000   0.714000
 Curr       358        0      358  Conv   -1   3.79E-12   0.002000   0.716000
 Curr       359        0      359          0 112.826627   0.002000   0.716000
 Curr       359        0      359  Conv   -1   2.23E-12   0.002000   0.718000
 Curr       360        0      360          0  88.966072   0.002000   0.718000
 Curr       360        0      360  Conv   -1   1.07E-12   0.002000   0.720000
 Curr       361        0      361          0 644.843605   0.002000   0.720000
 Curr       361        0      361  Conv   -1   1.99E-13   0.002000   0.722000
 Curr       362        0      362          0 618.627697   0.002000   0.722000
 Curr       362        0      362  Conv   -1   3.09E-12   0.002000   0.724000
 Curr       363        0      363          0 595.407509   0.002000   0.724000
 Curr       363        0      363  Conv   -1   2.19E-12   0.002000   0.726000
 Curr       364        0      364          0 574.945104   0.002000   0.726000
 Curr       364        0      364  Conv   -1   1.20E-12   0.002000   0.728000
 Curr       365        0      365          0 557.123312   0.002000   0.728000
 Curr       365        0      365  Conv   -1   2.44E-12   0.002000   0.730000
 Curr       366        0      366          0 542.012871   0.002000   0.730000
 Curr       366        0      366  Conv   -1   2.83E-12   0.002000   0.732000
 Curr       367        0      367          0 529.844190   0.002000   0.732000
 Curr       367        0      367  Conv   -1   3.67E-12   0.002000   0.734000
 Curr       368        0      368          0 521.001866   0.002000   0.734000
 Curr       368        0      368  Conv   -1   1.19E-12   0.002000   0.736000
 Curr       369        0      369          0 458.987876   0.002000   0.736000
 Curr       369        0      369  Conv   -1   0.702824   0.002000   0.738000
 Curr       370        0      370          0 393.498613   0.002000   0.738000
 Curr       370        0      370  Conv   -1   0.541238   0.002000   0.740000
 Curr       371        0      371          0   1150.714   0.002000   0.740000
 Curr       371        0      371         -1   1.446126   0.002000   0.740000
 Curr       371        0      371  Conv   -2   0.002528   0.002000   0.742000
 Curr       372        0      372          0   1276.679   0.002000   0.742000
 Curr       372        0      372  Conv   -1   2.95E-12   0.002000   0.744000
 Curr       373        0      373          0   1386.965   0.002000   0.744000
 Curr       373        0      373  Conv   -1   3.94E-12   0.002000   0.746000
 Curr       374        0      374          0   1478.103   0.002000   0.746000
 Curr       374        0      374  Conv   -1   1.59E-12   0.002000   0.748000
 Curr       375        0      375          0   1548.100   0.002000   0.748000
 Curr       375        0      375  Conv   -1   9.13E-13   0.002000   0.750000
 Curr       376        0      376          0   1596.106   0.002000   0.750000
 Curr       376        0      376  Conv   -1   1.06E-12   0.002000   0.752000
 Curr       377        0      377          0   1622.252   0.002000   0.752000
 Curr       377        0      377  Conv   -1   2.60E-12   0.002000   0.754000
 Curr       378        0      378          0   1627.459   0.002000   0.754000
 Curr       378        0      378  Conv   -1   1.44E-12   0.002000   0.756000
 Curr       379        0      379          0   1613.246   0.002000   0.756000
 Curr       379        0      379  Conv   -1   2.16E-12   0.002000   0.758000
 Curr       380        0      380          0   1581.433   0.002000   0.758000
 Curr       380        0      380  Conv   -1   2.25E-12   0.002000   0.760000
 Curr       381        0      381          0 928.818397   0.002000   0.760000
 Curr       381        0      381  Conv   -1   1.88E-12   0.002000   0.762000
 Curr       382        0      382          0 903.029474   0.002000   0.762000
 Curr       382        0      382  Conv   -1   6.86E-13   0.002000   0.764000
 Curr       383        0      383          0 873.515120   0.002000   0.764000
 Curr       383        0      383  Conv   -1   2.75E-13   0.002000   0.766000
 Curr       384        0      384          0 840.202776   0.002000   0.766000
 Curr       384        0      384  Conv   -1   7.31E-13   0.002000   0.768000
 Curr       385        0      385          0 802.958288   0.002000   0.768000
 Curr       385        0      385  Conv   -1   5.53E-13   0.002000   0.770000
 Curr       386        0      386          0 761.836606   0.002000   0.770000
 Curr       386        0      386  Conv   -1   2.66E-13   0.002000   0.772000
 Curr       387        0      387          0 716.910781   0.002000   0.772000
 Curr       387        0      387  Conv   -1   7.91E-13   0.002000   0.774000
 Curr       388        0      388          0 668.276967   0.002000   0.774000
 Curr       388        0      388  Conv   -1   7.41E-13   0.002000   0.776000
 Curr       389        0      389          0 616.218079   0.002000   0.776000
 Curr       389        0      389  Conv   -1   2.60E-13   0.002000   0.778000
 Curr       390        0      390          0 560.974519   0.002000   0.778000
 Curr       390        0      390  Conv   -1   1.16E-12   0.002000   0.780000
 Curr       391        0      391          0 333.417614   0.002000   0.780000
 Curr       391        0      391  Conv   -1   1.07E-12   0.002000   0.782000
 Curr       392        0      392          0 286.223735   0.002000   0.782000
 Curr       392        0      392  Conv   -1   1.30E-13   0.002000   0.784000
 Curr       393        0      393          0 243.882957   0.002000   0.784000
 Curr       393        0      393  Conv   -1   1.61E-12   0.002000   0.786000
 Curr       394        0      394          0 210.586504   0.002000   0.786000
 Curr       394        0      394  Conv   -1   1.12E-12   0.002000   0.788000
 Curr       395        0      395          0 192.446022   0.002000   0.788000
 Curr       395        0      395  Conv   -1   1.64E-12   0.002000   0.790000
 Curr       396        0      396          0 195.047348   0.002000   0.790000
 Curr       396        0      396  Conv   -1   1.61E-12   0.002000   0.792000
 Curr       397        0      397          0 218.652242   0.002000   0.792000
 Curr       397        0      397  Conv   -1   1.54E-12   0.002000   0.794000
 Curr       398        0      398          0 258.292857   0.002000   0.794000
 Curr       398        0      398  Conv   -1   1.59E-12   0.002000   0.796000
 Curr       399        0      399          0 308.234671   0.002000   0.796000
 Curr       399        0      399  Conv   -1   1.13E-12   0.002000   0.798000
 Curr       400        0      400          0 364.439345   0.002000   0.798000
 Curr       400        0      400  Conv   -1   1.78E-12   0.002000   0.800000
 Curr       401        0      401          0 504.913833   0.002000   0.800000
 Curr       401        0      401  Conv   -1   1.31E-12   0.002000   0.802000
 Curr       402        0      402          0 569.894584   0.002000   0.802000
 Curr       402        0      402  Conv   -1   1.42E-12   0.002000   0.804000
 Curr       403        0      403          0 635.789887   0.002000   0.804000
 Curr       403        0      403  Conv   -1   1.92E-13   0.002000   0.806000
 Curr       404        0      404          0 702.101417   0.002000   0.806000
 Curr       404        0      404  Conv   -1   2.37E-13   0.002000   0.808000
 Curr       405        0      405          0 768.348960   0.002000   0.808000
 Curr       405        0      405  Conv   -1   8.14E-14   0.002000   0.810000
 Curr       406        0      406          0 834.233535   0.002000   0.810000
 Curr       406        0      406  Conv   -1    .000000   0.002000   0.812000
 Curr       407        0      407          0 899.466355   0.002000   0.812000
 Curr       407        0      407  Conv   -1   1.64E-12   0.002000   0.814000
 Curr       408        0      408          0 963.754896   0.002000   0.814000
 Curr       408        0      408  Conv   -1   8.10E-13   0.002000   0.816000
 Curr       409        0      409          0   1026.893   0.002000   0.816000
 Curr       409        0      409  Conv   -1   1.38E-12   0.002000   0.818000
 Curr       410        0      410          0   1088.713   0.002000   0.818000
 Curr       410        0      410  Conv   -1   7.88E-13   0.002000   0.820000
 Curr       411        0      411          0   1209.184   0.002000   0.820000
 Curr       411        0      411  Conv   -1   1.24E-12   0.002000   0.822000
 Curr       412        0      412          0   1271.870   0.002000   0.822000
 Curr       412        0      412  Conv   -1   4.34E-13   0.002000   0.824000
 Curr       413        0      413          0   1333.930   0.002000   0.824000
 Curr       413        0      413  Conv   -1   2.47E-12   0.002000   0.826000
 Curr       414        0      414          0   1395.734   0.002000   0.826000
 Curr       414        0      414  Conv   -1   1.19E-12   0.002000   0.828000
 Curr       415        0      415          0   1457.917   0.002000   0.828000
 Curr       415        0      415  Conv   -1   1.87E-12   0.002000   0.830000
 Curr       416        0      416          0   1521.438   0.002000   0.830000
 Curr       416        0      416  Conv   -1   1.67E-12   0.002000   0.832000
 Curr       417        0      417          0   1587.797   0.002000   0.832000
 Curr       417        0      417  Conv   -1   6.03E-13   0.002000   0.834000
 Curr       418        0      418          0   1659.246   0.002000   0.834000
 Curr       418        0      418  Conv   -1   2.63E-12   0.002000   0.836000
 Curr       419        0      419          0   1739.277   0.002000   0.836000
 Curr       419        0      419  Conv   -1   2.89E-12   0.002000   0.838000
 Curr       420        0      420          0   1833.281   0.002000   0.838000
 Curr       420        0      420  Conv   -1   8.01E-13   0.002000   0.840000
 Curr       421        0      421          0   1897.814   0.002000   0.840000
 Curr       421        0      421  Conv   -1   9.82E-13   0.002000   0.842000
 Curr       422        0      422          0   1927.753   0.002000   0.842000
 Curr       422        0      422  Conv   -1    .000000   0.002000   0.844000
 Curr       423        0      423          0   1922.142   0.002000   0.844000
 Curr       423        0      423  Conv   -1   4.26E-12   0.002000   0.846000
 Curr       424        0      424          0   1885.248   0.002000   0.846000
 Curr       424        0      424  Conv   -1   1.05E-12   0.002000   0.848000
 Curr       425        0      425          0   1826.223   0.002000   0.848000
 Curr       425        0      425  Conv   -1   1.07E-12   0.002000   0.850000
 Curr       426        0      426          0   1757.080   0.002000   0.850000
 Curr       426        0      426  Conv   -1   4.90E-12   0.002000   0.852000
 Curr       427        0      427          0   1689.563   0.002000   0.852000
 Curr       427        0      427  Conv   -1   4.72E-12   0.002000   0.854000
 Curr       428        0      428          0   1632.140   0.002000   0.854000
 Curr       428        0      428  Conv   -1   8.45E-12   0.002000   0.856000
 Curr       429        0      429          0   1588.414   0.002000   0.856000
 Curr       429        0      429  Conv   -1   2.79E-12   0.002000   0.858000
 Curr       430        0      430          0   1557.470   0.002000   0.858000
 Curr       430        0      430  Conv   -1   3.87E-12   0.002000   0.860000
 Curr       431        0      431          0   1591.270   0.002000   0.860000
 Curr       431        0      431  Conv   -1   3.66E-12   0.002000   0.862000
 Curr       432        0      432          0   1586.287   0.002000   0.862000
 Curr       432        0      432  Conv   -1   3.35E-12   0.002000   0.864000
 Curr       433        0      433          0   1578.331   0.002000   0.864000
 Curr       433        0      433  Conv   -1   1.58E-12   0.002000   0.866000
 Curr       434        0      434          0   1564.794   0.002000   0.866000
 Curr       434        0      434  Conv   -1    .000000   0.002000   0.868000
 Curr       435        0      435          0   1544.285   0.002000   0.868000
 Curr       435        0      435  Conv   -1   3.19E-12   0.002000   0.870000
 Curr       436        0      436          0   1516.325   0.002000   0.870000
 Curr       436        0      436  Conv   -1   2.93E-12   0.002000   0.872000
 Curr       437        0      437          0   1481.045   0.002000   0.872000
 Curr       437        0      437  Conv   -1   1.23E-12   0.002000   0.874000
 Curr       438        0      438          0   1438.954   0.002000   0.874000
 Curr       438        0      438  Conv   -1   1.20E-12   0.002000   0.876000
 Curr       439        0      439          0   1390.773   0.002000   0.876000
 Curr       439        0      439  Conv   -1   2.51E-12   0.002000   0.878000
 Curr       440        0      440          0   1337.331   0.002000   0.878000
 Curr       440        0      440  Conv   -1   1.05E-12   0.002000   0.880000
 Curr       441        0      441          0   1409.208   0.002000   0.880000
 Curr       441        0      441  Conv   -1   4.08E-12   0.002000   0.882000
 Curr       442        0      442          0   1345.337   0.002000   0.882000
 Curr       442        0      442  Conv   -1   2.30E-12   0.002000   0.884000
 Curr       443        0      443          0   1278.597   0.002000   0.884000
 Curr       443        0      443  Conv   -1   3.37E-12   0.002000   0.886000
 Curr       444        0      444          0   1209.578   0.002000   0.886000
 Curr       444        0      444  Conv   -1   2.15E-12   0.002000   0.888000
 Curr       445        0      445          0   1138.923   0.002000   0.888000
 Curr       445        0      445  Conv   -1   1.62E-12   0.002000   0.890000
 Curr       446        0      446          0 446.183277   0.002000   0.890000
 Curr       446        0      446  Conv   -1   0.063460   0.002000   0.892000
 Curr       447        0      447          0 457.096693   0.002000   0.892000
 Curr       447        0      447  Conv   -1   0.036287   0.002000   0.894000
 Curr       448        0      448          0 468.052912   0.002000   0.894000
 Curr       448        0      448  Conv   -1   0.051267   0.002000   0.896000
 Curr       449        0      449          0 477.372958   0.002000   0.896000
 Curr       449        0      449  Conv   -1   0.064819   0.002000   0.898000
 Curr       450        0      450          0 484.854493   0.002000   0.898000
 Curr       450        0      450  Conv   -1   0.077186   0.002000   0.900000
 Curr       451        0      451          0 558.097242   0.002000   0.900000
 Curr       451        0      451  Conv   -1   0.089909   0.002000   0.902000
 Curr       452        0      452          0 557.704586   0.002000   0.902000
 Curr       452        0      452  Conv   -1   0.073690   0.002000   0.904000
 Curr       453        0      453          0 555.791276   0.002000   0.904000
 Curr       453        0      453  Conv   -1   0.058093   0.002000   0.906000
 Curr       454        0      454          0 552.307794   0.002000   0.906000
 Curr       454        0      454  Conv   -1   0.043330   0.002000   0.908000
 Curr       455        0      455          0 547.224906   0.002000   0.908000
 Curr       455        0      455  Conv   -1   0.029334   0.002000   0.910000
 Curr       456        0      456          0 540.534259   0.002000   0.910000
 Curr       456        0      456  Conv   -1   0.016032   0.002000   0.912000
 Curr       457        0      457          0 532.253934   0.002000   0.912000
 Curr       457        0      457  Conv   -1   0.003375   0.002000   0.914000
 Curr       458        0      458          0 522.424244   0.002000   0.914000
 Curr       458        0      458  Conv   -1   0.008669   0.002000   0.916000
 Curr       459        0      459          0 511.097445   0.002000   0.916000
 Curr       459        0      459  Conv   -1   0.020142   0.002000   0.918000
 Curr       460        0      460          0 498.344891   0.002000   0.918000
 Curr       460        0      460  Conv   -1   0.031065   0.002000   0.920000
 Curr       461        0      461          0 540.468580   0.002000   0.920000
 Curr       461        0      461  Conv   -1   0.121372   0.002000   0.922000
 Curr       462        0      462          0 522.387818   0.002000   0.922000
 Curr       462        0      462  Conv   -1   0.108387   0.002000   0.924000
 Curr       463        0      463          0 503.255981   0.002000   0.924000
 Curr       463        0      463  Conv   -1   0.095444   0.002000   0.926000
 Curr       464        0      464          0 483.116321   0.002000   0.926000
 Curr       464        0      464  Conv   -1   0.082779   0.002000   0.928000
 Curr       465        0      465          0 462.020058   0.002000   0.928000
 Curr       465        0      465  Conv   -1   0.070357   0.002000   0.930000
 Curr       466        0      466          0 440.046737   0.002000   0.930000
 Curr       466        0      466  Conv   -1   0.058152   0.002000   0.932000
 Curr       467        0      467          0 421.417870   0.002000   0.932000
 Curr       467        0      467  Conv   -1   0.066790   0.002000   0.934000
 Curr       468        0      468          0 399.546029   0.002000   0.934000
 Curr       468        0      468  Conv   -1   0.085459   0.002000   0.936000
 Curr       469        0      469          0 374.301658   0.002000   0.936000
 Curr       469        0      469  Conv   -1   0.084697   0.002000   0.938000
 Curr       470        0      470          0 347.853848   0.002000   0.938000
 Curr       470        0      470  Conv   -1   0.083965   0.002000   0.940000
 Curr       471        0      471          0 366.116922   0.002000   0.940000
 Curr       471        0      471  Conv   -1   0.151177   0.002000   0.942000
 Curr       472        0      472          0 338.154832   0.002000   0.942000
 Curr       472        0      472  Conv   -1   0.139201   0.002000   0.944000
 Curr       473        0      473          0 203.425252   0.002000   0.944000
 Curr       473        0      473  Conv   -1   0.233965   0.002000   0.946000
 Curr       474        0      474          0 126.475337   0.002000   0.946000
 Curr       474        0      474  Conv   -1   0.137674   0.002000   0.948000
 Curr       475        0      475          0 128.466174   0.002000   0.948000
 Curr       475        0      475  Conv   -1   0.123448   0.002000   0.950000
 Curr       476        0      476          0 131.794880   0.002000   0.950000
 Curr       476        0      476  Conv   -1   0.109237   0.002000   0.952000
 Curr       477        0      477          0 134.992987   0.002000   0.952000
 Curr       477        0      477  Conv   -1   0.056107   0.002000   0.954000
 Curr       478        0      478          0 136.767469   0.002000   0.954000
 Curr       478        0      478  Conv   -1   0.049358   0.002000   0.956000
 Curr       479        0      479          0 144.667251   0.002000   0.956000
 Curr       479        0      479  Conv   -1   0.042599   0.002000   0.958000
 Curr       480        0      480          0 157.541325   0.002000   0.958000
 Curr       480        0      480  Conv   -1   0.035821   0.002000   0.960000
 Curr       481        0      481          0 132.885327   0.002000   0.960000
 Curr       481        0      481  Conv   -1   0.073653   0.002000   0.962000
 Curr       482        0      482          0 136.354569   0.002000   0.962000
 Curr       482        0      482  Conv   -1   1.43E-12   0.002000   0.964000
 Curr       483        0      483          0 141.183393   0.002000   0.964000
 Curr       483        0      483  Conv   -1   9.84E-13   0.002000   0.966000
 Curr       484        0      484          0 157.627629   0.002000   0.966000
 Curr       484        0      484  Conv   -1   1.06E-12   0.002000   0.968000
 Curr       485        0      485          0 182.482103   0.002000   0.968000
 Curr       485        0      485  Conv   -1   5.43E-13   0.002000   0.970000
 Curr       486        0      486          0 212.606173   0.002000   0.970000
 Curr       486        0      486  Conv   -1   2.06E-12   0.002000   0.972000
 Curr       487        0      487          0 245.751267   0.002000   0.972000
 Curr       487        0      487  Conv   -1   1.28E-12   0.002000   0.974000
 Curr       488        0      488          0 280.449152   0.002000   0.974000
 Curr       488        0      488  Conv   -1    .000000   0.002000   0.976000
 Curr       489        0      489          0 315.716515   0.002000   0.976000
 Curr       489        0      489  Conv   -1   1.62E-12   0.002000   0.978000
 Curr       490        0      490          0 350.863839   0.002000   0.978000
 Curr       490        0      490  Conv   -1   1.81E-12   0.002000   0.980000
 Curr       491        0      491          0 299.789387   0.002000   0.980000
 Curr       491        0      491  Conv   -1   5.42E-13   0.002000   0.982000
 Curr       492        0      492          0 334.268785   0.002000   0.982000
 Curr       492        0      492  Conv   -1   9.38E-13   0.002000   0.984000
 Curr       493        0      493          0 368.457699   0.002000   0.984000
 Curr       493        0      493  Conv   -1   1.88E-12   0.002000   0.986000
 Curr       494        0      494          0 402.078642   0.002000   0.986000
 Curr       494        0      494  Conv   -1   1.22E-12   0.002000   0.988000
 Curr       495        0      495          0 434.885916   0.002000   0.988000
 Curr       495        0      495  Conv   -1   1.77E-12   0.002000   0.990000
 Curr       496        0      496          0 466.666852   0.002000   0.990000
 Curr       496        0      496  Conv   -1   1.46E-12   0.002000   0.992000
 Curr       497        0      497          0 497.212269   0.002000   0.992000
 Curr       497        0      497  Conv   -1   9.69E-13   0.002000   0.994000
 Curr       498        0      498          0 526.335143   0.002000   0.994000
 Curr       498        0      498  Conv   -1   6.93E-13   0.002000   0.996000
 Curr       499        0      499          0 553.854043   0.002000   0.996000
 Curr       499        0      499  Conv   -1   6.11E-13   0.002000   0.998000
 Curr       500        0      500          0 579.592657   0.002000   0.998000
 Curr       500        0      500  Conv   -1   8.69E-13   0.002000   1.000000

 TOTAL NUMBER OF CONVERGED STEPS SAVED     =         500
 TOTAL NUMBER OF CONVERGED STEPS NOT SAVED =           0
 TOTAL NUMBER OF NULL STEPS                =           0
                                               ----------
 TOTAL NUMBER OF ALL STEPS                 =         500

 TOTAL NUMBER OF ITERATIONS CONVERGED      =         502
 TOTAL NUMBER OF ITERATIONS DISCARDED      =           0
 FOR CONVERGED STEPS ONLY:
 AVERAGE NUMBER OF ITERATIONS PER STEP     =        1.00
 MAXIMUM NUMBER OF ITERATIONS PER STEP     =           2

 NUMBER OF STIFFNESS FORMATIONS/SOLUTIONS  =           3
 NUMBER OF DISPLACEMENT SOLUTIONS          =         502
 NUMBER OF STATE UPDATES                   =        1002
 NUMBER OF EVENTS TOTAL                    =           0

 TIME FOR CONTROLLING ANALYSIS             =        0.15
 TIME FOR CALCULATING LOADS                =        0.00
 TIME FOR UPDATING STATE                   =        0.12
 TIME FOR FORMING STIFFNESS MATRIX         =        0.00
 TIME FOR SOLVING STIFFNESS MATRIX         =        0.00
 TIME FOR CALCULATING DISPLACEMENTS        =        0.03
 TIME FOR DETERMINING EVENTS               =        0.00
 TIME FOR SAVING RESULTS                   =        0.06
                                               ----------
 TOTAL TIME FOR THIS ANALYSIS              =        0.36


 A N A L Y S I S   C O M P L E T E                          2024/04/06  15:40:10
