

 SAP2000 v24.2.0 Ultimate 64-bit (Analysis Build 9931/64)
 File: D:\Documentations\Educa...dynamic-elastic\simple-beam-dynamic-elastic.LOG




 B E G I N   A N A L Y S I S                                2023/06/19  14:53:47


 RUNNING ANALYSIS WITHIN THE GUI PROCESS
 USING THE ADVANCED SOLVER (PROVIDES LIMITED INSTABILITY INFORMATION)

 NUMBER OF JOINTS                          =           3
    WITH RESTRAINTS                        =           2
 NUMBER OF FRAME/CABLE/TENDON ELEMENTS     =           2
 NUMBER OF LOAD PATTERNS                   =           2
 NUMBER OF ACCELERATION LOADS              =           9
 NUMBER OF LOAD CASES                      =           2
 NUMBER OF MASS SOURCES                    =           1

 UNITS (FORCE, LENGTH, TEMPERATURE, TIME)  = N, m, °C, sec
 GRAVITATIONAL ACCELERATION                =    9.806650

 ADDRESSABLE PHYSICAL MEMORY (RAM)         =      11.907 GB

 PARALLELIZATION OF ANALYSIS OPERATIONS:
  (Env. variable SAPFIRE_NUM_THREADS not set)
 NUMBER OF THREADS: STATE (AUTOMATIC)      =           4
 NUMBER OF THREADS: STIFFNESS (AUTOMATIC)  =           4
 NUMBER OF THREADS: EVENT (AUTOMATIC)      =           4
 NUMBER OF THREADS: MOVE (AUTOMATIC)       =           4
 NUMBER OF THREADS: RESPONSE (AUTOMATIC)   =           4
 NUMBER OF THREADS: SOLVE (AUTOMATIC)      =           4
 NUMBER OF THREADS: FORM (AUTOMATIC)       =           4


 E L E M E N T   F O R M A T I O N                                      14:53:50



 L I N E A R   E Q U A T I O N   S O L U T I O N                        14:53:50

 FORMING STIFFNESS AT ZERO (UNSTRESSED) INITIAL CONDITIONS

 TOTAL NUMBER OF EQUILIBRIUM EQUATIONS     =           3
 NUMBER OF NON-ZERO STIFFNESS TERMS        =           6

 ---------------------------------
 BASIC STABILITY CHECK FOR LINEAR LOAD CASES:
    NUMBER OF NEGATIVE STIFFNESS EIGENVALUES SHOULD BE ZERO FOR STABILITY.
    (NOTE: FURTHER CHECKS SHOULD BE CONSIDERED AS DEEMED NECESSARY,
     SUCH AS REVIEWING EIGEN MODES FOR MECHANISMS AND RIGID-BODY MOTION)

    NUMBER OF NEGATIVE EIGENVALUES         =           0,  OK.
 ---------------------------------


 E I G E N   M O D A L   A N A L Y S I S                                14:53:50

 CASE: MODAL

 USING STIFFNESS AT ZERO (UNSTRESSED) INITIAL CONDITIONS

 NUMBER OF STIFFNESS DEGREES OF FREEDOM    =           3
 NUMBER OF MASS DEGREES OF FREEDOM         =           2
 MAXIMUM NUMBER OF EIGEN MODES SOUGHT      =          12
 MINIMUM NUMBER OF EIGEN MODES SOUGHT      =           1
 NUMBER OF RESIDUAL-MASS MODES SOUGHT      =           0
 NUMBER OF SUBSPACE VECTORS USED           =           2
 RELATIVE CONVERGENCE TOLERANCE            =    1.00E-09

 FREQUENCY SHIFT  (CENTER) (CYC/TIME)      =     .000000
 FREQUENCY CUTOFF (RADIUS) (CYC/TIME)      =  -INFINITY-
 ALLOW AUTOMATIC FREQUENCY SHIFTING        =         YES

 * * * I N F O * * *
 NUMBER OF MODES SOUGHT REDUCED TO THE NUMBER OF MASS DEGREES OF FREEDOM



 Original stiffness at shift : EV= 0.0000000E+00, f=     .000000, T=  -INFINITY-
 Number of eigenvalues below shift =      0

 Iteration    Approximations to next 2 eigenvalues, from shift EV= 0.0000000E+00
       1   1.0796312E+04 4.7983610E+05

 Found mode      1 of      2:  EV= 1.0796312E+04, f=   16.537043, T=    0.060470
 Found mode      2 of      2:  EV= 4.7983610E+05, f=  110.246951, T=    0.009071

 NUMBER OF EIGEN MODES FOUND               =           2
 NUMBER OF ITERATIONS PERFORMED            =           1
 NUMBER OF STIFFNESS SHIFTS                =           0


 L I N E A R   M O D A L   H I S T O R Y   A N A L Y S I S              14:53:50

 CASE: LINEAR-MODAL-0.002
 ANALYSIS TYPE                             =      LINEAR
 USING MODES FROM CASE: MODAL
 NUMBER OF DYNAMIC MODES TO BE USED        =           2
 NUMBER OF STATIC-LOAD MODES TO BE USED    =           1
 MODES ARE TREATED AS STATIC BELOW PERIOD  =    1.0E-101

 TOTAL HISTORY LENGTH (TIME)               =    1.002000
 LENGTH OF TIME-STEPS (TIME)               =    0.002000
 NUMBER OF TIME-STEPS TO BE INTEGRATED     =         501


 EFFECTIVE MODAL DAMPING RATIOS (CROSS-COUPLING TERMS ARE NEGLECTED)
       1    0.060470    0.050000
       2    0.009071    0.050000
   Time-step    Load-step     Sub-step    Iteration   Sub-steps/  Iterations/
      number       number       number       number    load-step     sub-step

           1            1            1            0            1            0
           2            2            2            0            1            0
           3            3            3            0            1            0
           4            4            4            0            1            0
           5            5            5            0            1            0
           6            6            6            0            1            0
           7            7            7            0            1            0
           8            8            8            0            1            0
           9            9            9            0            1            0
          10           10           10            0            1            0
          11           11           11            0            1            0
          12           12           12            0            1            0
          13           13           13            0            1            0
          14           14           14            0            1            0
          15           15           15            0            1            0
          16           16           16            0            1            0
          17           17           17            0            1            0
          18           18           18            0            1            0
          19           19           19            0            1            0
          20           20           20            0            1            0
          21           21           21            0            1            0
          22           22           22            0            1            0
          23           23           23            0            1            0
          24           24           24            0            1            0
          25           25           25            0            1            0
          26           26           26            0            1            0
          27           27           27            0            1            0
          28           28           28            0            1            0
          29           29           29            0            1            0
          30           30           30            0            1            0
          31           31           31            0            1            0
          32           32           32            0            1            0
          33           33           33            0            1            0
          34           34           34            0            1            0
          35           35           35            0            1            0
          36           36           36            0            1            0
          37           37           37            0            1            0
          38           38           38            0            1            0
          39           39           39            0            1            0
          40           40           40            0            1            0
          41           41           41            0            1            0
          42           42           42            0            1            0
          43           43           43            0            1            0
          44           44           44            0            1            0
          45           45           45            0            1            0
          46           46           46            0            1            0
          47           47           47            0            1            0
          48           48           48            0            1            0
          49           49           49            0            1            0
          50           50           50            0            1            0
          51           51           51            0            1            0
          52           52           52            0            1            0
          53           53           53            0            1            0
          54           54           54            0            1            0
          55           55           55            0            1            0
          56           56           56            0            1            0
          57           57           57            0            1            0
          58           58           58            0            1            0
          59           59           59            0            1            0
          60           60           60            0            1            0
          61           61           61            0            1            0
          62           62           62            0            1            0
          63           63           63            0            1            0
          64           64           64            0            1            0
          65           65           65            0            1            0
          66           66           66            0            1            0
          67           67           67            0            1            0
          68           68           68            0            1            0
          69           69           69            0            1            0
          70           70           70            0            1            0
          71           71           71            0            1            0
          72           72           72            0            1            0
          73           73           73            0            1            0
          74           74           74            0            1            0
          75           75           75            0            1            0
          76           76           76            0            1            0
          77           77           77            0            1            0
          78           78           78            0            1            0
          79           79           79            0            1            0
          80           80           80            0            1            0
          81           81           81            0            1            0
          82           82           82            0            1            0
          83           83           83            0            1            0
          84           84           84            0            1            0
          85           85           85            0            1            0
          86           86           86            0            1            0
          87           87           87            0            1            0
          88           88           88            0            1            0
          89           89           89            0            1            0
          90           90           90            0            1            0
          91           91           91            0            1            0
          92           92           92            0            1            0
          93           93           93            0            1            0
          94           94           94            0            1            0
          95           95           95            0            1            0
          96           96           96            0            1            0
          97           97           97            0            1            0
          98           98           98            0            1            0
          99           99           99            0            1            0
         100          100          100            0            1            0
         101          101          101            0            1            0
         102          102          102            0            1            0
         103          103          103            0            1            0
         104          104          104            0            1            0
         105          105          105            0            1            0
         106          106          106            0            1            0
         107          107          107            0            1            0
         108          108          108            0            1            0
         109          109          109            0            1            0
         110          110          110            0            1            0
         111          111          111            0            1            0
         112          112          112            0            1            0
         113          113          113            0            1            0
         114          114          114            0            1            0
         115          115          115            0            1            0
         116          116          116            0            1            0
         117          117          117            0            1            0
         118          118          118            0            1            0
         119          119          119            0            1            0
         120          120          120            0            1            0
         121          121          121            0            1            0
         122          122          122            0            1            0
         123          123          123            0            1            0
         124          124          124            0            1            0
         125          125          125            0            1            0
         126          126          126            0            1            0
         127          127          127            0            1            0
         128          128          128            0            1            0
         129          129          129            0            1            0
         130          130          130            0            1            0
         131          131          131            0            1            0
         132          132          132            0            1            0
         133          133          133            0            1            0
         134          134          134            0            1            0
         135          135          135            0            1            0
         136          136          136            0            1            0
         137          137          137            0            1            0
         138          138          138            0            1            0
         139          139          139            0            1            0
         140          140          140            0            1            0
         141          141          141            0            1            0
         142          142          142            0            1            0
         143          143          143            0            1            0
         144          144          144            0            1            0
         145          145          145            0            1            0
         146          146          146            0            1            0
         147          147          147            0            1            0
         148          148          148            0            1            0
         149          149          149            0            1            0
         150          150          150            0            1            0
         151          151          151            0            1            0
         152          152          152            0            1            0
         153          153          153            0            1            0
         154          154          154            0            1            0
         155          155          155            0            1            0
         156          156          156            0            1            0
         157          157          157            0            1            0
         158          158          158            0            1            0
         159          159          159            0            1            0
         160          160          160            0            1            0
         161          161          161            0            1            0
         162          162          162            0            1            0
         163          163          163            0            1            0
         164          164          164            0            1            0
         165          165          165            0            1            0
         166          166          166            0            1            0
         167          167          167            0            1            0
         168          168          168            0            1            0
         169          169          169            0            1            0
         170          170          170            0            1            0
         171          171          171            0            1            0
         172          172          172            0            1            0
         173          173          173            0            1            0
         174          174          174            0            1            0
         175          175          175            0            1            0
         176          176          176            0            1            0
         177          177          177            0            1            0
         178          178          178            0            1            0
         179          179          179            0            1            0
         180          180          180            0            1            0
         181          181          181            0            1            0
         182          182          182            0            1            0
         183          183          183            0            1            0
         184          184          184            0            1            0
         185          185          185            0            1            0
         186          186          186            0            1            0
         187          187          187            0            1            0
         188          188          188            0            1            0
         189          189          189            0            1            0
         190          190          190            0            1            0
         191          191          191            0            1            0
         192          192          192            0            1            0
         193          193          193            0            1            0
         194          194          194            0            1            0
         195          195          195            0            1            0
         196          196          196            0            1            0
         197          197          197            0            1            0
         198          198          198            0            1            0
         199          199          199            0            1            0
         200          200          200            0            1            0
         201          201          201            0            1            0
         202          202          202            0            1            0
         203          203          203            0            1            0
         204          204          204            0            1            0
         205          205          205            0            1            0
         206          206          206            0            1            0
         207          207          207            0            1            0
         208          208          208            0            1            0
         209          209          209            0            1            0
         210          210          210            0            1            0
         211          211          211            0            1            0
         212          212          212            0            1            0
         213          213          213            0            1            0
         214          214          214            0            1            0
         215          215          215            0            1            0
         216          216          216            0            1            0
         217          217          217            0            1            0
         218          218          218            0            1            0
         219          219          219            0            1            0
         220          220          220            0            1            0
         221          221          221            0            1            0
         222          222          222            0            1            0
         223          223          223            0            1            0
         224          224          224            0            1            0
         225          225          225            0            1            0
         226          226          226            0            1            0
         227          227          227            0            1            0
         228          228          228            0            1            0
         229          229          229            0            1            0
         230          230          230            0            1            0
         231          231          231            0            1            0
         232          232          232            0            1            0
         233          233          233            0            1            0
         234          234          234            0            1            0
         235          235          235            0            1            0
         236          236          236            0            1            0
         237          237          237            0            1            0
         238          238          238            0            1            0
         239          239          239            0            1            0
         240          240          240            0            1            0
         241          241          241            0            1            0
         242          242          242            0            1            0
         243          243          243            0            1            0
         244          244          244            0            1            0
         245          245          245            0            1            0
         246          246          246            0            1            0
         247          247          247            0            1            0
         248          248          248            0            1            0
         249          249          249            0            1            0
         250          250          250            0            1            0
         251          251          251            0            1            0
         252          252          252            0            1            0
         253          253          253            0            1            0
         254          254          254            0            1            0
         255          255          255            0            1            0
         256          256          256            0            1            0
         257          257          257            0            1            0
         258          258          258            0            1            0
         259          259          259            0            1            0
         260          260          260            0            1            0
         261          261          261            0            1            0
         262          262          262            0            1            0
         263          263          263            0            1            0
         264          264          264            0            1            0
         265          265          265            0            1            0
         266          266          266            0            1            0
         267          267          267            0            1            0
         268          268          268            0            1            0
         269          269          269            0            1            0
         270          270          270            0            1            0
         271          271          271            0            1            0
         272          272          272            0            1            0
         273          273          273            0            1            0
         274          274          274            0            1            0
         275          275          275            0            1            0
         276          276          276            0            1            0
         277          277          277            0            1            0
         278          278          278            0            1            0
         279          279          279            0            1            0
         280          280          280            0            1            0
         281          281          281            0            1            0
         282          282          282            0            1            0
         283          283          283            0            1            0
         284          284          284            0            1            0
         285          285          285            0            1            0
         286          286          286            0            1            0
         287          287          287            0            1            0
         288          288          288            0            1            0
         289          289          289            0            1            0
         290          290          290            0            1            0
         291          291          291            0            1            0
         292          292          292            0            1            0
         293          293          293            0            1            0
         294          294          294            0            1            0
         295          295          295            0            1            0
         296          296          296            0            1            0
         297          297          297            0            1            0
         298          298          298            0            1            0
         299          299          299            0            1            0
         300          300          300            0            1            0
         301          301          301            0            1            0
         302          302          302            0            1            0
         303          303          303            0            1            0
         304          304          304            0            1            0
         305          305          305            0            1            0
         306          306          306            0            1            0
         307          307          307            0            1            0
         308          308          308            0            1            0
         309          309          309            0            1            0
         310          310          310            0            1            0
         311          311          311            0            1            0
         312          312          312            0            1            0
         313          313          313            0            1            0
         314          314          314            0            1            0
         315          315          315            0            1            0
         316          316          316            0            1            0
         317          317          317            0            1            0
         318          318          318            0            1            0
         319          319          319            0            1            0
         320          320          320            0            1            0
         321          321          321            0            1            0
         322          322          322            0            1            0
         323          323          323            0            1            0
         324          324          324            0            1            0
         325          325          325            0            1            0
         326          326          326            0            1            0
         327          327          327            0            1            0
         328          328          328            0            1            0
         329          329          329            0            1            0
         330          330          330            0            1            0
         331          331          331            0            1            0
         332          332          332            0            1            0
         333          333          333            0            1            0
         334          334          334            0            1            0
         335          335          335            0            1            0
         336          336          336            0            1            0
         337          337          337            0            1            0
         338          338          338            0            1            0
         339          339          339            0            1            0
         340          340          340            0            1            0
         341          341          341            0            1            0
         342          342          342            0            1            0
         343          343          343            0            1            0
         344          344          344            0            1            0
         345          345          345            0            1            0
         346          346          346            0            1            0
         347          347          347            0            1            0
         348          348          348            0            1            0
         349          349          349            0            1            0
         350          350          350            0            1            0
         351          351          351            0            1            0
         352          352          352            0            1            0
         353          353          353            0            1            0
         354          354          354            0            1            0
         355          355          355            0            1            0
         356          356          356            0            1            0
         357          357          357            0            1            0
         358          358          358            0            1            0
         359          359          359            0            1            0
         360          360          360            0            1            0
         361          361          361            0            1            0
         362          362          362            0            1            0
         363          363          363            0            1            0
         364          364          364            0            1            0
         365          365          365            0            1            0
         366          366          366            0            1            0
         367          367          367            0            1            0
         368          368          368            0            1            0
         369          369          369            0            1            0
         370          370          370            0            1            0
         371          371          371            0            1            0
         372          372          372            0            1            0
         373          373          373            0            1            0
         374          374          374            0            1            0
         375          375          375            0            1            0
         376          376          376            0            1            0
         377          377          377            0            1            0
         378          378          378            0            1            0
         379          379          379            0            1            0
         380          380          380            0            1            0
         381          381          381            0            1            0
         382          382          382            0            1            0
         383          383          383            0            1            0
         384          384          384            0            1            0
         385          385          385            0            1            0
         386          386          386            0            1            0
         387          387          387            0            1            0
         388          388          388            0            1            0
         389          389          389            0            1            0
         390          390          390            0            1            0
         391          391          391            0            1            0
         392          392          392            0            1            0
         393          393          393            0            1            0
         394          394          394            0            1            0
         395          395          395            0            1            0
         396          396          396            0            1            0
         397          397          397            0            1            0
         398          398          398            0            1            0
         399          399          399            0            1            0
         400          400          400            0            1            0
         401          401          401            0            1            0
         402          402          402            0            1            0
         403          403          403            0            1            0
         404          404          404            0            1            0
         405          405          405            0            1            0
         406          406          406            0            1            0
         407          407          407            0            1            0
         408          408          408            0            1            0
         409          409          409            0            1            0
         410          410          410            0            1            0
         411          411          411            0            1            0
         412          412          412            0            1            0
         413          413          413            0            1            0
         414          414          414            0            1            0
         415          415          415            0            1            0
         416          416          416            0            1            0
         417          417          417            0            1            0
         418          418          418            0            1            0
         419          419          419            0            1            0
         420          420          420            0            1            0
         421          421          421            0            1            0
         422          422          422            0            1            0
         423          423          423            0            1            0
         424          424          424            0            1            0
         425          425          425            0            1            0
         426          426          426            0            1            0
         427          427          427            0            1            0
         428          428          428            0            1            0
         429          429          429            0            1            0
         430          430          430            0            1            0
         431          431          431            0            1            0
         432          432          432            0            1            0
         433          433          433            0            1            0
         434          434          434            0            1            0
         435          435          435            0            1            0
         436          436          436            0            1            0
         437          437          437            0            1            0
         438          438          438            0            1            0
         439          439          439            0            1            0
         440          440          440            0            1            0
         441          441          441            0            1            0
         442          442          442            0            1            0
         443          443          443            0            1            0
         444          444          444            0            1            0
         445          445          445            0            1            0
         446          446          446            0            1            0
         447          447          447            0            1            0
         448          448          448            0            1            0
         449          449          449            0            1            0
         450          450          450            0            1            0
         451          451          451            0            1            0
         452          452          452            0            1            0
         453          453          453            0            1            0
         454          454          454            0            1            0
         455          455          455            0            1            0
         456          456          456            0            1            0
         457          457          457            0            1            0
         458          458          458            0            1            0
         459          459          459            0            1            0
         460          460          460            0            1            0
         461          461          461            0            1            0
         462          462          462            0            1            0
         463          463          463            0            1            0
         464          464          464            0            1            0
         465          465          465            0            1            0
         466          466          466            0            1            0
         467          467          467            0            1            0
         468          468          468            0            1            0
         469          469          469            0            1            0
         470          470          470            0            1            0
         471          471          471            0            1            0
         472          472          472            0            1            0
         473          473          473            0            1            0
         474          474          474            0            1            0
         475          475          475            0            1            0
         476          476          476            0            1            0
         477          477          477            0            1            0
         478          478          478            0            1            0
         479          479          479            0            1            0
         480          480          480            0            1            0
         481          481          481            0            1            0
         482          482          482            0            1            0
         483          483          483            0            1            0
         484          484          484            0            1            0
         485          485          485            0            1            0
         486          486          486            0            1            0
         487          487          487            0            1            0
         488          488          488            0            1            0
         489          489          489            0            1            0
         490          490          490            0            1            0
         491          491          491            0            1            0
         492          492          492            0            1            0
         493          493          493            0            1            0
         494          494          494            0            1            0
         495          495          495            0            1            0
         496          496          496            0            1            0
         497          497          497            0            1            0
         498          498          498            0            1            0
         499          499          499            0            1            0
         500          500          500            0            1            0
         501          501          501            0            1            0

 TOTAL NUMBER OF TIME-STEPS COMPLETED      =         501
 TOTAL NUMBER OF LOAD-STEPS COMPLETED      =         501


 A N A L Y S I S   C O M P L E T E                          2023/06/19  14:53:50
