

 SAP2000 v24.2.0 Ultimate 64-bit (Analysis Build 9931/64)
 File: D:\Documentations\Educa...p400k\1story-dynamic-inelastic-ll1.0-ap400k.LOG




 B E G I N   A N A L Y S I S                                2023/06/19  11:48:43


 RUNNING ANALYSIS WITHIN THE GUI PROCESS
 USING THE ADVANCED SOLVER (PROVIDES LIMITED INSTABILITY INFORMATION)

 NUMBER OF JOINTS                          =           5
    WITH RESTRAINTS                        =           2
 NUMBER OF FRAME/CABLE/TENDON ELEMENTS     =           4
 NUMBER OF LOAD PATTERNS                   =           2
 NUMBER OF ACCELERATION LOADS              =           9
 NUMBER OF LOAD CASES                      =           1
 NUMBER OF MASS SOURCES                    =           1

 UNITS (FORCE, LENGTH, TEMPERATURE, TIME)  = N, m, °C, sec
 GRAVITATIONAL ACCELERATION                =    9.806650

 ADDRESSABLE PHYSICAL MEMORY (RAM)         =      11.907 GB

 PARALLELIZATION OF ANALYSIS OPERATIONS:
  (Env. variable SAPFIRE_NUM_THREADS not set)
 NUMBER OF THREADS: STATE (AUTOMATIC)      =           4
 NUMBER OF THREADS: STIFFNESS (AUTOMATIC)  =           4
 NUMBER OF THREADS: EVENT (AUTOMATIC)      =           4
 NUMBER OF THREADS: MOVE (AUTOMATIC)       =           4
 NUMBER OF THREADS: RESPONSE (AUTOMATIC)   =           4
 NUMBER OF THREADS: SOLVE (AUTOMATIC)      =           4
 NUMBER OF THREADS: FORM (AUTOMATIC)       =           4


 N O N L I N   D I R E C T   H I S T O R Y   A N A L Y S I S            11:48:44

 CASE: NONLINEAR - 0.002

 STARTING FROM ZERO (UNSTRESSED) INITIAL CONDITIONS

 TIME INTEGRATION METHOD                   = HILBER-HUGHES-TAYLOR ALPHA
 STIFFNESS INTEGRATION FACTOR              =    1.500000
 DAMPING INTEGRATION FACTOR                =    1.000000
 MASS INTEGRATION FACTOR                   =    1.000000
 TYPE OF GEOMETRIC NONLINEARITY            =        NONE
 USE EVENT STEPPING                        =          NO
 USE ITERATION                             =         YES
 USE LINE SEARCH                           =         YES
 FORCE CONVERGENCE TOLERANCE (RELATIVE)    =    0.000100
 LINE-SEARCH ACCEPTANCE TOLERANCE          =    0.100000

 MASS AND STIFFNESS PROPORTIONAL DAMPING (EXCLUDES MATERIAL DAMPING)
 MASS-PROPORTIONAL COEFFICIENT             =    1.427138
 STIFFNESS-PROPORTIONAL COEFFICIENT        =    0.001162


 E L E M E N T   F O R M A T I O N                                      11:48:44


 Negative iterations are Constant-Stiffness
 Positive iterations are Newton-Raphson

          Saved     Null    Total  Iteration   Relative  Time Step    Current
          Steps    Steps    Steps  this Step  Unbalance       Size       Time
 Limit      501        0        0     -10/40   1.000000   0.002000   1.002000

 Curr         1        0        1          0 100000.000   0.002000    .000000
 Curr         1        0        1  Conv   -1   5.44E-12   0.002000   0.002000
 Curr         2        0        2          0  31283.302   0.002000   0.002000
 Curr         2        0        2  Conv   -1   1.68E-11   0.002000   0.004000
 Curr         3        0        3          0  16206.811   0.002000   0.004000
 Curr         3        0        3  Conv   -1   2.74E-12   0.002000   0.006000
 Curr         4        0        4          0   9001.865   0.002000   0.006000
 Curr         4        0        4  Conv   -1   5.82E-12   0.002000   0.008000
 Curr         5        0        5          0   5544.036   0.002000   0.008000
 Curr         5        0        5  Conv   -1   6.36E-12   0.002000   0.010000
 Curr         6        0        6          0   3713.778   0.002000   0.010000
 Curr         6        0        6  Conv   -1   9.67E-12   0.002000   0.012000
 Curr         7        0        7          0   2497.112   0.002000   0.012000
 Curr         7        0        7  Conv   -1   1.96E-12   0.002000   0.014000
 Curr         8        0        8          0   1704.805   0.002000   0.014000
 Curr         8        0        8  Conv   -1   1.01E-11   0.002000   0.016000
 Curr         9        0        9          0   1180.251   0.002000   0.016000
 Curr         9        0        9  Conv   -1   4.61E-12   0.002000   0.018000
 Curr        10        0       10          0 811.224891   0.002000   0.018000
 Curr        10        0       10  Conv   -1   8.71E-12   0.002000   0.020000
 Curr        11        0       11          0 516.150110   0.002000   0.020000
 Curr        11        0       11  Conv   -1   1.51E-11   0.002000   0.022000
 Curr        12        0       12          0 472.678283   0.002000   0.022000
 Curr        12        0       12  Conv   -1   1.26E-11   0.002000   0.024000
 Curr        13        0       13          0 510.769037   0.002000   0.024000
 Curr        13        0       13  Conv   -1   3.62E-12   0.002000   0.026000
 Curr        14        0       14          0 557.185774   0.002000   0.026000
 Curr        14        0       14  Conv   -1   6.89E-12   0.002000   0.028000
 Curr        15        0       15          0 599.945478   0.002000   0.028000
 Curr        15        0       15  Conv   -1   5.76E-12   0.002000   0.030000
 Curr        16        0       16          0 630.345879   0.002000   0.030000
 Curr        16        0       16  Conv   -1   1.16E-11   0.002000   0.032000
 Curr        17        0       17          0 646.798043   0.002000   0.032000
 Curr        17        0       17  Conv   -1   5.67E-12   0.002000   0.034000
 Curr        18        0       18          0 651.020128   0.002000   0.034000
 Curr        18        0       18  Conv   -1   1.16E-11   0.002000   0.036000
 Curr        19        0       19          0 644.212582   0.002000   0.036000
 Curr        19        0       19  Conv   -1   1.40E-11   0.002000   0.038000
 Curr        20        0       20          0 627.603454   0.002000   0.038000
 Curr        20        0       20  Conv   -1   4.23E-12   0.002000   0.040000
 Curr        21        0       21          0 394.780306   0.002000   0.040000
 Curr        21        0       21  Conv   -1   1.31E-11   0.002000   0.042000
 Curr        22        0       22          0 364.607748   0.002000   0.042000
 Curr        22        0       22  Conv   -1   3.50E-12   0.002000   0.044000
 Curr        23        0       23          0 353.564844   0.002000   0.044000
 Curr        23        0       23  Conv   -1   4.17E-12   0.002000   0.046000
 Curr        24        0       24          0 319.783760   0.002000   0.046000
 Curr        24        0       24  Conv   -1   1.65E-11   0.002000   0.048000
 Curr        25        0       25          0 291.608226   0.002000   0.048000
 Curr        25        0       25  Conv   -1   3.36E-12   0.002000   0.050000
 Curr        26        0       26          0 268.274169   0.002000   0.050000
 Curr        26        0       26  Conv   -1   2.13E-11   0.002000   0.052000
 Curr        27        0       27          0 242.559299   0.002000   0.052000
 Curr        27        0       27  Conv   -1   2.17E-11   0.002000   0.054000
 Curr        28        0       28          0 217.540494   0.002000   0.054000
 Curr        28        0       28  Conv   -1   5.63E-12   0.002000   0.056000
 Curr        29        0       29          0 192.979299   0.002000   0.056000
 Curr        29        0       29  Conv   -1   1.89E-11   0.002000   0.058000
 Curr        30        0       30          0 167.987818   0.002000   0.058000
 Curr        30        0       30  Conv   -1   4.91E-12   0.002000   0.060000
 Curr        31        0       31          0 740.244152   0.002000   0.060000
 Curr        31        0       31  Conv   -1   2.88E-11   0.002000   0.062000
 Curr        32        0       32          0 636.351388   0.002000   0.062000
 Curr        32        0       32  Conv   -1   3.35E-12   0.002000   0.064000
 Curr        33        0       33          0 598.497348   0.002000   0.064000
 Curr        33        0       33  Conv   -1   1.41E-11   0.002000   0.066000
 Curr        34        0       34          0 509.385862   0.002000   0.066000
 Curr        34        0       34  Conv   -1   4.51E-12   0.002000   0.068000
 Curr        35        0       35          0 429.925812   0.002000   0.068000
 Curr        35        0       35  Conv   -1   1.25E-11   0.002000   0.070000
 Curr        36        0       36          0 365.216785   0.002000   0.070000
 Curr        36        0       36  Conv   -1   1.85E-11   0.002000   0.072000
 Curr        37        0       37          0 291.597240   0.002000   0.072000
 Curr        37        0       37  Conv   -1   8.48E-12   0.002000   0.074000
 Curr        38        0       38          0 222.468204   0.002000   0.074000
 Curr        38        0       38  Conv   -1   2.08E-12   0.002000   0.076000
 Curr        39        0       39          0 164.377615   0.002000   0.076000
 Curr        39        0       39  Conv   -1   1.02E-11   0.002000   0.078000
 Curr        40        0       40          0 120.234996   0.002000   0.078000
 Curr        40        0       40  Conv   -1   1.63E-11   0.002000   0.080000
 Curr        41        0       41          0 338.621997   0.002000   0.080000
 Curr        41        0       41  Conv   -1   1.19E-11   0.002000   0.082000
 Curr        42        0       42          0 368.672502   0.002000   0.082000
 Curr        42        0       42  Conv   -1   9.18E-12   0.002000   0.084000
 Curr        43        0       43          0 425.763365   0.002000   0.084000
 Curr        43        0       43  Conv   -1   3.00E-12   0.002000   0.086000
 Curr        44        0       44          0 453.984040   0.002000   0.086000
 Curr        44        0       44  Conv   -1   5.11E-12   0.002000   0.088000
 Curr        45        0       45          0 478.868617   0.002000   0.088000
 Curr        45        0       45  Conv   -1   2.21E-11   0.002000   0.090000
 Curr        46        0       46          0 497.506368   0.002000   0.090000
 Curr        46        0       46  Conv   -1   2.73E-11   0.002000   0.092000
 Curr        47        0       47          0 503.616549   0.002000   0.092000
 Curr        47        0       47  Conv   -1   5.75E-12   0.002000   0.094000
 Curr        48        0       48          0 500.560015   0.002000   0.094000
 Curr        48        0       48  Conv   -1   1.64E-11   0.002000   0.096000
 Curr        49        0       49          0 488.854875   0.002000   0.096000
 Curr        49        0       49  Conv   -1   1.01E-11   0.002000   0.098000
 Curr        50        0       50          0 468.300060   0.002000   0.098000
 Curr        50        0       50  Conv   -1   1.36E-11   0.002000   0.100000
 Curr        51        0       51          0 269.508892   0.002000   0.100000
 Curr        51        0       51  Conv   -1   7.35E-12   0.002000   0.102000
 Curr        52        0       52          0 236.061338   0.002000   0.102000
 Curr        52        0       52  Conv   -1   2.08E-11   0.002000   0.104000
 Curr        53        0       53          0 222.856073   0.002000   0.104000
 Curr        53        0       53  Conv   -1   5.14E-11   0.002000   0.106000
 Curr        54        0       54          0 187.683871   0.002000   0.106000
 Curr        54        0       54  Conv   -1   2.29E-11   0.002000   0.108000
 Curr        55        0       55          0 158.340748   0.002000   0.108000
 Curr        55        0       55  Conv   -1   5.92E-12   0.002000   0.110000
 Curr        56        0       56          0 137.543904   0.002000   0.110000
 Curr        56        0       56  Conv   -1   1.30E-11   0.002000   0.112000
 Curr        57        0       57          0 116.924281   0.002000   0.112000
 Curr        57        0       57  Conv   -1   2.54E-11   0.002000   0.114000
 Curr        58        0       58          0 104.520779   0.002000   0.114000
 Curr        58        0       58  Conv   -1   9.13E-12   0.002000   0.116000
 Curr        59        0       59          0 102.100107   0.002000   0.116000
 Curr        59        0       59  Conv   -1   3.60E-11   0.002000   0.118000
 Curr        60        0       60          0 107.144884   0.002000   0.118000
 Curr        60        0       60  Conv   -1   3.65E-11   0.002000   0.120000
 Curr        61        0       61          0 220.103944   0.002000   0.120000
 Curr        61        0       61  Conv   -1   1.80E-11   0.002000   0.122000
 Curr        62        0       62          0 238.592476   0.002000   0.122000
 Curr        62        0       62  Conv   -1   3.08E-11   0.002000   0.124000
 Curr        63        0       63          0 257.363636   0.002000   0.124000
 Curr        63        0       63  Conv   -1   2.60E-11   0.002000   0.126000
 Curr        64        0       64          0 269.471784   0.002000   0.126000
 Curr        64        0       64  Conv   -1   1.27E-11   0.002000   0.128000
 Curr        65        0       65          0 278.339017   0.002000   0.128000
 Curr        65        0       65  Conv   -1   0.080218   0.002000   0.130000
 Curr        66        0       66          0 273.214855   0.002000   0.130000
 Curr        66        0       66         -1   6.037537   0.002000   0.130000
 Curr        66        0       66  Conv   -2   0.554702   0.002000   0.132000
 Curr        67        0       67          0 155.606790   0.002000   0.132000
 Curr        67        0       67         -1   3.821194   0.002000   0.132000
 Curr        67        0       67  Conv   -2   0.191171   0.002000   0.134000
 Curr        68        0       68          0 130.365962   0.002000   0.134000
 Curr        68        0       68         -1   1.631427   0.002000   0.134000
 Curr        68        0       68  Conv   -2   0.081574   0.002000   0.136000
 Curr        69        0       69          0 201.334384   0.002000   0.136000
 Curr        69        0       69  Conv   -1   2.99E-12   0.002000   0.138000
 Curr        70        0       70          0 121.447331   0.002000   0.138000
 Curr        70        0       70  Conv   -1   2.36E-11   0.002000   0.140000
 Curr        71        0       71          0 108.872140   0.002000   0.140000
 Curr        71        0       71  Conv   -1   1.36E-11   0.002000   0.142000
 Curr        72        0       72          0 130.824582   0.002000   0.142000
 Curr        72        0       72  Conv   -1   1.41E-11   0.002000   0.144000
 Curr        73        0       73          0  95.091590   0.002000   0.144000
 Curr        73        0       73  Conv   -1   0.998255   0.002000   0.146000
 Curr        74        0       74          0 118.048194   0.002000   0.146000
 Curr        74        0       74  Conv   -1   0.791485   0.002000   0.148000
 Curr        75        0       75          0  68.860199   0.002000   0.148000
 Curr        75        0       75         -1   1.246045   0.002000   0.148000
 Curr        75        0       75  Conv   -2   0.062302   0.002000   0.150000
 Curr        76        0       76          0 105.212464   0.002000   0.150000
 Curr        76        0       76  Conv   -1   0.545363   0.002000   0.152000
 Curr        77        0       77          0  50.874258   0.002000   0.152000
 Curr        77        0       77  Conv   -1   0.439597   0.002000   0.154000
 Curr        78        0       78          0 104.971799   0.002000   0.154000
 Curr        78        0       78  Conv   -1   0.497533   0.002000   0.156000
 Curr        79        0       79          0  50.831059   0.002000   0.156000
 Curr        79        0       79  Conv   -1   0.061148   0.002000   0.158000
 Curr        80        0       80          0  82.560169   0.002000   0.158000
 Curr        80        0       80  Conv   -1   0.239032   0.002000   0.160000
 Curr        81        0       81          0 267.050323   0.002000   0.160000
 Curr        81        0       81  Conv   -1   0.113394   0.002000   0.162000
 Curr        82        0       82          0 188.174290   0.002000   0.162000
 Curr        82        0       82  Conv   -1   0.176733   0.002000   0.164000
 Curr        83        0       83          0 262.752873   0.002000   0.164000
 Curr        83        0       83  Conv   -1   0.261927   0.002000   0.166000
 Curr        84        0       84          0 188.461364   0.002000   0.166000
 Curr        84        0       84  Conv   -1   0.153926   0.002000   0.168000
 Curr        85        0       85          0 249.608915   0.002000   0.168000
 Curr        85        0       85  Conv   -1   0.033641   0.002000   0.170000
 Curr        86        0       86          0 180.579715   0.002000   0.170000
 Curr        86        0       86  Conv   -1   0.013359   0.002000   0.172000
 Curr        87        0       87          0 243.628594   0.002000   0.172000
 Curr        87        0       87  Conv   -1   0.065398   0.002000   0.174000
 Curr        88        0       88          0 169.536219   0.002000   0.174000
 Curr        88        0       88  Conv   -1   0.108392   0.002000   0.176000
 Curr        89        0       89          0 231.540345   0.002000   0.176000
 Curr        89        0       89  Conv   -1   0.104012   0.002000   0.178000
 Curr        90        0       90          0 155.815849   0.002000   0.178000
 Curr        90        0       90  Conv   -1   0.073059   0.002000   0.180000
 Curr        91        0       91          0 119.804217   0.002000   0.180000
 Curr        91        0       91  Conv   -1   0.009485   0.002000   0.182000
 Curr        92        0       92          0  62.716800   0.002000   0.182000
 Curr        92        0       92         -1   1.554512   0.002000   0.182000
 Curr        92        0       92  Conv   -2   0.075235   0.002000   0.184000
 Curr        93        0       93          0 135.908070   0.002000   0.184000
 Curr        93        0       93  Conv   -1   0.090764   0.002000   0.186000
 Curr        94        0       94          0  78.143204   0.002000   0.186000
 Curr        94        0       94  Conv   -1   0.394105   0.002000   0.188000
 Curr        95        0       95          0  89.198590   0.002000   0.188000
 Curr        95        0       95  Conv   -1   2.97E-10   0.002000   0.190000
 Curr        96        0       96          0  82.761767   0.002000   0.190000
 Curr        96        0       96  Conv   -1   2.80E-10   0.002000   0.192000
 Curr        97        0       97          0  70.661685   0.002000   0.192000
 Curr        97        0       97  Conv   -1   2.85E-10   0.002000   0.194000
 Curr        98        0       98          0 101.814380   0.002000   0.194000
 Curr        98        0       98  Conv   -1   2.88E-10   0.002000   0.196000
 Curr        99        0       99          0  64.303251   0.002000   0.196000
 Curr        99        0       99  Conv   -1   2.89E-10   0.002000   0.198000
 Curr       100        0      100          0 128.734877   0.002000   0.198000
 Curr       100        0      100  Conv   -1   1.59E-09   0.002000   0.200000
 Curr       101        0      101          0  80.522714   0.002000   0.200000
 Curr       101        0      101  Conv   -1   3.01E-10   0.002000   0.202000
 Curr       102        0      102          0 177.363374   0.002000   0.202000
 Curr       102        0      102  Conv   -1   1.59E-09   0.002000   0.204000
 Curr       103        0      103          0 103.050625   0.002000   0.204000
 Curr       103        0      103         -1   6.448096   0.002000   0.204000
 Curr       103        0      103  Conv   -2   0.789408   0.002000   0.206000
 Curr       104        0      104          0 219.873809   0.002000   0.206000
 Curr       104        0      104  Conv   -1   3.31E-09   0.002000   0.208000
 Curr       105        0      105          0 129.269622   0.002000   0.208000
 Curr       105        0      105  Conv   -1   5.14E-12   0.002000   0.210000
 Curr       106        0      106          0 238.924267   0.002000   0.210000
 Curr       106        0      106  Conv   -1   2.79E-09   0.002000   0.212000
 Curr       107        0      107          0 147.583765   0.002000   0.212000
 Curr       107        0      107  Conv   -1   3.02E-09   0.002000   0.214000
 Curr       108        0      108          0 253.181702   0.002000   0.214000
 Curr       108        0      108  Conv   -1   3.23E-09   0.002000   0.216000
 Curr       109        0      109          0 152.828808   0.002000   0.216000
 Curr       109        0      109  Conv   -1   3.06E-09   0.002000   0.218000
 Curr       110        0      110          0 254.940925   0.002000   0.218000
 Curr       110        0      110  Conv   -1   3.25E-09   0.002000   0.220000
 Curr       111        0      111          0 204.307674   0.002000   0.220000
 Curr       111        0      111         -1   2.248711   0.002000   0.220000
 Curr       111        0      111  Conv   -2   0.080262   0.002000   0.222000
 Curr       112        0      112          0 130.939286   0.002000   0.222000
 Curr       112        0      112  Conv   -1   1.73E-09   0.002000   0.224000
 Curr       113        0      113          0 184.000529   0.002000   0.224000
 Curr       113        0      113  Conv   -1   2.51E-12   0.002000   0.226000
 Curr       114        0      114          0 130.419226   0.002000   0.226000
 Curr       114        0      114  Conv   -1   2.22E-12   0.002000   0.228000
 Curr       115        0      115          0 156.858807   0.002000   0.228000
 Curr       115        0      115  Conv   -1   2.23E-12   0.002000   0.230000
 Curr       116        0      116          0 118.073495   0.002000   0.230000
 Curr       116        0      116  Conv   -1   1.83E-09   0.002000   0.232000
 Curr       117        0      117          0 152.757432   0.002000   0.232000
 Curr       117        0      117  Conv   -1   2.04E-12   0.002000   0.234000
 Curr       118        0      118          0 118.501110   0.002000   0.234000
 Curr       118        0      118  Conv   -1   2.43E-12   0.002000   0.236000
 Curr       119        0      119          0 145.341344   0.002000   0.236000
 Curr       119        0      119  Conv   -1   2.90E-12   0.002000   0.238000
 Curr       120        0      120          0 125.437372   0.002000   0.238000
 Curr       120        0      120  Conv   -1   2.00E-09   0.002000   0.240000
 Curr       121        0      121          0 210.363468   0.002000   0.240000
 Curr       121        0      121  Conv   -1   3.20E-12   0.002000   0.242000
 Curr       122        0      122          0 142.902682   0.002000   0.242000
 Curr       122        0      122         -1   1.769370   0.002000   0.242000
 Curr       122        0      122  Conv   -2   0.090629   0.002000   0.244000
 Curr       123        0      123          0 200.500137   0.002000   0.244000
 Curr       123        0      123  Conv   -1   4.41E-12   0.002000   0.246000
 Curr       124        0      124          0 143.013649   0.002000   0.246000
 Curr       124        0      124  Conv   -1   3.99E-12   0.002000   0.248000
 Curr       125        0      125          0 185.587533   0.002000   0.248000
 Curr       125        0      125  Conv   -1   1.76E-11   0.002000   0.250000
 Curr       126        0      126          0 147.088976   0.002000   0.250000
 Curr       126        0      126  Conv   -1   1.75E-12   0.002000   0.252000
 Curr       127        0      127          0 172.282536   0.002000   0.252000
 Curr       127        0      127  Conv   -1   7.43E-12   0.002000   0.254000
 Curr       128        0      128          0 167.466101   0.002000   0.254000
 Curr       128        0      128  Conv   -1   7.27E-12   0.002000   0.256000
 Curr       129        0      129          0 160.615937   0.002000   0.256000
 Curr       129        0      129  Conv   -1   1.00E-11   0.002000   0.258000
 Curr       130        0      130          0 202.711746   0.002000   0.258000
 Curr       130        0      130  Conv   -1   3.69E-11   0.002000   0.260000
 Curr       131        0      131          0 230.052900   0.002000   0.260000
 Curr       131        0      131  Conv   -1   3.45E-12   0.002000   0.262000
 Curr       132        0      132          0 427.211982   0.002000   0.262000
 Curr       132        0      132  Conv   -1   1.38E-11   0.002000   0.264000
 Curr       133        0      133          0 274.659173   0.002000   0.264000
 Curr       133        0      133  Conv   -1   1.21E-11   0.002000   0.266000
 Curr       134        0      134          0 498.925894   0.002000   0.266000
 Curr       134        0      134  Conv   -1   3.07E-11   0.002000   0.268000
 Curr       135        0      135          0 296.103828   0.002000   0.268000
 Curr       135        0      135  Conv   -1   2.67E-11   0.002000   0.270000
 Curr       136        0      136          0 565.993970   0.002000   0.270000
 Curr       136        0      136  Conv   -1   2.17E-11   0.002000   0.272000
 Curr       137        0      137          0 324.651737   0.002000   0.272000
 Curr       137        0      137  Conv   -1   1.28E-10   0.002000   0.274000
 Curr       138        0      138          0 622.528047   0.002000   0.274000
 Curr       138        0      138  Conv   -1   3.99E-11   0.002000   0.276000
 Curr       139        0      139          0 349.562102   0.002000   0.276000
 Curr       139        0      139  Conv   -1   5.71E-11   0.002000   0.278000
 Curr       140        0      140          0 676.458906   0.002000   0.278000
 Curr       140        0      140  Conv   -1   7.18E-11   0.002000   0.280000
 Curr       141        0      141          0   1336.613   0.002000   0.280000
 Curr       141        0      141  Conv   -1   3.82E-11   0.002000   0.282000
 Curr       142        0      142          0   1786.662   0.002000   0.282000
 Curr       142        0      142  Conv   -1   1.56E-10   0.002000   0.284000
 Curr       143        0      143          0   1436.068   0.002000   0.284000
 Curr       143        0      143  Conv   -1   2.69E-10   0.002000   0.286000
 Curr       144        0      144          0   1882.695   0.002000   0.286000
 Curr       144        0      144  Conv   -1   3.69E-11   0.002000   0.288000
 Curr       145        0      145          0   1341.879   0.002000   0.288000
 Curr       145        0      145  Conv   -1   9.66E-11   0.002000   0.290000
 Curr       146        0      146          0   1858.942   0.002000   0.290000
 Curr       146        0      146  Conv   -1   3.18E-10   0.002000   0.292000
 Curr       147        0      147          0   1346.910   0.002000   0.292000
 Curr       147        0      147  Conv   -1   1.45E-10   0.002000   0.294000
 Curr       148        0      148          0   1769.842   0.002000   0.294000
 Curr       148        0      148  Conv   -1   1.44E-11   0.002000   0.296000
 Curr       149        0      149          0   1677.706   0.002000   0.296000
 Curr       149        0      149  Conv   -1   5.68E-10   0.002000   0.298000
 Curr       150        0      150          0   1843.146   0.002000   0.298000
 Curr       150        0      150  Conv   -1   2.13E-10   0.002000   0.300000
 Curr       151        0      151          0   6587.708   0.002000   0.300000
 Curr       151        0      151  Conv   -1   4.18E-10   0.002000   0.302000
 Curr       152        0      152          0   5246.452   0.002000   0.302000
 Curr       152        0      152  Conv   -1   6.56E-11   0.002000   0.304000
 Curr       153        0      153          0   6413.605   0.002000   0.304000
 Curr       153        0      153  Conv   -1   1.48E-10   0.002000   0.306000
 Curr       154        0      154          0   4781.860   0.002000   0.306000
 Curr       154        0      154  Conv   -1   1.27E-10   0.002000   0.308000
 Curr       155        0      155          0   5078.583   0.002000   0.308000
 Curr       155        0      155  Conv   -1   2.41E-10   0.002000   0.310000
 Curr       156        0      156          0   3586.646   0.002000   0.310000
 Curr       156        0      156  Conv   -1   6.01E-11   0.002000   0.312000
 Curr       157        0      157          0   3679.676   0.002000   0.312000
 Curr       157        0      157  Conv   -1   1.88E-11   0.002000   0.314000
 Curr       158        0      158          0   2436.445   0.002000   0.314000
 Curr       158        0      158  Conv   -1   9.68E-11   0.002000   0.316000
 Curr       159        0      159          0   2480.325   0.002000   0.316000
 Curr       159        0      159  Conv   -1   1.73E-10   0.002000   0.318000
 Curr       160        0      160          0   1532.454   0.002000   0.318000
 Curr       160        0      160  Conv   -1   7.13E-11   0.002000   0.320000
 Curr       161        0      161          0   1762.632   0.002000   0.320000
 Curr       161        0      161  Conv   -1   8.54E-12   0.002000   0.322000
 Curr       162        0      162          0   1753.416   0.002000   0.322000
 Curr       162        0      162  Conv   -1   1.29E-10   0.002000   0.324000
 Curr       163        0      163          0   1644.632   0.002000   0.324000
 Curr       163        0      163  Conv   -1   6.36E-11   0.002000   0.326000
 Curr       164        0      164          0   1747.434   0.002000   0.326000
 Curr       164        0      164  Conv   -1   6.98E-11   0.002000   0.328000
 Curr       165        0      165          0   1416.109   0.002000   0.328000
 Curr       165        0      165  Conv   -1   3.84E-11   0.002000   0.330000
 Curr       166        0      166          0   1733.298   0.002000   0.330000
 Curr       166        0      166  Conv   -1   1.15E-10   0.002000   0.332000
 Curr       167        0      167          0   1429.852   0.002000   0.332000
 Curr       167        0      167  Conv   -1   1.31E-10   0.002000   0.334000
 Curr       168        0      168          0   1715.720   0.002000   0.334000
 Curr       168        0      168  Conv   -1   4.95E-11   0.002000   0.336000
 Curr       169        0      169          0   1423.737   0.002000   0.336000
 Curr       169        0      169  Conv   -1   4.82E-11   0.002000   0.338000
 Curr       170        0      170          0   1684.776   0.002000   0.338000
 Curr       170        0      170  Conv   -1   1.93E-10   0.002000   0.340000
 Curr       171        0      171          0   1123.180   0.002000   0.340000
 Curr       171        0      171  Conv   -1   9.78E-11   0.002000   0.342000
 Curr       172        0      172          0 546.685316   0.002000   0.342000
 Curr       172        0      172  Conv   -1   4.50E-11   0.002000   0.344000
 Curr       173        0      173          0 972.393436   0.002000   0.344000
 Curr       173        0      173  Conv   -1   4.59E-11   0.002000   0.346000
 Curr       174        0      174          0 606.314958   0.002000   0.346000
 Curr       174        0      174  Conv   -1   6.42E-11   0.002000   0.348000
 Curr       175        0      175          0 819.177021   0.002000   0.348000
 Curr       175        0      175  Conv   -1   2.24E-10   0.002000   0.350000
 Curr       176        0      176          0 552.386450   0.002000   0.350000
 Curr       176        0      176  Conv   -1   1.85E-10   0.002000   0.352000
 Curr       177        0      177          0 780.747281   0.002000   0.352000
 Curr       177        0      177  Conv   -1   6.50E-11   0.002000   0.354000
 Curr       178        0      178          0 463.984010   0.002000   0.354000
 Curr       178        0      178  Conv   -1   7.09E-11   0.002000   0.356000
 Curr       179        0      179          0 682.741298   0.002000   0.356000
 Curr       179        0      179  Conv   -1   2.01E-10   0.002000   0.358000
 Curr       180        0      180          0 394.504655   0.002000   0.358000
 Curr       180        0      180  Conv   -1   2.60E-11   0.002000   0.360000
 Curr       181        0      181          0 440.880208   0.002000   0.360000
 Curr       181        0      181  Conv   -1   7.19E-11   0.002000   0.362000
 Curr       182        0      182          0 315.303634   0.002000   0.362000
 Curr       182        0      182  Conv   -1   7.37E-12   0.002000   0.364000
 Curr       183        0      183          0 379.797973   0.002000   0.364000
 Curr       183        0      183  Conv   -1   1.32E-10   0.002000   0.366000
 Curr       184        0      184          0 279.695984   0.002000   0.366000
 Curr       184        0      184  Conv   -1   1.23E-11   0.002000   0.368000
 Curr       185        0      185          0 297.348232   0.002000   0.368000
 Curr       185        0      185  Conv   -1   3.79E-11   0.002000   0.370000
 Curr       186        0      186          0 266.645954   0.002000   0.370000
 Curr       186        0      186  Conv   -1   6.07E-12   0.002000   0.372000
 Curr       187        0      187          0 246.141646   0.002000   0.372000
 Curr       187        0      187  Conv   -1   3.35E-11   0.002000   0.374000
 Curr       188        0      188          0 261.575288   0.002000   0.374000
 Curr       188        0      188  Conv   -1   7.17E-11   0.002000   0.376000
 Curr       189        0      189          0 211.407071   0.002000   0.376000
 Curr       189        0      189  Conv   -1   1.75E-11   0.002000   0.378000
 Curr       190        0      190          0 378.926191   0.002000   0.378000
 Curr       190        0      190         -1  10.817976   0.002000   0.378000
 Curr       190        0      190  Conv   -2   0.328549   0.002000   0.380000
 Curr       191        0      191          0 755.737121   0.002000   0.380000
 Curr       191        0      191  Conv   -1   5.25E-08   0.002000   0.382000
 Curr       192        0      192          0   1109.711   0.002000   0.382000
 Curr       192        0      192  Conv   -1   4.69E-11   0.002000   0.384000
 Curr       193        0      193          0 672.595378   0.002000   0.384000
 Curr       193        0      193  Conv   -1   6.99E-09   0.002000   0.386000
 Curr       194        0      194          0   1042.802   0.002000   0.386000
 Curr       194        0      194  Conv   -1   1.97E-08   0.002000   0.388000
 Curr       195        0      195          0 592.572374   0.002000   0.388000
 Curr       195        0      195  Conv   -1   1.92E-08   0.002000   0.390000
 Curr       196        0      196          0 977.075542   0.002000   0.390000
 Curr       196        0      196  Conv   -1   5.33E-08   0.002000   0.392000
 Curr       197        0      197          0 543.392550   0.002000   0.392000
 Curr       197        0      197         -1   6.167428   0.002000   0.392000
 Curr       197        0      197  Conv   -2   8.22E-10   0.002000   0.394000
 Curr       198        0      198          0 959.382424   0.002000   0.394000
 Curr       198        0      198         -1   2.405350   0.002000   0.394000
 Curr       198        0      198  Conv   -2   0.020359   0.002000   0.396000
 Curr       199        0      199          0 820.527843   0.002000   0.396000
 Curr       199        0      199  Conv   -1   1.14E-09   0.002000   0.398000
 Curr       200        0      200          0   1065.640   0.002000   0.398000
 Curr       200        0      200  Conv   -1   6.49E-10   0.002000   0.400000
 Curr       201        0      201          0   1766.132   0.002000   0.400000
 Curr       201        0      201  Conv   -1   3.55E-08   0.002000   0.402000
 Curr       202        0      202          0 906.096231   0.002000   0.402000
 Curr       202        0      202  Conv   -1   9.24E-08   0.002000   0.404000
 Curr       203        0      203          0   1759.175   0.002000   0.404000
 Curr       203        0      203  Conv   -1   1.41E-07   0.002000   0.406000
 Curr       204        0      204          0 868.032840   0.002000   0.406000
 Curr       204        0      204  Conv   -1   1.93E-07   0.002000   0.408000
 Curr       205        0      205          0   1616.696   0.002000   0.408000
 Curr       205        0      205  Conv   -1   2.20E-07   0.002000   0.410000
 Curr       206        0      206          0 804.435189   0.002000   0.410000
 Curr       206        0      206  Conv   -1   2.64E-07   0.002000   0.412000
 Curr       207        0      207          0   1465.887   0.002000   0.412000
 Curr       207        0      207  Conv   -1   2.82E-07   0.002000   0.414000
 Curr       208        0      208          0 708.655591   0.002000   0.414000
 Curr       208        0      208  Conv   -1   3.17E-07   0.002000   0.416000
 Curr       209        0      209          0   1285.780   0.002000   0.416000
 Curr       209        0      209  Conv   -1   3.17E-07   0.002000   0.418000
 Curr       210        0      210          0 625.929076   0.002000   0.418000
 Curr       210        0      210  Conv   -1   3.30E-07   0.002000   0.420000
 Curr       211        0      211          0 833.704266   0.002000   0.420000
 Curr       211        0      211  Conv   -1   3.13E-07   0.002000   0.422000
 Curr       212        0      212          0 636.642607   0.002000   0.422000
 Curr       212        0      212  Conv   -1   2.98E-07   0.002000   0.424000
 Curr       213        0      213          0 703.213306   0.002000   0.424000
 Curr       213        0      213  Conv   -1   2.69E-07   0.002000   0.426000
 Curr       214        0      214          0 662.503350   0.002000   0.426000
 Curr       214        0      214  Conv   -1   2.34E-07   0.002000   0.428000
 Curr       215        0      215          0 592.391929   0.002000   0.428000
 Curr       215        0      215  Conv   -1   1.93E-07   0.002000   0.430000
 Curr       216        0      216          0 697.337565   0.002000   0.430000
 Curr       216        0      216  Conv   -1   1.44E-07   0.002000   0.432000
 Curr       217        0      217          0 520.719624   0.002000   0.432000
 Curr       217        0      217  Conv   -1   9.04E-08   0.002000   0.434000
 Curr       218        0      218          0 726.856653   0.002000   0.434000
 Curr       218        0      218  Conv   -1   3.12E-08   0.002000   0.436000
 Curr       219        0      219          0 473.142045   0.002000   0.436000
 Curr       219        0      219  Conv   -1   3.15E-08   0.002000   0.438000
 Curr       220        0      220          0 751.063458   0.002000   0.438000
 Curr       220        0      220  Conv   -1   9.61E-08   0.002000   0.440000
 Curr       221        0      221          0 506.828072   0.002000   0.440000
 Curr       221        0      221  Conv   -1   1.68E-07   0.002000   0.442000
 Curr       222        0      222          0 990.038784   0.002000   0.442000
 Curr       222        0      222  Conv   -1   2.31E-07   0.002000   0.444000
 Curr       223        0      223          0 501.032730   0.002000   0.444000
 Curr       223        0      223  Conv   -1   3.14E-07   0.002000   0.446000
 Curr       224        0      224          0 981.020884   0.002000   0.446000
 Curr       224        0      224  Conv   -1   3.73E-07   0.002000   0.448000
 Curr       225        0      225          0 481.022656   0.002000   0.448000
 Curr       225        0      225  Conv   -1   4.62E-07   0.002000   0.450000
 Curr       226        0      226          0 956.309048   0.002000   0.450000
 Curr       226        0      226  Conv   -1   5.13E-07   0.002000   0.452000
 Curr       227        0      227          0 463.528886   0.002000   0.452000
 Curr       227        0      227  Conv   -1   6.04E-07   0.002000   0.454000
 Curr       228        0      228          0 913.905094   0.002000   0.454000
 Curr       228        0      228  Conv   -1   6.46E-07   0.002000   0.456000
 Curr       229        0      229          0 441.405759   0.002000   0.456000
 Curr       229        0      229  Conv   -1   7.35E-07   0.002000   0.458000
 Curr       230        0      230          0 857.662862   0.002000   0.458000
 Curr       230        0      230  Conv   -1   7.67E-07   0.002000   0.460000
 Curr       231        0      231          0 483.858240   0.002000   0.460000
 Curr       231        0      231  Conv   -1   0.001271   0.002000   0.462000
 Curr       232        0      232          0 923.829383   0.002000   0.462000
 Curr       232        0      232  Conv   -1   8.72E-07   0.002000   0.464000
 Curr       233        0      233          0 450.160030   0.002000   0.464000
 Curr       233        0      233  Conv   -1   0.007904   0.002000   0.466000
 Curr       234        0      234          0 841.508741   0.002000   0.466000
 Curr       234        0      234  Conv   -1   9.65E-07   0.002000   0.468000
 Curr       235        0      235          0 433.404534   0.002000   0.468000
 Curr       235        0      235  Conv   -1   0.004859   0.002000   0.470000
 Curr       236        0      236          0 766.600269   0.002000   0.470000
 Curr       236        0      236         -1  33.121775   0.002000   0.470000
 Curr       236        0      236  Conv   -2   0.001814   0.002000   0.472000
 Curr       237        0      237          0 463.149941   0.002000   0.472000
 Curr       237        0      237         -1  31.238572   0.002000   0.472000
 Curr       237        0      237         -2   5.068973   0.002000   0.472000
 Curr       237        0      237  Conv   -3   0.822524   0.002000   0.474000
 Curr       238        0      238          0 623.793144   0.002000   0.474000
 Curr       238        0      238  Conv   -1   2.85E-12   0.002000   0.476000
 Curr       239        0      239          0 637.619816   0.002000   0.476000
 Curr       239        0      239  Conv   -1   4.92E-12   0.002000   0.478000
 Curr       240        0      240          0 547.908286   0.002000   0.478000
 Curr       240        0      240  Conv   -1   2.54E-11   0.002000   0.480000
 Curr       241        0      241          0   1422.549   0.002000   0.480000
 Curr       241        0      241  Conv   -1   1.75E-11   0.002000   0.482000
 Curr       242        0      242          0 878.850931   0.002000   0.482000
 Curr       242        0      242  Conv   -1   4.45E-12   0.002000   0.484000
 Curr       243        0      243          0   1578.377   0.002000   0.484000
 Curr       243        0      243  Conv   -1   5.31E-12   0.002000   0.486000
 Curr       244        0      244          0 978.423610   0.002000   0.486000
 Curr       244        0      244  Conv   -1   1.66E-11   0.002000   0.488000
 Curr       245        0      245          0   1630.978   0.002000   0.488000
 Curr       245        0      245  Conv   -1   8.28E-12   0.002000   0.490000
 Curr       246        0      246          0 986.000033   0.002000   0.490000
 Curr       246        0      246  Conv   -1   1.11E-11   0.002000   0.492000
 Curr       247        0      247          0   1594.213   0.002000   0.492000
 Curr       247        0      247  Conv   -1   1.65E-11   0.002000   0.494000
 Curr       248        0      248          0 922.778607   0.002000   0.494000
 Curr       248        0      248  Conv   -1   6.38E-12   0.002000   0.496000
 Curr       249        0      249          0   1465.410   0.002000   0.496000
 Curr       249        0      249  Conv   -1   8.67E-12   0.002000   0.498000
 Curr       250        0      250          0 797.876249   0.002000   0.498000
 Curr       250        0      250  Conv   -1   1.35E-11   0.002000   0.500000
 Curr       251        0      251          0 752.755417   0.002000   0.500000
 Curr       251        0      251  Conv   -1   2.95E-11   0.002000   0.502000
 Curr       252        0      252          0 576.833046   0.002000   0.502000
 Curr       252        0      252  Conv   -1   8.18E-12   0.002000   0.504000
 Curr       253        0      253          0 639.992190   0.002000   0.504000
 Curr       253        0      253  Conv   -1   1.76E-11   0.002000   0.506000
 Curr       254        0      254          0 664.322357   0.002000   0.506000
 Curr       254        0      254  Conv   -1   1.29E-11   0.002000   0.508000
 Curr       255        0      255          0 515.460921   0.002000   0.508000
 Curr       255        0      255  Conv   -1   1.22E-11   0.002000   0.510000
 Curr       256        0      256          0 780.198827   0.002000   0.510000
 Curr       256        0      256  Conv   -1   7.87E-12   0.002000   0.512000
 Curr       257        0      257          0 503.869878   0.002000   0.512000
 Curr       257        0      257  Conv   -1   1.80E-11   0.002000   0.514000
 Curr       258        0      258          0 896.860090   0.002000   0.514000
 Curr       258        0      258  Conv   -1   3.93E-11   0.002000   0.516000
 Curr       259        0      259          0 533.260327   0.002000   0.516000
 Curr       259        0      259  Conv   -1   7.33E-12   0.002000   0.518000
 Curr       260        0      260          0   1021.573   0.002000   0.518000
 Curr       260        0      260  Conv   -1   1.09E-11   0.002000   0.520000
 Curr       261        0      261          0 588.981086   0.002000   0.520000
 Curr       261        0      261  Conv   -1   9.39E-12   0.002000   0.522000
 Curr       262        0      262          0 881.977042   0.002000   0.522000
 Curr       262        0      262  Conv   -1   8.70E-12   0.002000   0.524000
 Curr       263        0      263          0 588.836305   0.002000   0.524000
 Curr       263        0      263  Conv   -1   1.37E-11   0.002000   0.526000
 Curr       264        0      264          0 969.429294   0.002000   0.526000
 Curr       264        0      264  Conv   -1   2.15E-11   0.002000   0.528000
 Curr       265        0      265          0 603.249794   0.002000   0.528000
 Curr       265        0      265  Conv   -1   2.01E-11   0.002000   0.530000
 Curr       266        0      266          0   1035.226   0.002000   0.530000
 Curr       266        0      266  Conv   -1   1.01E-11   0.002000   0.532000
 Curr       267        0      267          0 631.754194   0.002000   0.532000
 Curr       267        0      267  Conv   -1   1.09E-11   0.002000   0.534000
 Curr       268        0      268          0   1085.371   0.002000   0.534000
 Curr       268        0      268  Conv   -1   4.91E-11   0.002000   0.536000
 Curr       269        0      269          0 659.561198   0.002000   0.536000
 Curr       269        0      269  Conv   -1   5.34E-11   0.002000   0.538000
 Curr       270        0      270          0   1112.394   0.002000   0.538000
 Curr       270        0      270  Conv   -1   4.04E-11   0.002000   0.540000
 Curr       271        0      271          0 694.705872   0.002000   0.540000
 Curr       271        0      271  Conv   -1   4.99E-11   0.002000   0.542000
 Curr       272        0      272          0   1115.520   0.002000   0.542000
 Curr       272        0      272  Conv   -1   1.35E-11   0.002000   0.544000
 Curr       273        0      273          0 740.580651   0.002000   0.544000
 Curr       273        0      273  Conv   -1   6.48E-11   0.002000   0.546000
 Curr       274        0      274          0   1100.454   0.002000   0.546000
 Curr       274        0      274  Conv   -1   1.65E-11   0.002000   0.548000
 Curr       275        0      275          0 804.222409   0.002000   0.548000
 Curr       275        0      275  Conv   -1   2.35E-11   0.002000   0.550000
 Curr       276        0      276          0   1072.193   0.002000   0.550000
 Curr       276        0      276  Conv   -1   1.60E-11   0.002000   0.552000
 Curr       277        0      277          0 892.484923   0.002000   0.552000
 Curr       277        0      277  Conv   -1   5.17E-12   0.002000   0.554000
 Curr       278        0      278          0   1039.242   0.002000   0.554000
 Curr       278        0      278  Conv   -1   6.17E-12   0.002000   0.556000
 Curr       279        0      279          0   1005.943   0.002000   0.556000
 Curr       279        0      279  Conv   -1   2.00E-11   0.002000   0.558000
 Curr       280        0      280          0   1012.010   0.002000   0.558000
 Curr       280        0      280  Conv   -1   1.74E-11   0.002000   0.560000
 Curr       281        0      281          0 981.546918   0.002000   0.560000
 Curr       281        0      281  Conv   -1   1.21E-11   0.002000   0.562000
 Curr       282        0      282          0   1151.216   0.002000   0.562000
 Curr       282        0      282  Conv   -1   1.26E-11   0.002000   0.564000
 Curr       283        0      283          0   1132.995   0.002000   0.564000
 Curr       283        0      283  Conv   -1   4.18E-11   0.002000   0.566000
 Curr       284        0      284          0   1142.663   0.002000   0.566000
 Curr       284        0      284  Conv   -1   4.25E-11   0.002000   0.568000
 Curr       285        0      285          0   1324.597   0.002000   0.568000
 Curr       285        0      285  Conv   -1   1.06E-11   0.002000   0.570000
 Curr       286        0      286          0   1174.628   0.002000   0.570000
 Curr       286        0      286  Conv   -1   5.86E-11   0.002000   0.572000
 Curr       287        0      287          0   1580.293   0.002000   0.572000
 Curr       287        0      287  Conv   -1   5.75E-11   0.002000   0.574000
 Curr       288        0      288          0   1246.641   0.002000   0.574000
 Curr       288        0      288  Conv   -1   3.59E-11   0.002000   0.576000
 Curr       289        0      289          0   1900.841   0.002000   0.576000
 Curr       289        0      289  Conv   -1   1.26E-10   0.002000   0.578000
 Curr       290        0      290          0   1383.530   0.002000   0.578000
 Curr       290        0      290  Conv   -1   8.55E-11   0.002000   0.580000
 Curr       291        0      291          0   2565.351   0.002000   0.580000
 Curr       291        0      291  Conv   -1   1.48E-10   0.002000   0.582000
 Curr       292        0      292          0   1597.678   0.002000   0.582000
 Curr       292        0      292  Conv   -1   5.07E-11   0.002000   0.584000
 Curr       293        0      293          0   3038.855   0.002000   0.584000
 Curr       293        0      293  Conv   -1   1.35E-12   0.002000   0.586000
 Curr       294        0      294          0   1888.962   0.002000   0.586000
 Curr       294        0      294  Conv   -1   2.28E-11   0.002000   0.588000
 Curr       295        0      295          0   3587.335   0.002000   0.588000
 Curr       295        0      295  Conv   -1   1.62E-10   0.002000   0.590000
 Curr       296        0      296          0   2268.499   0.002000   0.590000
 Curr       296        0      296  Conv   -1   3.39E-11   0.002000   0.592000
 Curr       297        0      297          0   4228.812   0.002000   0.592000
 Curr       297        0      297  Conv   -1   8.26E-11   0.002000   0.594000
 Curr       298        0      298          0   2758.945   0.002000   0.594000
 Curr       298        0      298  Conv   -1   5.50E-11   0.002000   0.596000
 Curr       299        0      299          0   4708.714   0.002000   0.596000
 Curr       299        0      299  Conv   -1   1.22E-10   0.002000   0.598000
 Curr       300        0      300          0   3240.948   0.002000   0.598000
 Curr       300        0      300  Conv   -1   1.33E-10   0.002000   0.600000
 Curr       301        0      301          0   4703.847   0.002000   0.600000
 Curr       301        0      301  Conv   -1   2.90E-10   0.002000   0.602000
 Curr       302        0      302          0   3712.604   0.002000   0.602000
 Curr       302        0      302  Conv   -1   6.12E-11   0.002000   0.604000
 Curr       303        0      303          0   4455.192   0.002000   0.604000
 Curr       303        0      303  Conv   -1   1.79E-10   0.002000   0.606000
 Curr       304        0      304          0   4016.267   0.002000   0.606000
 Curr       304        0      304  Conv   -1   5.23E-11   0.002000   0.608000
 Curr       305        0      305          0   3947.578   0.002000   0.608000
 Curr       305        0      305  Conv   -1   1.11E-10   0.002000   0.610000
 Curr       306        0      306          0   4148.064   0.002000   0.610000
 Curr       306        0      306  Conv   -1   5.10E-11   0.002000   0.612000
 Curr       307        0      307          0   3376.436   0.002000   0.612000
 Curr       307        0      307  Conv   -1   2.36E-10   0.002000   0.614000
 Curr       308        0      308          0   4104.065   0.002000   0.614000
 Curr       308        0      308  Conv   -1   2.65E-11   0.002000   0.616000
 Curr       309        0      309          0   2867.278   0.002000   0.616000
 Curr       309        0      309  Conv   -1   2.82E-11   0.002000   0.618000
 Curr       310        0      310          0   3923.783   0.002000   0.618000
 Curr       310        0      310  Conv   -1   1.02E-10   0.002000   0.620000
 Curr       311        0      311          0   3950.099   0.002000   0.620000
 Curr       311        0      311  Conv   -1   7.87E-11   0.002000   0.622000
 Curr       312        0      312          0   2859.209   0.002000   0.622000
 Curr       312        0      312  Conv   -1   1.26E-10   0.002000   0.624000
 Curr       313        0      313          0   3512.331   0.002000   0.624000
 Curr       313        0      313  Conv   -1   2.60E-10   0.002000   0.626000
 Curr       314        0      314          0   3059.891   0.002000   0.626000
 Curr       314        0      314  Conv   -1   1.68E-11   0.002000   0.628000
 Curr       315        0      315          0   3285.723   0.002000   0.628000
 Curr       315        0      315  Conv   -1   1.50E-10   0.002000   0.630000
 Curr       316        0      316          0   3436.390   0.002000   0.630000
 Curr       316        0      316  Conv   -1   2.57E-11   0.002000   0.632000
 Curr       317        0      317          0   3348.360   0.002000   0.632000
 Curr       317        0      317  Conv   -1   7.21E-11   0.002000   0.634000
 Curr       318        0      318          0   4183.422   0.002000   0.634000
 Curr       318        0      318  Conv   -1   1.12E-10   0.002000   0.636000
 Curr       319        0      319          0   3655.371   0.002000   0.636000
 Curr       319        0      319  Conv   -1   4.90E-11   0.002000   0.638000
 Curr       320        0      320          0   5424.541   0.002000   0.638000
 Curr       320        0      320  Conv   -1   1.99E-11   0.002000   0.640000
 Curr       321        0      321          0   4659.755   0.002000   0.640000
 Curr       321        0      321  Conv   -1   2.49E-10   0.002000   0.642000
 Curr       322        0      322          0   5736.142   0.002000   0.642000
 Curr       322        0      322  Conv   -1   1.14E-11   0.002000   0.644000
 Curr       323        0      323          0   4518.285   0.002000   0.644000
 Curr       323        0      323  Conv   -1   6.58E-11   0.002000   0.646000
 Curr       324        0      324          0   5736.869   0.002000   0.646000
 Curr       324        0      324  Conv   -1   6.24E-11   0.002000   0.648000
 Curr       325        0      325          0   3898.309   0.002000   0.648000
 Curr       325        0      325  Conv   -1   1.40E-10   0.002000   0.650000
 Curr       326        0      326          0   5077.624   0.002000   0.650000
 Curr       326        0      326  Conv   -1   2.54E-11   0.002000   0.652000
 Curr       327        0      327          0   3161.189   0.002000   0.652000
 Curr       327        0      327  Conv   -1   3.52E-11   0.002000   0.654000
 Curr       328        0      328          0   4228.591   0.002000   0.654000
 Curr       328        0      328  Conv   -1   1.67E-11   0.002000   0.656000
 Curr       329        0      329          0   2514.925   0.002000   0.656000
 Curr       329        0      329  Conv   -1   1.02E-11   0.002000   0.658000
 Curr       330        0      330          0   3427.023   0.002000   0.658000
 Curr       330        0      330  Conv   -1   4.98E-11   0.002000   0.660000
 Curr       331        0      331          0   1988.877   0.002000   0.660000
 Curr       331        0      331  Conv   -1   1.07E-11   0.002000   0.662000
 Curr       332        0      332          0   2851.815   0.002000   0.662000
 Curr       332        0      332  Conv   -1   7.83E-12   0.002000   0.664000
 Curr       333        0      333          0   1640.536   0.002000   0.664000
 Curr       333        0      333  Conv   -1   5.00E-12   0.002000   0.666000
 Curr       334        0      334          0   2297.766   0.002000   0.666000
 Curr       334        0      334  Conv   -1   3.87E-12   0.002000   0.668000
 Curr       335        0      335          0   1388.932   0.002000   0.668000
 Curr       335        0      335  Conv   -1   3.52E-12   0.002000   0.670000
 Curr       336        0      336          0   1854.609   0.002000   0.670000
 Curr       336        0      336  Conv   -1   5.58E-12   0.002000   0.672000
 Curr       337        0      337          0   1215.783   0.002000   0.672000
 Curr       337        0      337  Conv   -1   3.37E-12   0.002000   0.674000
 Curr       338        0      338          0   1499.465   0.002000   0.674000
 Curr       338        0      338  Conv   -1   8.69E-12   0.002000   0.676000
 Curr       339        0      339          0   1100.321   0.002000   0.676000
 Curr       339        0      339  Conv   -1   4.20E-12   0.002000   0.678000
 Curr       340        0      340          0   1219.874   0.002000   0.678000
 Curr       340        0      340  Conv   -1   5.21E-12   0.002000   0.680000
 Curr       341        0      341          0 963.870200   0.002000   0.680000
 Curr       341        0      341  Conv   -1   8.07E-12   0.002000   0.682000
 Curr       342        0      342          0   1072.341   0.002000   0.682000
 Curr       342        0      342  Conv   -1   1.45E-11   0.002000   0.684000
 Curr       343        0      343          0 922.186203   0.002000   0.684000
 Curr       343        0      343  Conv   -1   6.64E-12   0.002000   0.686000
 Curr       344        0      344          0 892.773983   0.002000   0.686000
 Curr       344        0      344  Conv   -1   1.26E-11   0.002000   0.688000
 Curr       345        0      345          0 896.753401   0.002000   0.688000
 Curr       345        0      345  Conv   -1   4.71E-12   0.002000   0.690000
 Curr       346        0      346          0 759.945841   0.002000   0.690000
 Curr       346        0      346  Conv   -1   2.59E-11   0.002000   0.692000
 Curr       347        0      347          0 881.099815   0.002000   0.692000
 Curr       347        0      347  Conv   -1   4.38E-12   0.002000   0.694000
 Curr       348        0      348          0 661.617717   0.002000   0.694000
 Curr       348        0      348  Conv   -1   3.25E-11   0.002000   0.696000
 Curr       349        0      349          0 864.950511   0.002000   0.696000
 Curr       349        0      349  Conv   -1   2.90E-11   0.002000   0.698000
 Curr       350        0      350          0 591.569393   0.002000   0.698000
 Curr       350        0      350  Conv   -1   3.48E-11   0.002000   0.700000
 Curr       351        0      351          0 703.008273   0.002000   0.700000
 Curr       351        0      351  Conv   -1   1.88E-11   0.002000   0.702000
 Curr       352        0      352          0 638.377331   0.002000   0.702000
 Curr       352        0      352  Conv   -1   5.30E-11   0.002000   0.704000
 Curr       353        0      353          0 698.942590   0.002000   0.704000
 Curr       353        0      353  Conv   -1   1.10E-11   0.002000   0.706000
 Curr       354        0      354          0 584.014587   0.002000   0.706000
 Curr       354        0      354  Conv   -1   4.61E-11   0.002000   0.708000
 Curr       355        0      355          0 687.572679   0.002000   0.708000
 Curr       355        0      355  Conv   -1   3.88E-12   0.002000   0.710000
 Curr       356        0      356          0 547.723408   0.002000   0.710000
 Curr       356        0      356  Conv   -1   3.09E-11   0.002000   0.712000
 Curr       357        0      357          0 683.714590   0.002000   0.712000
 Curr       357        0      357  Conv   -1   8.67E-12   0.002000   0.714000
 Curr       358        0      358          0 519.687567   0.002000   0.714000
 Curr       358        0      358  Conv   -1   6.08E-11   0.002000   0.716000
 Curr       359        0      359          0 678.652586   0.002000   0.716000
 Curr       359        0      359  Conv   -1   4.42E-11   0.002000   0.718000
 Curr       360        0      360          0 501.079728   0.002000   0.718000
 Curr       360        0      360  Conv   -1   3.37E-11   0.002000   0.720000
 Curr       361        0      361          0 614.519853   0.002000   0.720000
 Curr       361        0      361  Conv   -1   1.21E-11   0.002000   0.722000
 Curr       362        0      362          0 870.020557   0.002000   0.722000
 Curr       362        0      362  Conv   -1   5.71E-11   0.002000   0.724000
 Curr       363        0      363          0 622.983556   0.002000   0.724000
 Curr       363        0      363  Conv   -1   9.44E-12   0.002000   0.726000
 Curr       364        0      364          0 838.830464   0.002000   0.726000
 Curr       364        0      364  Conv   -1   4.02E-11   0.002000   0.728000
 Curr       365        0      365          0 599.547946   0.002000   0.728000
 Curr       365        0      365  Conv   -1   4.04E-11   0.002000   0.730000
 Curr       366        0      366          0 810.784324   0.002000   0.730000
 Curr       366        0      366  Conv   -1   1.75E-11   0.002000   0.732000
 Curr       367        0      367          0 637.141564   0.002000   0.732000
 Curr       367        0      367  Conv   -1   4.55E-11   0.002000   0.734000
 Curr       368        0      368          0 785.858059   0.002000   0.734000
 Curr       368        0      368  Conv   -1   3.49E-11   0.002000   0.736000
 Curr       369        0      369          0 708.637859   0.002000   0.736000
 Curr       369        0      369  Conv   -1   2.92E-11   0.002000   0.738000
 Curr       370        0      370          0 773.161981   0.002000   0.738000
 Curr       370        0      370  Conv   -1   2.03E-11   0.002000   0.740000
 Curr       371        0      371          0   1669.692   0.002000   0.740000
 Curr       371        0      371  Conv   -1   2.32E-11   0.002000   0.742000
 Curr       372        0      372          0 949.121375   0.002000   0.742000
 Curr       372        0      372  Conv   -1   1.86E-11   0.002000   0.744000
 Curr       373        0      373          0   1673.058   0.002000   0.744000
 Curr       373        0      373  Conv   -1   3.08E-11   0.002000   0.746000
 Curr       374        0      374          0 957.749080   0.002000   0.746000
 Curr       374        0      374  Conv   -1   2.54E-11   0.002000   0.748000
 Curr       375        0      375          0   1565.908   0.002000   0.748000
 Curr       375        0      375  Conv   -1   1.42E-11   0.002000   0.750000
 Curr       376        0      376          0 842.770942   0.002000   0.750000
 Curr       376        0      376  Conv   -1   7.71E-12   0.002000   0.752000
 Curr       377        0      377          0   1403.425   0.002000   0.752000
 Curr       377        0      377  Conv   -1   1.02E-11   0.002000   0.754000
 Curr       378        0      378          0 687.165371   0.002000   0.754000
 Curr       378        0      378  Conv   -1   2.41E-11   0.002000   0.756000
 Curr       379        0      379          0   1167.379   0.002000   0.756000
 Curr       379        0      379  Conv   -1   1.55E-11   0.002000   0.758000
 Curr       380        0      380          0 544.603744   0.002000   0.758000
 Curr       380        0      380  Conv   -1   3.47E-11   0.002000   0.760000
 Curr       381        0      381          0 636.237091   0.002000   0.760000
 Curr       381        0      381  Conv   -1   3.12E-11   0.002000   0.762000
 Curr       382        0      382          0 767.763902   0.002000   0.762000
 Curr       382        0      382  Conv   -1   3.74E-11   0.002000   0.764000
 Curr       383        0      383          0 580.306818   0.002000   0.764000
 Curr       383        0      383  Conv   -1   1.59E-11   0.002000   0.766000
 Curr       384        0      384          0 875.332346   0.002000   0.766000
 Curr       384        0      384  Conv   -1   5.50E-11   0.002000   0.768000
 Curr       385        0      385          0 532.792513   0.002000   0.768000
 Curr       385        0      385  Conv   -1   2.83E-11   0.002000   0.770000
 Curr       386        0      386          0 975.864150   0.002000   0.770000
 Curr       386        0      386  Conv   -1   6.39E-11   0.002000   0.772000
 Curr       387        0      387          0 566.245110   0.002000   0.772000
 Curr       387        0      387  Conv   -1   1.18E-11   0.002000   0.774000
 Curr       388        0      388          0   1045.055   0.002000   0.774000
 Curr       388        0      388  Conv   -1   5.80E-12   0.002000   0.776000
 Curr       389        0      389          0 600.752342   0.002000   0.776000
 Curr       389        0      389  Conv   -1   1.88E-11   0.002000   0.778000
 Curr       390        0      390          0   1080.795   0.002000   0.778000
 Curr       390        0      390  Conv   -1   3.00E-11   0.002000   0.780000
 Curr       391        0      391          0 758.883316   0.002000   0.780000
 Curr       391        0      391  Conv   -1   2.75E-11   0.002000   0.782000
 Curr       392        0      392          0   1261.730   0.002000   0.782000
 Curr       392        0      392  Conv   -1   2.14E-11   0.002000   0.784000
 Curr       393        0      393          0 739.431608   0.002000   0.784000
 Curr       393        0      393  Conv   -1   2.06E-11   0.002000   0.786000
 Curr       394        0      394          0   1211.717   0.002000   0.786000
 Curr       394        0      394  Conv   -1   2.37E-11   0.002000   0.788000
 Curr       395        0      395          0 676.829388   0.002000   0.788000
 Curr       395        0      395  Conv   -1   1.57E-11   0.002000   0.790000
 Curr       396        0      396          0   1121.510   0.002000   0.790000
 Curr       396        0      396  Conv   -1   2.94E-11   0.002000   0.792000
 Curr       397        0      397          0 525.034707   0.002000   0.792000
 Curr       397        0      397         -1  10.331824   0.002000   0.792000
 Curr       397        0      397  Conv   -2   0.325613   0.002000   0.794000
 Curr       398        0      398          0 592.083643   0.002000   0.794000
 Curr       398        0      398         -1   4.049274   0.002000   0.794000
 Curr       398        0      398  Conv   -2   0.097291   0.002000   0.796000
 Curr       399        0      399          0 398.424777   0.002000   0.796000
 Curr       399        0      399  Conv   -1   1.24E-08   0.002000   0.798000
 Curr       400        0      400          0 538.641230   0.002000   0.798000
 Curr       400        0      400  Conv   -1   1.45E-09   0.002000   0.800000
 Curr       401        0      401          0 343.857223   0.002000   0.800000
 Curr       401        0      401  Conv   -1   1.31E-08   0.002000   0.802000
 Curr       402        0      402          0 460.093156   0.002000   0.802000
 Curr       402        0      402  Conv   -1   0.470014   0.002000   0.804000
 Curr       403        0      403          0 501.334823   0.002000   0.804000
 Curr       403        0      403         -1   7.270726   0.002000   0.804000
 Curr       403        0      403  Conv   -2   0.354531   0.002000   0.806000
 Curr       404        0      404          0 561.568601   0.002000   0.806000
 Curr       404        0      404  Conv   -1   2.43E-08   0.002000   0.808000
 Curr       405        0      405          0 674.824879   0.002000   0.808000
 Curr       405        0      405         -1   1.856657   0.002000   0.808000
 Curr       405        0      405  Conv   -2   0.227301   0.002000   0.810000
 Curr       406        0      406          0 574.072426   0.002000   0.810000
 Curr       406        0      406  Conv   -1   2.34E-08   0.002000   0.812000
 Curr       407        0      407          0 926.331558   0.002000   0.812000
 Curr       407        0      407  Conv   -1   1.96E-08   0.002000   0.814000
 Curr       408        0      408          0 577.299452   0.002000   0.814000
 Curr       408        0      408  Conv   -1   3.40E-08   0.002000   0.816000
 Curr       409        0      409          0   1156.696   0.002000   0.816000
 Curr       409        0      409  Conv   -1   5.59E-08   0.002000   0.818000
 Curr       410        0      410          0 645.724105   0.002000   0.818000
 Curr       410        0      410  Conv   -1   9.25E-08   0.002000   0.820000
 Curr       411        0      411          0   1374.032   0.002000   0.820000
 Curr       411        0      411  Conv   -1   1.50E-07   0.002000   0.822000
 Curr       412        0      412          0 753.327122   0.002000   0.822000
 Curr       412        0      412         -1  19.954660   0.002000   0.822000
 Curr       412        0      412  Conv   -2   0.712231   0.002000   0.824000
 Curr       413        0      413          0   1695.116   0.002000   0.824000
 Curr       413        0      413  Conv   -1   2.62E-08   0.002000   0.826000
 Curr       414        0      414          0 893.805380   0.002000   0.826000
 Curr       414        0      414  Conv   -1   2.87E-08   0.002000   0.828000
 Curr       415        0      415          0   2005.612   0.002000   0.828000
 Curr       415        0      415  Conv   -1   2.96E-08   0.002000   0.830000
 Curr       416        0      416          0   1061.926   0.002000   0.830000
 Curr       416        0      416  Conv   -1   3.29E-08   0.002000   0.832000
 Curr       417        0      417          0   2347.803   0.002000   0.832000
 Curr       417        0      417  Conv   -1   3.44E-08   0.002000   0.834000
 Curr       418        0      418          0   1229.164   0.002000   0.834000
 Curr       418        0      418  Conv   -1   6.26E-12   0.002000   0.836000
 Curr       419        0      419          0   2731.554   0.002000   0.836000
 Curr       419        0      419  Conv   -1   8.67E-12   0.002000   0.838000
 Curr       420        0      420          0   1421.182   0.002000   0.838000
 Curr       420        0      420  Conv   -1   9.61E-12   0.002000   0.840000
 Curr       421        0      421          0   3114.390   0.002000   0.840000
 Curr       421        0      421  Conv   -1   5.02E-08   0.002000   0.842000
 Curr       422        0      422          0   1559.473   0.002000   0.842000
 Curr       422        0      422  Conv   -1   5.57E-08   0.002000   0.844000
 Curr       423        0      423          0   3214.057   0.002000   0.844000
 Curr       423        0      423  Conv   -1   1.28E-11   0.002000   0.846000
 Curr       424        0      424          0   1643.698   0.002000   0.846000
 Curr       424        0      424  Conv   -1   6.36E-09   0.002000   0.848000
 Curr       425        0      425          0   2969.504   0.002000   0.848000
 Curr       425        0      425  Conv   -1   6.95E-08   0.002000   0.850000
 Curr       426        0      426          0   1762.761   0.002000   0.850000
 Curr       426        0      426  Conv   -1   7.74E-08   0.002000   0.852000
 Curr       427        0      427          0   2507.587   0.002000   0.852000
 Curr       427        0      427         -1  51.678634   0.002000   0.852000
 Curr       427        0      427         -2   2.647036   0.002000   0.852000
 Curr       427        0      427  Conv   -3   0.135584   0.002000   0.854000
 Curr       428        0      428          0   2053.323   0.002000   0.854000
 Curr       428        0      428  Conv   -1   1.60E-11   0.002000   0.856000
 Curr       429        0      429          0   1959.024   0.002000   0.856000
 Curr       429        0      429  Conv   -1   6.13E-11   0.002000   0.858000
 Curr       430        0      430          0   2239.266   0.002000   0.858000
 Curr       430        0      430  Conv   -1   5.83E-11   0.002000   0.860000
 Curr       431        0      431          0   1578.251   0.002000   0.860000
 Curr       431        0      431  Conv   -1   4.40E-11   0.002000   0.862000
 Curr       432        0      432          0   2275.212   0.002000   0.862000
 Curr       432        0      432  Conv   -1   8.94E-11   0.002000   0.864000
 Curr       433        0      433          0   1285.332   0.002000   0.864000
 Curr       433        0      433  Conv   -1   4.93E-11   0.002000   0.866000
 Curr       434        0      434          0   2310.270   0.002000   0.866000
 Curr       434        0      434  Conv   -1   6.54E-11   0.002000   0.868000
 Curr       435        0      435          0   1146.712   0.002000   0.868000
 Curr       435        0      435  Conv   -1   2.78E-11   0.002000   0.870000
 Curr       436        0      436          0   2249.638   0.002000   0.870000
 Curr       436        0      436  Conv   -1   5.87E-12   0.002000   0.872000
 Curr       437        0      437          0   1063.238   0.002000   0.872000
 Curr       437        0      437  Conv   -1   2.30E-11   0.002000   0.874000
 Curr       438        0      438          0   2115.500   0.002000   0.874000
 Curr       438        0      438  Conv   -1   6.98E-11   0.002000   0.876000
 Curr       439        0      439          0 980.404412   0.002000   0.876000
 Curr       439        0      439  Conv   -1   2.35E-11   0.002000   0.878000
 Curr       440        0      440          0   1926.434   0.002000   0.878000
 Curr       440        0      440  Conv   -1   1.13E-11   0.002000   0.880000
 Curr       441        0      441          0 860.570551   0.002000   0.880000
 Curr       441        0      441  Conv   -1   4.46E-11   0.002000   0.882000
 Curr       442        0      442          0   1617.821   0.002000   0.882000
 Curr       442        0      442  Conv   -1   2.82E-11   0.002000   0.884000
 Curr       443        0      443          0 764.417308   0.002000   0.884000
 Curr       443        0      443  Conv   -1   3.18E-11   0.002000   0.886000
 Curr       444        0      444          0   1409.773   0.002000   0.886000
 Curr       444        0      444  Conv   -1   4.31E-11   0.002000   0.888000
 Curr       445        0      445          0 693.439923   0.002000   0.888000
 Curr       445        0      445  Conv   -1   7.90E-11   0.002000   0.890000
 Curr       446        0      446          0   1199.843   0.002000   0.890000
 Curr       446        0      446  Conv   -1   4.98E-11   0.002000   0.892000
 Curr       447        0      447          0 647.518832   0.002000   0.892000
 Curr       447        0      447  Conv   -1   3.73E-11   0.002000   0.894000
 Curr       448        0      448          0   1004.493   0.002000   0.894000
 Curr       448        0      448  Conv   -1   4.99E-11   0.002000   0.896000
 Curr       449        0      449          0 635.145386   0.002000   0.896000
 Curr       449        0      449  Conv   -1   2.55E-11   0.002000   0.898000
 Curr       450        0      450          0 830.396742   0.002000   0.898000
 Curr       450        0      450  Conv   -1   3.93E-11   0.002000   0.900000
 Curr       451        0      451          0 734.091659   0.002000   0.900000
 Curr       451        0      451  Conv   -1   4.29E-11   0.002000   0.902000
 Curr       452        0      452          0 648.635262   0.002000   0.902000
 Curr       452        0      452  Conv   -1   1.24E-10   0.002000   0.904000
 Curr       453        0      453          0 772.357822   0.002000   0.904000
 Curr       453        0      453  Conv   -1   1.79E-11   0.002000   0.906000
 Curr       454        0      454          0 569.774943   0.002000   0.906000
 Curr       454        0      454  Conv   -1   1.18E-11   0.002000   0.908000
 Curr       455        0      455          0 812.704339   0.002000   0.908000
 Curr       455        0      455  Conv   -1   2.03E-11   0.002000   0.910000
 Curr       456        0      456          0 518.856821   0.002000   0.910000
 Curr       456        0      456  Conv   -1   2.95E-11   0.002000   0.912000
 Curr       457        0      457          0 839.332051   0.002000   0.912000
 Curr       457        0      457  Conv   -1   3.12E-11   0.002000   0.914000
 Curr       458        0      458          0 494.322443   0.002000   0.914000
 Curr       458        0      458  Conv   -1   1.42E-10   0.002000   0.916000
 Curr       459        0      459          0 846.773945   0.002000   0.916000
 Curr       459        0      459  Conv   -1   4.09E-11   0.002000   0.918000
 Curr       460        0      460          0 477.620945   0.002000   0.918000
 Curr       460        0      460  Conv   -1   3.28E-11   0.002000   0.920000
 Curr       461        0      461          0 929.897991   0.002000   0.920000
 Curr       461        0      461  Conv   -1   3.82E-11   0.002000   0.922000
 Curr       462        0      462          0 500.772118   0.002000   0.922000
 Curr       462        0      462  Conv   -1   4.42E-11   0.002000   0.924000
 Curr       463        0      463          0 889.324899   0.002000   0.924000
 Curr       463        0      463  Conv   -1   2.44E-11   0.002000   0.926000
 Curr       464        0      464          0 480.629012   0.002000   0.926000
 Curr       464        0      464  Conv   -1   6.64E-11   0.002000   0.928000
 Curr       465        0      465          0 831.101005   0.002000   0.928000
 Curr       465        0      465  Conv   -1   2.71E-11   0.002000   0.930000
 Curr       466        0      466          0 455.619827   0.002000   0.930000
 Curr       466        0      466  Conv   -1   2.42E-11   0.002000   0.932000
 Curr       467        0      467          0 757.418644   0.002000   0.932000
 Curr       467        0      467  Conv   -1   1.60E-11   0.002000   0.934000
 Curr       468        0      468          0 444.435594   0.002000   0.934000
 Curr       468        0      468  Conv   -1   1.42E-11   0.002000   0.936000
 Curr       469        0      469          0 674.321343   0.002000   0.936000
 Curr       469        0      469  Conv   -1   2.09E-11   0.002000   0.938000
 Curr       470        0      470          0 449.746062   0.002000   0.938000
 Curr       470        0      470  Conv   -1   2.57E-11   0.002000   0.940000
 Curr       471        0      471          0 671.946985   0.002000   0.940000
 Curr       471        0      471  Conv   -1   6.80E-11   0.002000   0.942000
 Curr       472        0      472          0 464.659412   0.002000   0.942000
 Curr       472        0      472  Conv   -1   4.93E-11   0.002000   0.944000
 Curr       473        0      473          0 632.959970   0.002000   0.944000
 Curr       473        0      473         -1  38.181191   0.002000   0.944000
 Curr       473        0      473         -2   4.152694   0.002000   0.944000
 Curr       473        0      473  Conv   -3   0.457030   0.002000   0.946000
 Curr       474        0      474          0 842.990359   0.002000   0.946000
 Curr       474        0      474  Conv   -1   2.65E-08   0.002000   0.948000
 Curr       475        0      475          0 388.110793   0.002000   0.948000
 Curr       475        0      475  Conv   -1   2.70E-09   0.002000   0.950000
 Curr       476        0      476          0 666.585276   0.002000   0.950000
 Curr       476        0      476  Conv   -1   1.85E-08   0.002000   0.952000
 Curr       477        0      477          0 411.778517   0.002000   0.952000
 Curr       477        0      477  Conv   -1   5.04E-08   0.002000   0.954000
 Curr       478        0      478          0 713.341541   0.002000   0.954000
 Curr       478        0      478  Conv   -1   8.43E-08   0.002000   0.956000
 Curr       479        0      479          0 332.732832   0.002000   0.956000
 Curr       479        0      479  Conv   -1   1.20E-07   0.002000   0.958000
 Curr       480        0      480          0 724.503842   0.002000   0.958000
 Curr       480        0      480  Conv   -1   1.36E-07   0.002000   0.960000
 Curr       481        0      481          0 360.571837   0.002000   0.960000
 Curr       481        0      481  Conv   -1   1.68E-07   0.002000   0.962000
 Curr       482        0      482          0 636.165498   0.002000   0.962000
 Curr       482        0      482  Conv   -1   1.89E-07   0.002000   0.964000
 Curr       483        0      483          0 344.410830   0.002000   0.964000
 Curr       483        0      483         -1   8.517409   0.002000   0.964000
 Curr       483        0      483  Conv   -2   0.415321   0.002000   0.966000
 Curr       484        0      484          0 627.856484   0.002000   0.966000
 Curr       484        0      484  Conv   -1   3.61E-08   0.002000   0.968000
 Curr       485        0      485          0 584.869400   0.002000   0.968000
 Curr       485        0      485  Conv   -1   3.71E-08   0.002000   0.970000
 Curr       486        0      486          0 760.256727   0.002000   0.970000
 Curr       486        0      486  Conv   -1   1.96E-08   0.002000   0.972000
 Curr       487        0      487          0 578.067278   0.002000   0.972000
 Curr       487        0      487  Conv   -1   5.24E-08   0.002000   0.974000
 Curr       488        0      488          0 742.324419   0.002000   0.974000
 Curr       488        0      488  Conv   -1   6.51E-08   0.002000   0.976000
 Curr       489        0      489          0 616.347811   0.002000   0.976000
 Curr       489        0      489  Conv   -1   8.15E-08   0.002000   0.978000
 Curr       490        0      490          0 719.735211   0.002000   0.978000
 Curr       490        0      490  Conv   -1   9.75E-08   0.002000   0.980000
 Curr       491        0      491          0 695.375842   0.002000   0.980000
 Curr       491        0      491         -1  27.831947   0.002000   0.980000
 Curr       491        0      491  Conv   -2   2.36E-09   0.002000   0.982000
 Curr       492        0      492          0 665.954659   0.002000   0.982000
 Curr       492        0      492  Conv   -1   0.091520   0.002000   0.984000
 Curr       493        0      493          0 745.410719   0.002000   0.984000
 Curr       493        0      493  Conv   -1   1.91E-10   0.002000   0.986000
 Curr       494        0      494          0 674.480243   0.002000   0.986000
 Curr       494        0      494  Conv   -1   1.12E-08   0.002000   0.988000
 Curr       495        0      495          0 792.160114   0.002000   0.988000
 Curr       495        0      495  Conv   -1   2.10E-08   0.002000   0.990000
 Curr       496        0      496          0 680.388155   0.002000   0.990000
 Curr       496        0      496  Conv   -1   3.09E-08   0.002000   0.992000
 Curr       497        0      497          0 845.494005   0.002000   0.992000
 Curr       497        0      497  Conv   -1   5.68E-08   0.002000   0.994000
 Curr       498        0      498          0 691.816390   0.002000   0.994000
 Curr       498        0      498  Conv   -1   4.70E-08   0.002000   0.996000
 Curr       499        0      499          0 902.695070   0.002000   0.996000
 Curr       499        0      499  Conv   -1   5.23E-08   0.002000   0.998000
 Curr       500        0      500          0 711.375957   0.002000   0.998000
 Curr       500        0      500  Conv   -1   5.94E-08   0.002000   1.000000
 Curr       501        0      501          0 779.529542   0.002000   1.000000
 Curr       501        0      501  Conv   -1   6.37E-08   0.002000   1.002000

 TOTAL NUMBER OF CONVERGED STEPS SAVED     =         501
 TOTAL NUMBER OF CONVERGED STEPS NOT SAVED =           0
 TOTAL NUMBER OF NULL STEPS                =           0
                                               ----------
 TOTAL NUMBER OF ALL STEPS                 =         501

 TOTAL NUMBER OF ITERATIONS CONVERGED      =         526
 TOTAL NUMBER OF ITERATIONS DISCARDED      =           0
 FOR CONVERGED STEPS ONLY:
 AVERAGE NUMBER OF ITERATIONS PER STEP     =        1.05
 MAXIMUM NUMBER OF ITERATIONS PER STEP     =           3

 NUMBER OF STIFFNESS FORMATIONS/SOLUTIONS  =          23
 NUMBER OF DISPLACEMENT SOLUTIONS          =         526
 NUMBER OF STATE UPDATES                   =        1027
 NUMBER OF EVENTS TOTAL                    =           0

 TIME FOR CONTROLLING ANALYSIS             =        0.04
 TIME FOR CALCULATING LOADS                =        0.00
 TIME FOR UPDATING STATE                   =        0.25
 TIME FOR FORMING STIFFNESS MATRIX         =        0.00
 TIME FOR SOLVING STIFFNESS MATRIX         =        0.21
 TIME FOR CALCULATING DISPLACEMENTS        =        0.05
 TIME FOR DETERMINING EVENTS               =        0.00
 TIME FOR SAVING RESULTS                   =        0.10
                                               ----------
 TOTAL TIME FOR THIS ANALYSIS              =        0.65


 A N A L Y S I S   C O M P L E T E                          2023/06/19  11:48:45
